{"/home/runner/work/DevSkyy/DevSkyy/src/collections/BlackRoseExperience.ts": {"path":"/home/runner/work/DevSkyy/DevSkyy/src/collections/BlackRoseExperience.ts","statementMap":{"0":{"start":{"line":17,"column":0},"end":{"line":17,"column":31}},"1":{"start":{"line":18,"column":0},"end":{"line":18,"column":77}},"2":{"start":{"line":19,"column":0},"end":{"line":19,"column":85}},"3":{"start":{"line":20,"column":0},"end":{"line":20,"column":77}},"4":{"start":{"line":21,"column":0},"end":{"line":21,"column":87}},"5":{"start":{"line":22,"column":0},"end":{"line":22,"column":44}},"6":{"start":{"line":65,"column":21},"end":{"line":72,"column":2}},"7":{"start":{"line":74,"column":50},"end":{"line":83,"column":2}},"8":{"start":{"line":99,"column":44},"end":{"line":99,"column":48}},"9":{"start":{"line":102,"column":49},"end":{"line":102,"column":58}},"10":{"start":{"line":103,"column":37},"end":{"line":103,"column":39}},"11":{"start":{"line":104,"column":34},"end":{"line":104,"column":36}},"12":{"start":{"line":105,"column":52},"end":{"line":105,"column":61}},"13":{"start":{"line":108,"column":39},"end":{"line":108,"column":43}},"14":{"start":{"line":112,"column":42},"end":{"line":112,"column":46}},"15":{"start":{"line":115,"column":55},"end":{"line":115,"column":59}},"16":{"start":{"line":116,"column":49},"end":{"line":116,"column":53}},"17":{"start":{"line":117,"column":76},"end":{"line":117,"column":80}},"18":{"start":{"line":120,"column":4},"end":{"line":120,"column":52}},"19":{"start":{"line":121,"column":4},"end":{"line":121,"column":31}},"20":{"start":{"line":122,"column":4},"end":{"line":122,"column":51}},"21":{"start":{"line":123,"column":4},"end":{"line":123,"column":35}},"22":{"start":{"line":124,"column":4},"end":{"line":124,"column":43}},"23":{"start":{"line":125,"column":4},"end":{"line":125,"column":37}},"24":{"start":{"line":128,"column":4},"end":{"line":128,"column":36}},"25":{"start":{"line":129,"column":4},"end":{"line":129,"column":42}},"26":{"start":{"line":130,"column":4},"end":{"line":130,"column":38}},"27":{"start":{"line":131,"column":4},"end":{"line":131,"column":42}},"28":{"start":{"line":133,"column":4},"end":{"line":135,"column":5}},"29":{"start":{"line":134,"column":6},"end":{"line":134,"column":33}},"30":{"start":{"line":137,"column":4},"end":{"line":137,"column":28}},"31":{"start":{"line":138,"column":4},"end":{"line":138,"column":25}},"32":{"start":{"line":139,"column":4},"end":{"line":139,"column":31}},"33":{"start":{"line":141,"column":4},"end":{"line":141,"column":58}},"34":{"start":{"line":145,"column":18},"end":{"line":145,"column":35}},"35":{"start":{"line":146,"column":4},"end":{"line":146,"column":68}},"36":{"start":{"line":147,"column":4},"end":{"line":147,"column":80}},"37":{"start":{"line":148,"column":4},"end":{"line":148,"column":17}},"38":{"start":{"line":152,"column":21},"end":{"line":152,"column":78}},"39":{"start":{"line":153,"column":4},"end":{"line":153,"column":78}},"40":{"start":{"line":154,"column":4},"end":{"line":154,"column":65}},"41":{"start":{"line":155,"column":4},"end":{"line":155,"column":38}},"42":{"start":{"line":156,"column":4},"end":{"line":156,"column":53}},"43":{"start":{"line":157,"column":4},"end":{"line":157,"column":55}},"44":{"start":{"line":158,"column":4},"end":{"line":158,"column":39}},"45":{"start":{"line":159,"column":4},"end":{"line":159,"column":52}},"46":{"start":{"line":160,"column":4},"end":{"line":160,"column":20}},"47":{"start":{"line":164,"column":19},"end":{"line":164,"column":75}},"48":{"start":{"line":165,"column":19},"end":{"line":165,"column":68}},"49":{"start":{"line":166,"column":4},"end":{"line":166,"column":34}},"50":{"start":{"line":167,"column":4},"end":{"line":167,"column":18}},"51":{"start":{"line":171,"column":21},"end":{"line":171,"column":77}},"52":{"start":{"line":172,"column":4},"end":{"line":172,"column":34}},"53":{"start":{"line":173,"column":4},"end":{"line":173,"column":34}},"54":{"start":{"line":174,"column":4},"end":{"line":174,"column":43}},"55":{"start":{"line":175,"column":4},"end":{"line":175,"column":29}},"56":{"start":{"line":176,"column":4},"end":{"line":176,"column":30}},"57":{"start":{"line":177,"column":4},"end":{"line":177,"column":33}},"58":{"start":{"line":178,"column":4},"end":{"line":178,"column":20}},"59":{"start":{"line":182,"column":4},"end":{"line":182,"column":54}},"60":{"start":{"line":183,"column":4},"end":{"line":183,"column":67}},"61":{"start":{"line":185,"column":22},"end":{"line":189,"column":null}},"62":{"start":{"line":191,"column":4},"end":{"line":191,"column":37}},"63":{"start":{"line":196,"column":25},"end":{"line":196,"column":55}},"64":{"start":{"line":197,"column":25},"end":{"line":201,"column":6}},"65":{"start":{"line":202,"column":17},"end":{"line":202,"column":59}},"66":{"start":{"line":203,"column":4},"end":{"line":203,"column":35}},"67":{"start":{"line":204,"column":4},"end":{"line":204,"column":30}},"68":{"start":{"line":205,"column":4},"end":{"line":205,"column":25}},"69":{"start":{"line":208,"column":27},"end":{"line":208,"column":58}},"70":{"start":{"line":209,"column":27},"end":{"line":212,"column":6}},"71":{"start":{"line":213,"column":19},"end":{"line":213,"column":65}},"72":{"start":{"line":214,"column":4},"end":{"line":214,"column":37}},"73":{"start":{"line":215,"column":4},"end":{"line":215,"column":30}},"74":{"start":{"line":216,"column":4},"end":{"line":216,"column":32}},"75":{"start":{"line":217,"column":4},"end":{"line":217,"column":27}},"76":{"start":{"line":220,"column":4},"end":{"line":220,"column":32}},"77":{"start":{"line":225,"column":22},"end":{"line":227,"column":null}},"78":{"start":{"line":229,"column":4},"end":{"line":229,"column":41}},"79":{"start":{"line":230,"column":4},"end":{"line":230,"column":32}},"80":{"start":{"line":231,"column":4},"end":{"line":231,"column":42}},"81":{"start":{"line":232,"column":4},"end":{"line":232,"column":43}},"82":{"start":{"line":233,"column":4},"end":{"line":233,"column":39}},"83":{"start":{"line":234,"column":4},"end":{"line":234,"column":37}},"84":{"start":{"line":235,"column":4},"end":{"line":235,"column":30}},"85":{"start":{"line":238,"column":20},"end":{"line":238,"column":57}},"86":{"start":{"line":239,"column":4},"end":{"line":239,"column":28}},"87":{"start":{"line":242,"column":21},"end":{"line":242,"column":73}},"88":{"start":{"line":243,"column":4},"end":{"line":243,"column":37}},"89":{"start":{"line":244,"column":4},"end":{"line":244,"column":29}},"90":{"start":{"line":248,"column":26},"end":{"line":248,"column":60}},"91":{"start":{"line":249,"column":26},"end":{"line":256,"column":6}},"92":{"start":{"line":258,"column":4},"end":{"line":277,"column":5}},"93":{"start":{"line":258,"column":17},"end":{"line":258,"column":18}},"94":{"start":{"line":259,"column":20},"end":{"line":259,"column":72}},"95":{"start":{"line":260,"column":6},"end":{"line":264,"column":8}},"96":{"start":{"line":265,"column":6},"end":{"line":269,"column":8}},"97":{"start":{"line":270,"column":6},"end":{"line":274,"column":8}},"98":{"start":{"line":275,"column":6},"end":{"line":275,"column":28}},"99":{"start":{"line":276,"column":6},"end":{"line":276,"column":30}},"100":{"start":{"line":281,"column":4},"end":{"line":281,"column":78}},"101":{"start":{"line":282,"column":4},"end":{"line":282,"column":70}},"102":{"start":{"line":283,"column":4},"end":{"line":283,"column":64}},"103":{"start":{"line":287,"column":17},"end":{"line":287,"column":55}},"104":{"start":{"line":288,"column":4},"end":{"line":288,"column":70}},"105":{"start":{"line":289,"column":4},"end":{"line":289,"column":71}},"106":{"start":{"line":290,"column":4},"end":{"line":290,"column":22}},"107":{"start":{"line":294,"column":4},"end":{"line":294,"column":58}},"108":{"start":{"line":295,"column":20},"end":{"line":295,"column":56}},"109":{"start":{"line":296,"column":23},"end":{"line":296,"column":69}},"110":{"start":{"line":298,"column":4},"end":{"line":307,"column":5}},"111":{"start":{"line":299,"column":23},"end":{"line":299,"column":36}},"112":{"start":{"line":300,"column":6},"end":{"line":306,"column":7}},"113":{"start":{"line":301,"column":26},"end":{"line":301,"column":61}},"114":{"start":{"line":302,"column":8},"end":{"line":305,"column":9}},"115":{"start":{"line":303,"column":26},"end":{"line":303,"column":56}},"116":{"start":{"line":304,"column":10},"end":{"line":304,"column":52}},"117":{"start":{"line":304,"column":23},"end":{"line":304,"column":52}},"118":{"start":{"line":310,"column":29},"end":{"line":310,"column":65}},"119":{"start":{"line":311,"column":26},"end":{"line":311,"column":81}},"120":{"start":{"line":312,"column":4},"end":{"line":318,"column":5}},"121":{"start":{"line":313,"column":23},"end":{"line":313,"column":39}},"122":{"start":{"line":314,"column":6},"end":{"line":317,"column":7}},"123":{"start":{"line":315,"column":20},"end":{"line":315,"column":86}},"124":{"start":{"line":316,"column":8},"end":{"line":316,"column":39}},"125":{"start":{"line":316,"column":17},"end":{"line":316,"column":39}},"126":{"start":{"line":322,"column":4},"end":{"line":322,"column":58}},"127":{"start":{"line":323,"column":20},"end":{"line":323,"column":56}},"128":{"start":{"line":324,"column":23},"end":{"line":324,"column":69}},"129":{"start":{"line":326,"column":4},"end":{"line":341,"column":5}},"130":{"start":{"line":327,"column":23},"end":{"line":327,"column":36}},"131":{"start":{"line":328,"column":6},"end":{"line":334,"column":7}},"132":{"start":{"line":329,"column":26},"end":{"line":329,"column":61}},"133":{"start":{"line":330,"column":8},"end":{"line":333,"column":9}},"134":{"start":{"line":331,"column":10},"end":{"line":331,"column":42}},"135":{"start":{"line":332,"column":10},"end":{"line":332,"column":50}},"136":{"start":{"line":336,"column":6},"end":{"line":340,"column":7}},"137":{"start":{"line":337,"column":8},"end":{"line":337,"column":35}},"138":{"start":{"line":338,"column":8},"end":{"line":338,"column":48}},"139":{"start":{"line":339,"column":8},"end":{"line":339,"column":59}},"140":{"start":{"line":339,"column":33},"end":{"line":339,"column":59}},"141":{"start":{"line":345,"column":41},"end":{"line":345,"column":44}},"142":{"start":{"line":346,"column":4},"end":{"line":350,"column":5}},"143":{"start":{"line":347,"column":18},"end":{"line":347,"column":69}},"144":{"start":{"line":348,"column":6},"end":{"line":348,"column":26}},"145":{"start":{"line":348,"column":15},"end":{"line":348,"column":26}},"146":{"start":{"line":349,"column":6},"end":{"line":349,"column":31}},"147":{"start":{"line":351,"column":4},"end":{"line":351,"column":16}},"148":{"start":{"line":355,"column":4},"end":{"line":357,"column":5}},"149":{"start":{"line":356,"column":6},"end":{"line":356,"column":80}},"150":{"start":{"line":356,"column":28},"end":{"line":356,"column":80}},"151":{"start":{"line":358,"column":4},"end":{"line":358,"column":16}},"152":{"start":{"line":362,"column":18},"end":{"line":362,"column":44}},"153":{"start":{"line":363,"column":19},"end":{"line":363,"column":46}},"154":{"start":{"line":364,"column":4},"end":{"line":364,"column":40}},"155":{"start":{"line":365,"column":4},"end":{"line":365,"column":41}},"156":{"start":{"line":366,"column":4},"end":{"line":366,"column":41}},"157":{"start":{"line":367,"column":4},"end":{"line":369,"column":5}},"158":{"start":{"line":368,"column":6},"end":{"line":368,"column":43}},"159":{"start":{"line":377,"column":4},"end":{"line":379,"column":5}},"160":{"start":{"line":378,"column":6},"end":{"line":378,"column":41}},"161":{"start":{"line":380,"column":4},"end":{"line":380,"column":59}},"162":{"start":{"line":384,"column":17},"end":{"line":384,"column":34}},"163":{"start":{"line":385,"column":4},"end":{"line":385,"column":55}},"164":{"start":{"line":388,"column":25},"end":{"line":388,"column":62}},"165":{"start":{"line":389,"column":25},"end":{"line":392,"column":6}},"166":{"start":{"line":393,"column":17},"end":{"line":393,"column":59}},"167":{"start":{"line":394,"column":4},"end":{"line":394,"column":23}},"168":{"start":{"line":395,"column":4},"end":{"line":395,"column":19}},"169":{"start":{"line":398,"column":22},"end":{"line":398,"column":55}},"170":{"start":{"line":399,"column":4},"end":{"line":408,"column":5}},"171":{"start":{"line":399,"column":17},"end":{"line":399,"column":18}},"172":{"start":{"line":400,"column":19},"end":{"line":400,"column":77}},"173":{"start":{"line":401,"column":6},"end":{"line":405,"column":8}},"174":{"start":{"line":406,"column":6},"end":{"line":406,"column":55}},"175":{"start":{"line":407,"column":6},"end":{"line":407,"column":21}},"176":{"start":{"line":411,"column":23},"end":{"line":411,"column":59}},"177":{"start":{"line":412,"column":4},"end":{"line":412,"column":39}},"178":{"start":{"line":413,"column":4},"end":{"line":413,"column":36}},"179":{"start":{"line":414,"column":4},"end":{"line":414,"column":25}},"180":{"start":{"line":416,"column":4},"end":{"line":416,"column":43}},"181":{"start":{"line":417,"column":4},"end":{"line":417,"column":27}},"182":{"start":{"line":418,"column":4},"end":{"line":418,"column":25}},"183":{"start":{"line":419,"column":4},"end":{"line":419,"column":42}},"184":{"start":{"line":421,"column":4},"end":{"line":424,"column":5}},"185":{"start":{"line":422,"column":6},"end":{"line":422,"column":67}},"186":{"start":{"line":423,"column":6},"end":{"line":423,"column":44}},"187":{"start":{"line":428,"column":17},"end":{"line":428,"column":34}},"188":{"start":{"line":429,"column":23},"end":{"line":429,"column":24}},"189":{"start":{"line":430,"column":26},"end":{"line":430,"column":61}},"190":{"start":{"line":431,"column":26},"end":{"line":435,"column":6}},"191":{"start":{"line":437,"column":4},"end":{"line":445,"column":5}},"192":{"start":{"line":437,"column":17},"end":{"line":437,"column":18}},"193":{"start":{"line":438,"column":20},"end":{"line":438,"column":64}},"194":{"start":{"line":439,"column":20},"end":{"line":439,"column":50}},"195":{"start":{"line":440,"column":21},"end":{"line":440,"column":24}},"196":{"start":{"line":441,"column":6},"end":{"line":441,"column":80}},"197":{"start":{"line":442,"column":6},"end":{"line":442,"column":37}},"198":{"start":{"line":443,"column":6},"end":{"line":443,"column":31}},"199":{"start":{"line":444,"column":6},"end":{"line":444,"column":22}},"200":{"start":{"line":448,"column":27},"end":{"line":448,"column":62}},"201":{"start":{"line":449,"column":27},"end":{"line":455,"column":6}},"202":{"start":{"line":456,"column":19},"end":{"line":456,"column":65}},"203":{"start":{"line":457,"column":4},"end":{"line":457,"column":21}},"204":{"start":{"line":459,"column":4},"end":{"line":459,"column":16}},"205":{"start":{"line":463,"column":18},"end":{"line":463,"column":35}},"206":{"start":{"line":466,"column":26},"end":{"line":466,"column":74}},"207":{"start":{"line":467,"column":26},"end":{"line":471,"column":6}},"208":{"start":{"line":472,"column":18},"end":{"line":472,"column":62}},"209":{"start":{"line":473,"column":4},"end":{"line":473,"column":35}},"210":{"start":{"line":474,"column":4},"end":{"line":474,"column":25}},"211":{"start":{"line":475,"column":4},"end":{"line":475,"column":21}},"212":{"start":{"line":478,"column":27},"end":{"line":478,"column":71}},"213":{"start":{"line":479,"column":23},"end":{"line":479,"column":68}},"214":{"start":{"line":480,"column":4},"end":{"line":480,"column":40}},"215":{"start":{"line":481,"column":4},"end":{"line":481,"column":26}},"216":{"start":{"line":483,"column":24},"end":{"line":483,"column":69}},"217":{"start":{"line":484,"column":4},"end":{"line":484,"column":40}},"218":{"start":{"line":485,"column":4},"end":{"line":485,"column":27}},"219":{"start":{"line":487,"column":4},"end":{"line":487,"column":36}},"220":{"start":{"line":488,"column":4},"end":{"line":488,"column":81}},"221":{"start":{"line":489,"column":4},"end":{"line":489,"column":26}},"222":{"start":{"line":490,"column":4},"end":{"line":490,"column":28}},"223":{"start":{"line":494,"column":4},"end":{"line":494,"column":34}},"224":{"start":{"line":498,"column":4},"end":{"line":498,"column":31}},"225":{"start":{"line":502,"column":4},"end":{"line":502,"column":34}},"226":{"start":{"line":506,"column":4},"end":{"line":511,"column":5}},"227":{"start":{"line":507,"column":49},"end":{"line":507,"column":63}},"228":{"start":{"line":508,"column":6},"end":{"line":508,"column":68}},"229":{"start":{"line":509,"column":6},"end":{"line":509,"column":40}},"230":{"start":{"line":510,"column":6},"end":{"line":510,"column":46}},"231":{"start":{"line":515,"column":20},"end":{"line":526,"column":5}},"232":{"start":{"line":516,"column":6},"end":{"line":516,"column":56}},"233":{"start":{"line":517,"column":22},"end":{"line":517,"column":49}},"234":{"start":{"line":518,"column":6},"end":{"line":518,"column":34}},"235":{"start":{"line":519,"column":6},"end":{"line":519,"column":29}},"236":{"start":{"line":521,"column":6},"end":{"line":525,"column":7}},"237":{"start":{"line":522,"column":8},"end":{"line":522,"column":31}},"238":{"start":{"line":524,"column":8},"end":{"line":524,"column":54}},"239":{"start":{"line":527,"column":4},"end":{"line":527,"column":14}},"240":{"start":{"line":528,"column":4},"end":{"line":528,"column":42}},"241":{"start":{"line":532,"column":4},"end":{"line":535,"column":5}},"242":{"start":{"line":533,"column":6},"end":{"line":533,"column":45}},"243":{"start":{"line":534,"column":6},"end":{"line":534,"column":30}},"244":{"start":{"line":539,"column":4},"end":{"line":539,"column":16}},"245":{"start":{"line":540,"column":4},"end":{"line":540,"column":67}},"246":{"start":{"line":541,"column":4},"end":{"line":541,"column":63}},"247":{"start":{"line":541,"column":38},"end":{"line":541,"column":61}},"248":{"start":{"line":542,"column":4},"end":{"line":542,"column":61}},"249":{"start":{"line":542,"column":35},"end":{"line":542,"column":59}},"250":{"start":{"line":543,"column":4},"end":{"line":543,"column":61}},"251":{"start":{"line":543,"column":35},"end":{"line":543,"column":59}},"252":{"start":{"line":544,"column":4},"end":{"line":544,"column":28}},"253":{"start":{"line":545,"column":4},"end":{"line":545,"column":47}},"254":{"start":{"line":545,"column":23},"end":{"line":545,"column":47}},"255":{"start":{"line":546,"column":4},"end":{"line":546,"column":55}},"256":{"start":{"line":549,"column":35},"end":{"line":549,"column":53}},"257":{"start":{"line":550,"column":48},"end":{"line":550,"column":67}},"258":{"start":{"line":551,"column":46},"end":{"line":551,"column":67}},"259":{"start":{"line":89,"column":0},"end":{"line":89,"column":13}},"260":{"start":{"line":554,"column":0},"end":{"line":554,"column":35}}},"fnMap":{"0":{"name":"(anonymous_9)","decl":{"start":{"line":119,"column":2},"end":{"line":119,"column":14}},"loc":{"start":{"line":119,"column":66},"end":{"line":142,"column":3}}},"1":{"name":"(anonymous_10)","decl":{"start":{"line":144,"column":10},"end":{"line":144,"column":21}},"loc":{"start":{"line":144,"column":21},"end":{"line":149,"column":3}}},"2":{"name":"(anonymous_11)","decl":{"start":{"line":151,"column":10},"end":{"line":151,"column":24}},"loc":{"start":{"line":151,"column":24},"end":{"line":161,"column":3}}},"3":{"name":"(anonymous_12)","decl":{"start":{"line":163,"column":10},"end":{"line":163,"column":22}},"loc":{"start":{"line":163,"column":22},"end":{"line":168,"column":3}}},"4":{"name":"(anonymous_13)","decl":{"start":{"line":170,"column":10},"end":{"line":170,"column":24}},"loc":{"start":{"line":170,"column":24},"end":{"line":179,"column":3}}},"5":{"name":"(anonymous_14)","decl":{"start":{"line":181,"column":10},"end":{"line":181,"column":29}},"loc":{"start":{"line":181,"column":29},"end":{"line":192,"column":3}}},"6":{"name":"(anonymous_15)","decl":{"start":{"line":194,"column":10},"end":{"line":194,"column":26}},"loc":{"start":{"line":194,"column":26},"end":{"line":221,"column":3}}},"7":{"name":"(anonymous_16)","decl":{"start":{"line":223,"column":10},"end":{"line":223,"column":23}},"loc":{"start":{"line":223,"column":23},"end":{"line":245,"column":3}}},"8":{"name":"(anonymous_17)","decl":{"start":{"line":247,"column":10},"end":{"line":247,"column":30}},"loc":{"start":{"line":247,"column":30},"end":{"line":278,"column":3}}},"9":{"name":"(anonymous_18)","decl":{"start":{"line":280,"column":10},"end":{"line":280,"column":29}},"loc":{"start":{"line":280,"column":29},"end":{"line":284,"column":3}}},"10":{"name":"(anonymous_19)","decl":{"start":{"line":286,"column":10},"end":{"line":286,"column":21}},"loc":{"start":{"line":286,"column":39},"end":{"line":291,"column":3}}},"11":{"name":"(anonymous_20)","decl":{"start":{"line":293,"column":10},"end":{"line":293,"column":17}},"loc":{"start":{"line":293,"column":36},"end":{"line":319,"column":3}}},"12":{"name":"(anonymous_21)","decl":{"start":{"line":321,"column":10},"end":{"line":321,"column":20}},"loc":{"start":{"line":321,"column":20},"end":{"line":342,"column":3}}},"13":{"name":"(anonymous_22)","decl":{"start":{"line":344,"column":10},"end":{"line":344,"column":23}},"loc":{"start":{"line":344,"column":43},"end":{"line":352,"column":3}}},"14":{"name":"(anonymous_23)","decl":{"start":{"line":354,"column":10},"end":{"line":354,"column":24}},"loc":{"start":{"line":354,"column":35},"end":{"line":359,"column":3}}},"15":{"name":"(anonymous_24)","decl":{"start":{"line":361,"column":10},"end":{"line":361,"column":18}},"loc":{"start":{"line":361,"column":18},"end":{"line":370,"column":3}}},"16":{"name":"(anonymous_25)","decl":{"start":{"line":376,"column":9},"end":{"line":376,"column":14}},"loc":{"start":{"line":376,"column":56},"end":{"line":381,"column":3}}},"17":{"name":"(anonymous_26)","decl":{"start":{"line":383,"column":10},"end":{"line":383,"column":15}},"loc":{"start":{"line":383,"column":56},"end":{"line":425,"column":3}}},"18":{"name":"(anonymous_27)","decl":{"start":{"line":427,"column":10},"end":{"line":427,"column":20}},"loc":{"start":{"line":427,"column":34},"end":{"line":460,"column":3}}},"19":{"name":"(anonymous_28)","decl":{"start":{"line":462,"column":9},"end":{"line":462,"column":20}},"loc":{"start":{"line":462,"column":90},"end":{"line":491,"column":3}}},"20":{"name":"(anonymous_29)","decl":{"start":{"line":493,"column":9},"end":{"line":493,"column":26}},"loc":{"start":{"line":493,"column":55},"end":{"line":495,"column":3}}},"21":{"name":"(anonymous_30)","decl":{"start":{"line":497,"column":9},"end":{"line":497,"column":23}},"loc":{"start":{"line":497,"column":49},"end":{"line":499,"column":3}}},"22":{"name":"(anonymous_31)","decl":{"start":{"line":501,"column":9},"end":{"line":501,"column":26}},"loc":{"start":{"line":501,"column":74},"end":{"line":503,"column":3}}},"23":{"name":"(anonymous_32)","decl":{"start":{"line":505,"column":10},"end":{"line":505,"column":23}},"loc":{"start":{"line":505,"column":39},"end":{"line":512,"column":3}}},"24":{"name":"(anonymous_33)","decl":{"start":{"line":514,"column":9},"end":{"line":514,"column":14}},"loc":{"start":{"line":514,"column":14},"end":{"line":529,"column":3}}},"25":{"name":"(anonymous_34)","decl":{"start":{"line":515,"column":20},"end":{"line":515,"column":29}},"loc":{"start":{"line":515,"column":31},"end":{"line":526,"column":5}}},"26":{"name":"(anonymous_35)","decl":{"start":{"line":531,"column":9},"end":{"line":531,"column":13}},"loc":{"start":{"line":531,"column":13},"end":{"line":536,"column":3}}},"27":{"name":"(anonymous_36)","decl":{"start":{"line":538,"column":9},"end":{"line":538,"column":16}},"loc":{"start":{"line":538,"column":16},"end":{"line":547,"column":3}}},"28":{"name":"(anonymous_37)","decl":{"start":{"line":541,"column":28},"end":{"line":541,"column":29}},"loc":{"start":{"line":541,"column":38},"end":{"line":541,"column":61}}},"29":{"name":"(anonymous_38)","decl":{"start":{"line":542,"column":24},"end":{"line":542,"column":25}},"loc":{"start":{"line":542,"column":35},"end":{"line":542,"column":59}}},"30":{"name":"(anonymous_39)","decl":{"start":{"line":543,"column":24},"end":{"line":543,"column":25}},"loc":{"start":{"line":543,"column":35},"end":{"line":543,"column":59}}},"31":{"name":"(anonymous_40)","decl":{"start":{"line":549,"column":9},"end":{"line":549,"column":17}},"loc":{"start":{"line":549,"column":17},"end":{"line":549,"column":55}}},"32":{"name":"(anonymous_41)","decl":{"start":{"line":550,"column":9},"end":{"line":550,"column":18}},"loc":{"start":{"line":550,"column":18},"end":{"line":550,"column":69}}},"33":{"name":"(anonymous_42)","decl":{"start":{"line":551,"column":9},"end":{"line":551,"column":20}},"loc":{"start":{"line":551,"column":20},"end":{"line":551,"column":69}}}},"branchMap":{"0":{"loc":{"start":{"line":119,"column":38},"end":{"line":119,"column":66}},"type":"default-arg","locations":[{"start":{"line":119,"column":64},"end":{"line":119,"column":66}}]},"1":{"loc":{"start":{"line":133,"column":4},"end":{"line":135,"column":5}},"type":"if","locations":[{"start":{"line":133,"column":4},"end":{"line":135,"column":5}},{"start":{},"end":{}}]},"2":{"loc":{"start":{"line":298,"column":4},"end":{"line":307,"column":5}},"type":"if","locations":[{"start":{"line":298,"column":4},"end":{"line":307,"column":5}},{"start":{},"end":{}}]},"3":{"loc":{"start":{"line":300,"column":6},"end":{"line":306,"column":7}},"type":"if","locations":[{"start":{"line":300,"column":6},"end":{"line":306,"column":7}},{"start":{},"end":{}}]},"4":{"loc":{"start":{"line":300,"column":10},"end":{"line":300,"column":37}},"type":"binary-expr","locations":[{"start":{"line":300,"column":10},"end":{"line":300,"column":18}},{"start":{"line":300,"column":22},"end":{"line":300,"column":37}}]},"5":{"loc":{"start":{"line":302,"column":8},"end":{"line":305,"column":9}},"type":"if","locations":[{"start":{"line":302,"column":8},"end":{"line":305,"column":9}},{"start":{},"end":{}}]},"6":{"loc":{"start":{"line":302,"column":12},"end":{"line":302,"column":44}},"type":"binary-expr","locations":[{"start":{"line":302,"column":12},"end":{"line":302,"column":21}},{"start":{"line":302,"column":25},"end":{"line":302,"column":44}}]},"7":{"loc":{"start":{"line":304,"column":10},"end":{"line":304,"column":52}},"type":"if","locations":[{"start":{"line":304,"column":10},"end":{"line":304,"column":52}},{"start":{},"end":{}}]},"8":{"loc":{"start":{"line":312,"column":4},"end":{"line":318,"column":5}},"type":"if","locations":[{"start":{"line":312,"column":4},"end":{"line":318,"column":5}},{"start":{},"end":{}}]},"9":{"loc":{"start":{"line":312,"column":8},"end":{"line":312,"column":52}},"type":"binary-expr","locations":[{"start":{"line":312,"column":8},"end":{"line":312,"column":32}},{"start":{"line":312,"column":36},"end":{"line":312,"column":52}}]},"10":{"loc":{"start":{"line":314,"column":6},"end":{"line":317,"column":7}},"type":"if","locations":[{"start":{"line":314,"column":6},"end":{"line":317,"column":7}},{"start":{},"end":{}}]},"11":{"loc":{"start":{"line":314,"column":10},"end":{"line":314,"column":37}},"type":"binary-expr","locations":[{"start":{"line":314,"column":10},"end":{"line":314,"column":18}},{"start":{"line":314,"column":22},"end":{"line":314,"column":37}}]},"12":{"loc":{"start":{"line":316,"column":8},"end":{"line":316,"column":39}},"type":"if","locations":[{"start":{"line":316,"column":8},"end":{"line":316,"column":39}},{"start":{},"end":{}}]},"13":{"loc":{"start":{"line":326,"column":4},"end":{"line":341,"column":5}},"type":"if","locations":[{"start":{"line":326,"column":4},"end":{"line":341,"column":5}},{"start":{"line":335,"column":11},"end":{"line":341,"column":5}}]},"14":{"loc":{"start":{"line":328,"column":6},"end":{"line":334,"column":7}},"type":"if","locations":[{"start":{"line":328,"column":6},"end":{"line":334,"column":7}},{"start":{},"end":{}}]},"15":{"loc":{"start":{"line":328,"column":10},"end":{"line":328,"column":37}},"type":"binary-expr","locations":[{"start":{"line":328,"column":10},"end":{"line":328,"column":18}},{"start":{"line":328,"column":22},"end":{"line":328,"column":37}}]},"16":{"loc":{"start":{"line":330,"column":8},"end":{"line":333,"column":9}},"type":"if","locations":[{"start":{"line":330,"column":8},"end":{"line":333,"column":9}},{"start":{},"end":{}}]},"17":{"loc":{"start":{"line":336,"column":6},"end":{"line":340,"column":7}},"type":"if","locations":[{"start":{"line":336,"column":6},"end":{"line":340,"column":7}},{"start":{},"end":{}}]},"18":{"loc":{"start":{"line":339,"column":8},"end":{"line":339,"column":59}},"type":"if","locations":[{"start":{"line":339,"column":8},"end":{"line":339,"column":59}},{"start":{},"end":{}}]},"19":{"loc":{"start":{"line":348,"column":6},"end":{"line":348,"column":26}},"type":"if","locations":[{"start":{"line":348,"column":6},"end":{"line":348,"column":26}},{"start":{},"end":{}}]},"20":{"loc":{"start":{"line":356,"column":6},"end":{"line":356,"column":80}},"type":"if","locations":[{"start":{"line":356,"column":6},"end":{"line":356,"column":80}},{"start":{},"end":{}}]},"21":{"loc":{"start":{"line":367,"column":4},"end":{"line":369,"column":5}},"type":"if","locations":[{"start":{"line":367,"column":4},"end":{"line":369,"column":5}},{"start":{},"end":{}}]},"22":{"loc":{"start":{"line":400,"column":35},"end":{"line":400,"column":76}},"type":"cond-expr","locations":[{"start":{"line":400,"column":57},"end":{"line":400,"column":65}},{"start":{"line":400,"column":68},"end":{"line":400,"column":76}}]},"23":{"loc":{"start":{"line":421,"column":4},"end":{"line":424,"column":5}},"type":"if","locations":[{"start":{"line":421,"column":4},"end":{"line":424,"column":5}},{"start":{},"end":{}}]},"24":{"loc":{"start":{"line":521,"column":6},"end":{"line":525,"column":7}},"type":"if","locations":[{"start":{"line":521,"column":6},"end":{"line":525,"column":7}},{"start":{"line":523,"column":13},"end":{"line":525,"column":7}}]},"25":{"loc":{"start":{"line":532,"column":4},"end":{"line":535,"column":5}},"type":"if","locations":[{"start":{"line":532,"column":4},"end":{"line":535,"column":5}},{"start":{},"end":{}}]},"26":{"loc":{"start":{"line":545,"column":4},"end":{"line":545,"column":47}},"type":"if","locations":[{"start":{"line":545,"column":4},"end":{"line":545,"column":47}},{"start":{},"end":{}}]}},"s":{"0":0,"1":0,"2":0,"3":0,"4":0,"5":0,"6":0,"7":0,"8":0,"9":0,"10":0,"11":0,"12":0,"13":0,"14":0,"15":0,"16":0,"17":0,"18":0,"19":0,"20":0,"21":0,"22":0,"23":0,"24":0,"25":0,"26":0,"27":0,"28":0,"29":0,"30":0,"31":0,"32":0,"33":0,"34":0,"35":0,"36":0,"37":0,"38":0,"39":0,"40":0,"41":0,"42":0,"43":0,"44":0,"45":0,"46":0,"47":0,"48":0,"49":0,"50":0,"51":0,"52":0,"53":0,"54":0,"55":0,"56":0,"57":0,"58":0,"59":0,"60":0,"61":0,"62":0,"63":0,"64":0,"65":0,"66":0,"67":0,"68":0,"69":0,"70":0,"71":0,"72":0,"73":0,"74":0,"75":0,"76":0,"77":0,"78":0,"79":0,"80":0,"81":0,"82":0,"83":0,"84":0,"85":0,"86":0,"87":0,"88":0,"89":0,"90":0,"91":0,"92":0,"93":0,"94":0,"95":0,"96":0,"97":0,"98":0,"99":0,"100":0,"101":0,"102":0,"103":0,"104":0,"105":0,"106":0,"107":0,"108":0,"109":0,"110":0,"111":0,"112":0,"113":0,"114":0,"115":0,"116":0,"117":0,"118":0,"119":0,"120":0,"121":0,"122":0,"123":0,"124":0,"125":0,"126":0,"127":0,"128":0,"129":0,"130":0,"131":0,"132":0,"133":0,"134":0,"135":0,"136":0,"137":0,"138":0,"139":0,"140":0,"141":0,"142":0,"143":0,"144":0,"145":0,"146":0,"147":0,"148":0,"149":0,"150":0,"151":0,"152":0,"153":0,"154":0,"155":0,"156":0,"157":0,"158":0,"159":0,"160":0,"161":0,"162":0,"163":0,"164":0,"165":0,"166":0,"167":0,"168":0,"169":0,"170":0,"171":0,"172":0,"173":0,"174":0,"175":0,"176":0,"177":0,"178":0,"179":0,"180":0,"181":0,"182":0,"183":0,"184":0,"185":0,"186":0,"187":0,"188":0,"189":0,"190":0,"191":0,"192":0,"193":0,"194":0,"195":0,"196":0,"197":0,"198":0,"199":0,"200":0,"201":0,"202":0,"203":0,"204":0,"205":0,"206":0,"207":0,"208":0,"209":0,"210":0,"211":0,"212":0,"213":0,"214":0,"215":0,"216":0,"217":0,"218":0,"219":0,"220":0,"221":0,"222":0,"223":0,"224":0,"225":0,"226":0,"227":0,"228":0,"229":0,"230":0,"231":0,"232":0,"233":0,"234":0,"235":0,"236":0,"237":0,"238":0,"239":0,"240":0,"241":0,"242":0,"243":0,"244":0,"245":0,"246":0,"247":0,"248":0,"249":0,"250":0,"251":0,"252":0,"253":0,"254":0,"255":0,"256":0,"257":0,"258":0,"259":0,"260":0},"f":{"0":0,"1":0,"2":0,"3":0,"4":0,"5":0,"6":0,"7":0,"8":0,"9":0,"10":0,"11":0,"12":0,"13":0,"14":0,"15":0,"16":0,"17":0,"18":0,"19":0,"20":0,"21":0,"22":0,"23":0,"24":0,"25":0,"26":0,"27":0,"28":0,"29":0,"30":0,"31":0,"32":0,"33":0},"b":{"0":[0],"1":[0,0],"2":[0,0],"3":[0,0],"4":[0,0],"5":[0,0],"6":[0,0],"7":[0,0],"8":[0,0],"9":[0,0],"10":[0,0],"11":[0,0],"12":[0,0],"13":[0,0],"14":[0,0],"15":[0,0],"16":[0,0],"17":[0,0],"18":[0,0],"19":[0,0],"20":[0,0],"21":[0,0],"22":[0,0],"23":[0,0],"24":[0,0],"25":[0,0],"26":[0,0]}}
,"/home/runner/work/DevSkyy/DevSkyy/src/collections/LoveHurtsExperience.ts": {"path":"/home/runner/work/DevSkyy/DevSkyy/src/collections/LoveHurtsExperience.ts","statementMap":{"0":{"start":{"line":17,"column":0},"end":{"line":17,"column":31}},"1":{"start":{"line":18,"column":0},"end":{"line":18,"column":77}},"2":{"start":{"line":19,"column":0},"end":{"line":19,"column":85}},"3":{"start":{"line":20,"column":0},"end":{"line":20,"column":77}},"4":{"start":{"line":21,"column":0},"end":{"line":21,"column":87}},"5":{"start":{"line":22,"column":0},"end":{"line":22,"column":44}},"6":{"start":{"line":57,"column":21},"end":{"line":66,"column":2}},"7":{"start":{"line":68,"column":50},"end":{"line":76,"column":2}},"8":{"start":{"line":92,"column":44},"end":{"line":92,"column":48}},"9":{"start":{"line":95,"column":46},"end":{"line":95,"column":50}},"10":{"start":{"line":96,"column":41},"end":{"line":96,"column":45}},"11":{"start":{"line":97,"column":46},"end":{"line":97,"column":55}},"12":{"start":{"line":98,"column":39},"end":{"line":98,"column":41}},"13":{"start":{"line":99,"column":54},"end":{"line":99,"column":63}},"14":{"start":{"line":100,"column":43},"end":{"line":100,"column":47}},"15":{"start":{"line":101,"column":40},"end":{"line":101,"column":42}},"16":{"start":{"line":104,"column":39},"end":{"line":104,"column":43}},"17":{"start":{"line":110,"column":61},"end":{"line":110,"column":65}},"18":{"start":{"line":111,"column":53},"end":{"line":111,"column":57}},"19":{"start":{"line":112,"column":59},"end":{"line":112,"column":63}},"20":{"start":{"line":115,"column":4},"end":{"line":115,"column":52}},"21":{"start":{"line":116,"column":4},"end":{"line":116,"column":31}},"22":{"start":{"line":117,"column":4},"end":{"line":117,"column":51}},"23":{"start":{"line":118,"column":4},"end":{"line":118,"column":35}},"24":{"start":{"line":119,"column":4},"end":{"line":119,"column":43}},"25":{"start":{"line":120,"column":4},"end":{"line":120,"column":37}},"26":{"start":{"line":123,"column":4},"end":{"line":123,"column":36}},"27":{"start":{"line":124,"column":4},"end":{"line":124,"column":42}},"28":{"start":{"line":125,"column":4},"end":{"line":125,"column":38}},"29":{"start":{"line":126,"column":4},"end":{"line":126,"column":42}},"30":{"start":{"line":128,"column":4},"end":{"line":130,"column":5}},"31":{"start":{"line":129,"column":6},"end":{"line":129,"column":33}},"32":{"start":{"line":132,"column":4},"end":{"line":132,"column":34}},"33":{"start":{"line":133,"column":4},"end":{"line":133,"column":25}},"34":{"start":{"line":134,"column":4},"end":{"line":134,"column":31}},"35":{"start":{"line":135,"column":4},"end":{"line":135,"column":32}},"36":{"start":{"line":136,"column":4},"end":{"line":136,"column":31}},"37":{"start":{"line":138,"column":4},"end":{"line":138,"column":58}},"38":{"start":{"line":142,"column":18},"end":{"line":142,"column":35}},"39":{"start":{"line":143,"column":4},"end":{"line":143,"column":68}},"40":{"start":{"line":144,"column":4},"end":{"line":144,"column":70}},"41":{"start":{"line":145,"column":4},"end":{"line":145,"column":17}},"42":{"start":{"line":149,"column":21},"end":{"line":149,"column":78}},"43":{"start":{"line":150,"column":4},"end":{"line":150,"column":78}},"44":{"start":{"line":151,"column":4},"end":{"line":151,"column":65}},"45":{"start":{"line":152,"column":4},"end":{"line":152,"column":38}},"46":{"start":{"line":153,"column":4},"end":{"line":153,"column":53}},"47":{"start":{"line":154,"column":4},"end":{"line":154,"column":55}},"48":{"start":{"line":155,"column":4},"end":{"line":155,"column":39}},"49":{"start":{"line":156,"column":4},"end":{"line":156,"column":52}},"50":{"start":{"line":157,"column":4},"end":{"line":157,"column":20}},"51":{"start":{"line":161,"column":19},"end":{"line":161,"column":75}},"52":{"start":{"line":162,"column":19},"end":{"line":162,"column":68}},"53":{"start":{"line":163,"column":4},"end":{"line":163,"column":34}},"54":{"start":{"line":164,"column":4},"end":{"line":164,"column":27}},"55":{"start":{"line":165,"column":4},"end":{"line":165,"column":18}},"56":{"start":{"line":169,"column":21},"end":{"line":169,"column":77}},"57":{"start":{"line":170,"column":4},"end":{"line":170,"column":34}},"58":{"start":{"line":171,"column":4},"end":{"line":171,"column":34}},"59":{"start":{"line":172,"column":4},"end":{"line":172,"column":41}},"60":{"start":{"line":173,"column":4},"end":{"line":173,"column":29}},"61":{"start":{"line":174,"column":4},"end":{"line":174,"column":30}},"62":{"start":{"line":175,"column":4},"end":{"line":175,"column":33}},"63":{"start":{"line":176,"column":4},"end":{"line":176,"column":20}},"64":{"start":{"line":180,"column":4},"end":{"line":180,"column":54}},"65":{"start":{"line":181,"column":4},"end":{"line":181,"column":67}},"66":{"start":{"line":183,"column":22},"end":{"line":187,"column":null}},"67":{"start":{"line":189,"column":4},"end":{"line":189,"column":37}},"68":{"start":{"line":194,"column":26},"end":{"line":194,"column":58}},"69":{"start":{"line":195,"column":26},"end":{"line":199,"column":6}},"70":{"start":{"line":200,"column":18},"end":{"line":200,"column":62}},"71":{"start":{"line":201,"column":4},"end":{"line":201,"column":36}},"72":{"start":{"line":202,"column":4},"end":{"line":202,"column":31}},"73":{"start":{"line":203,"column":4},"end":{"line":203,"column":26}},"74":{"start":{"line":206,"column":26},"end":{"line":206,"column":60}},"75":{"start":{"line":207,"column":26},"end":{"line":211,"column":6}},"76":{"start":{"line":212,"column":18},"end":{"line":212,"column":62}},"77":{"start":{"line":213,"column":4},"end":{"line":213,"column":36}},"78":{"start":{"line":214,"column":4},"end":{"line":214,"column":28}},"79":{"start":{"line":215,"column":4},"end":{"line":215,"column":26}},"80":{"start":{"line":218,"column":25},"end":{"line":218,"column":76}},"81":{"start":{"line":219,"column":25},"end":{"line":223,"column":6}},"82":{"start":{"line":224,"column":18},"end":{"line":224,"column":60}},"83":{"start":{"line":225,"column":4},"end":{"line":225,"column":27}},"84":{"start":{"line":226,"column":4},"end":{"line":226,"column":26}},"85":{"start":{"line":229,"column":4},"end":{"line":229,"column":37}},"86":{"start":{"line":232,"column":4},"end":{"line":232,"column":29}},"87":{"start":{"line":237,"column":20},"end":{"line":237,"column":57}},"88":{"start":{"line":238,"column":4},"end":{"line":238,"column":28}},"89":{"start":{"line":241,"column":28},"end":{"line":244,"column":6}},"90":{"start":{"line":245,"column":4},"end":{"line":255,"column":7}},"91":{"start":{"line":246,"column":21},"end":{"line":250,"column":null}},"92":{"start":{"line":252,"column":6},"end":{"line":252,"column":50}},"93":{"start":{"line":253,"column":6},"end":{"line":253,"column":31}},"94":{"start":{"line":254,"column":6},"end":{"line":254,"column":29}},"95":{"start":{"line":258,"column":21},"end":{"line":258,"column":91}},"96":{"start":{"line":259,"column":4},"end":{"line":259,"column":35}},"97":{"start":{"line":260,"column":4},"end":{"line":260,"column":42}},"98":{"start":{"line":261,"column":4},"end":{"line":261,"column":31}},"99":{"start":{"line":262,"column":4},"end":{"line":262,"column":29}},"100":{"start":{"line":263,"column":4},"end":{"line":263,"column":36}},"101":{"start":{"line":267,"column":28},"end":{"line":272,"column":6}},"102":{"start":{"line":274,"column":4},"end":{"line":311,"column":7}},"103":{"start":{"line":275,"column":21},"end":{"line":275,"column":38}},"104":{"start":{"line":278,"column":28},"end":{"line":278,"column":63}},"105":{"start":{"line":279,"column":28},"end":{"line":283,"column":8}},"106":{"start":{"line":284,"column":20},"end":{"line":284,"column":64}},"107":{"start":{"line":285,"column":6},"end":{"line":285,"column":24}},"108":{"start":{"line":288,"column":28},"end":{"line":288,"column":60}},"109":{"start":{"line":289,"column":26},"end":{"line":289,"column":157}},"110":{"start":{"line":290,"column":25},"end":{"line":290,"column":84}},"111":{"start":{"line":291,"column":28},"end":{"line":298,"column":8}},"112":{"start":{"line":299,"column":20},"end":{"line":299,"column":64}},"113":{"start":{"line":300,"column":6},"end":{"line":300,"column":24}},"114":{"start":{"line":302,"column":21},"end":{"line":302,"column":23}},"115":{"start":{"line":303,"column":6},"end":{"line":307,"column":8}},"116":{"start":{"line":308,"column":6},"end":{"line":308,"column":33}},"117":{"start":{"line":309,"column":6},"end":{"line":309,"column":29}},"118":{"start":{"line":310,"column":6},"end":{"line":310,"column":37}},"119":{"start":{"line":315,"column":22},"end":{"line":315,"column":70}},"120":{"start":{"line":317,"column":4},"end":{"line":349,"column":7}},"121":{"start":{"line":318,"column":25},"end":{"line":318,"column":42}},"122":{"start":{"line":321,"column":28},"end":{"line":321,"column":70}},"123":{"start":{"line":322,"column":28},"end":{"line":326,"column":8}},"124":{"start":{"line":327,"column":20},"end":{"line":327,"column":64}},"125":{"start":{"line":328,"column":6},"end":{"line":328,"column":29}},"126":{"start":{"line":329,"column":6},"end":{"line":329,"column":28}},"127":{"start":{"line":332,"column":6},"end":{"line":343,"column":7}},"128":{"start":{"line":332,"column":19},"end":{"line":332,"column":20}},"129":{"start":{"line":333,"column":30},"end":{"line":333,"column":66}},"130":{"start":{"line":334,"column":30},"end":{"line":338,"column":10}},"131":{"start":{"line":339,"column":22},"end":{"line":339,"column":66}},"132":{"start":{"line":340,"column":8},"end":{"line":340,"column":50}},"133":{"start":{"line":341,"column":8},"end":{"line":341,"column":55}},"134":{"start":{"line":342,"column":8},"end":{"line":342,"column":30}},"135":{"start":{"line":345,"column":6},"end":{"line":345,"column":54}},"136":{"start":{"line":346,"column":6},"end":{"line":346,"column":89}},"137":{"start":{"line":347,"column":6},"end":{"line":347,"column":33}},"138":{"start":{"line":348,"column":6},"end":{"line":348,"column":40}},"139":{"start":{"line":353,"column":4},"end":{"line":353,"column":43}},"140":{"start":{"line":356,"column":29},"end":{"line":356,"column":74}},"141":{"start":{"line":357,"column":29},"end":{"line":361,"column":6}},"142":{"start":{"line":362,"column":21},"end":{"line":362,"column":71}},"143":{"start":{"line":363,"column":4},"end":{"line":363,"column":31}},"144":{"start":{"line":364,"column":4},"end":{"line":364,"column":37}},"145":{"start":{"line":367,"column":25},"end":{"line":367,"column":71}},"146":{"start":{"line":368,"column":25},"end":{"line":368,"column":76}},"147":{"start":{"line":369,"column":17},"end":{"line":369,"column":59}},"148":{"start":{"line":370,"column":4},"end":{"line":370,"column":26}},"149":{"start":{"line":371,"column":4},"end":{"line":371,"column":33}},"150":{"start":{"line":374,"column":22},"end":{"line":374,"column":44}},"151":{"start":{"line":375,"column":4},"end":{"line":375,"column":31}},"152":{"start":{"line":376,"column":4},"end":{"line":376,"column":35}},"153":{"start":{"line":377,"column":4},"end":{"line":377,"column":38}},"154":{"start":{"line":380,"column":25},"end":{"line":380,"column":94}},"155":{"start":{"line":381,"column":25},"end":{"line":388,"column":6}},"156":{"start":{"line":389,"column":4},"end":{"line":389,"column":64}},"157":{"start":{"line":390,"column":4},"end":{"line":390,"column":36}},"158":{"start":{"line":391,"column":4},"end":{"line":391,"column":43}},"159":{"start":{"line":393,"column":4},"end":{"line":393,"column":45}},"160":{"start":{"line":394,"column":4},"end":{"line":394,"column":51}},"161":{"start":{"line":395,"column":4},"end":{"line":395,"column":39}},"162":{"start":{"line":399,"column":17},"end":{"line":399,"column":34}},"163":{"start":{"line":400,"column":26},"end":{"line":400,"column":61}},"164":{"start":{"line":401,"column":26},"end":{"line":406,"column":6}},"165":{"start":{"line":408,"column":4},"end":{"line":415,"column":5}},"166":{"start":{"line":408,"column":17},"end":{"line":408,"column":18}},"167":{"start":{"line":409,"column":20},"end":{"line":409,"column":64}},"168":{"start":{"line":410,"column":20},"end":{"line":410,"column":41}},"169":{"start":{"line":411,"column":6},"end":{"line":411,"column":76}},"170":{"start":{"line":412,"column":6},"end":{"line":412,"column":35}},"171":{"start":{"line":413,"column":6},"end":{"line":413,"column":31}},"172":{"start":{"line":414,"column":6},"end":{"line":414,"column":22}},"173":{"start":{"line":417,"column":27},"end":{"line":417,"column":62}},"174":{"start":{"line":418,"column":27},"end":{"line":422,"column":6}},"175":{"start":{"line":423,"column":4},"end":{"line":423,"column":61}},"176":{"start":{"line":425,"column":4},"end":{"line":425,"column":16}},"177":{"start":{"line":429,"column":18},"end":{"line":429,"column":50}},"178":{"start":{"line":430,"column":22},"end":{"line":430,"column":49}},"179":{"start":{"line":431,"column":19},"end":{"line":431,"column":46}},"180":{"start":{"line":433,"column":4},"end":{"line":447,"column":5}},"181":{"start":{"line":433,"column":17},"end":{"line":433,"column":18}},"182":{"start":{"line":434,"column":6},"end":{"line":434,"column":52}},"183":{"start":{"line":435,"column":6},"end":{"line":435,"column":48}},"184":{"start":{"line":436,"column":6},"end":{"line":436,"column":56}},"185":{"start":{"line":439,"column":26},"end":{"line":439,"column":39}},"186":{"start":{"line":440,"column":6},"end":{"line":446,"column":7}},"187":{"start":{"line":441,"column":8},"end":{"line":441,"column":28}},"188":{"start":{"line":441,"column":29},"end":{"line":441,"column":54}},"189":{"start":{"line":441,"column":55},"end":{"line":441,"column":80}},"190":{"start":{"line":442,"column":13},"end":{"line":446,"column":7}},"191":{"start":{"line":443,"column":8},"end":{"line":443,"column":28}},"192":{"start":{"line":443,"column":29},"end":{"line":443,"column":53}},"193":{"start":{"line":443,"column":54},"end":{"line":443,"column":79}},"194":{"start":{"line":445,"column":8},"end":{"line":445,"column":29}},"195":{"start":{"line":445,"column":30},"end":{"line":445,"column":55}},"196":{"start":{"line":445,"column":56},"end":{"line":445,"column":81}},"197":{"start":{"line":449,"column":21},"end":{"line":449,"column":47}},"198":{"start":{"line":450,"column":4},"end":{"line":450,"column":79}},"199":{"start":{"line":451,"column":4},"end":{"line":451,"column":73}},"200":{"start":{"line":453,"column":21},"end":{"line":459,"column":6}},"201":{"start":{"line":461,"column":4},"end":{"line":461,"column":58}},"202":{"start":{"line":462,"column":4},"end":{"line":462,"column":35}},"203":{"start":{"line":466,"column":4},"end":{"line":466,"column":70}},"204":{"start":{"line":467,"column":4},"end":{"line":467,"column":64}},"205":{"start":{"line":471,"column":17},"end":{"line":471,"column":55}},"206":{"start":{"line":472,"column":4},"end":{"line":472,"column":70}},"207":{"start":{"line":473,"column":4},"end":{"line":473,"column":71}},"208":{"start":{"line":475,"column":4},"end":{"line":475,"column":58}},"209":{"start":{"line":478,"column":4},"end":{"line":484,"column":5}},"210":{"start":{"line":479,"column":29},"end":{"line":479,"column":85}},"211":{"start":{"line":480,"column":6},"end":{"line":483,"column":7}},"212":{"start":{"line":481,"column":8},"end":{"line":481,"column":33}},"213":{"start":{"line":482,"column":8},"end":{"line":482,"column":15}},"214":{"start":{"line":487,"column":26},"end":{"line":487,"column":59}},"215":{"start":{"line":488,"column":29},"end":{"line":488,"column":81}},"216":{"start":{"line":489,"column":4},"end":{"line":502,"column":5}},"217":{"start":{"line":490,"column":23},"end":{"line":490,"column":42}},"218":{"start":{"line":491,"column":6},"end":{"line":501,"column":7}},"219":{"start":{"line":492,"column":41},"end":{"line":492,"column":56}},"220":{"start":{"line":493,"column":8},"end":{"line":493,"column":67}},"221":{"start":{"line":493,"column":50},"end":{"line":493,"column":67}},"222":{"start":{"line":494,"column":8},"end":{"line":500,"column":9}},"223":{"start":{"line":495,"column":28},"end":{"line":495,"column":75}},"224":{"start":{"line":496,"column":10},"end":{"line":499,"column":11}},"225":{"start":{"line":497,"column":36},"end":{"line":497,"column":85}},"226":{"start":{"line":498,"column":12},"end":{"line":498,"column":58}},"227":{"start":{"line":505,"column":25},"end":{"line":505,"column":66}},"228":{"start":{"line":506,"column":28},"end":{"line":506,"column":79}},"229":{"start":{"line":507,"column":4},"end":{"line":519,"column":5}},"230":{"start":{"line":508,"column":23},"end":{"line":508,"column":41}},"231":{"start":{"line":509,"column":6},"end":{"line":518,"column":7}},"232":{"start":{"line":510,"column":41},"end":{"line":510,"column":56}},"233":{"start":{"line":511,"column":8},"end":{"line":511,"column":67}},"234":{"start":{"line":511,"column":50},"end":{"line":511,"column":67}},"235":{"start":{"line":512,"column":8},"end":{"line":517,"column":9}},"236":{"start":{"line":513,"column":28},"end":{"line":513,"column":75}},"237":{"start":{"line":514,"column":10},"end":{"line":516,"column":11}},"238":{"start":{"line":515,"column":12},"end":{"line":515,"column":45}},"239":{"start":{"line":523,"column":14},"end":{"line":523,"column":40}},"240":{"start":{"line":524,"column":14},"end":{"line":524,"column":41}},"241":{"start":{"line":525,"column":4},"end":{"line":525,"column":31}},"242":{"start":{"line":526,"column":4},"end":{"line":526,"column":41}},"243":{"start":{"line":527,"column":4},"end":{"line":527,"column":32}},"244":{"start":{"line":528,"column":4},"end":{"line":528,"column":51}},"245":{"start":{"line":528,"column":23},"end":{"line":528,"column":51}},"246":{"start":{"line":536,"column":4},"end":{"line":542,"column":5}},"247":{"start":{"line":537,"column":6},"end":{"line":541,"column":7}},"248":{"start":{"line":538,"column":8},"end":{"line":538,"column":35}},"249":{"start":{"line":539,"column":13},"end":{"line":541,"column":7}},"250":{"start":{"line":540,"column":8},"end":{"line":540,"column":43}},"251":{"start":{"line":543,"column":4},"end":{"line":543,"column":59}},"252":{"start":{"line":547,"column":19},"end":{"line":547,"column":36}},"253":{"start":{"line":548,"column":4},"end":{"line":551,"column":6}},"254":{"start":{"line":554,"column":26},"end":{"line":554,"column":58}},"255":{"start":{"line":555,"column":26},"end":{"line":559,"column":6}},"256":{"start":{"line":560,"column":18},"end":{"line":560,"column":62}},"257":{"start":{"line":561,"column":4},"end":{"line":561,"column":25}},"258":{"start":{"line":562,"column":4},"end":{"line":562,"column":22}},"259":{"start":{"line":565,"column":28},"end":{"line":565,"column":61}},"260":{"start":{"line":566,"column":28},"end":{"line":570,"column":6}},"261":{"start":{"line":571,"column":20},"end":{"line":571,"column":68}},"262":{"start":{"line":572,"column":4},"end":{"line":572,"column":37}},"263":{"start":{"line":573,"column":4},"end":{"line":573,"column":24}},"264":{"start":{"line":575,"column":4},"end":{"line":577,"column":5}},"265":{"start":{"line":576,"column":6},"end":{"line":576,"column":47}},"266":{"start":{"line":578,"column":4},"end":{"line":578,"column":27}},"267":{"start":{"line":579,"column":4},"end":{"line":579,"column":41}},"268":{"start":{"line":583,"column":22},"end":{"line":583,"column":39}},"269":{"start":{"line":584,"column":4},"end":{"line":584,"column":49}},"270":{"start":{"line":587,"column":25},"end":{"line":587,"column":59}},"271":{"start":{"line":588,"column":25},"end":{"line":593,"column":6}},"272":{"start":{"line":594,"column":17},"end":{"line":594,"column":59}},"273":{"start":{"line":595,"column":4},"end":{"line":595,"column":35}},"274":{"start":{"line":596,"column":4},"end":{"line":596,"column":27}},"275":{"start":{"line":597,"column":4},"end":{"line":597,"column":24}},"276":{"start":{"line":600,"column":28},"end":{"line":600,"column":70}},"277":{"start":{"line":601,"column":28},"end":{"line":604,"column":6}},"278":{"start":{"line":605,"column":24},"end":{"line":605,"column":72}},"279":{"start":{"line":606,"column":4},"end":{"line":606,"column":33}},"280":{"start":{"line":607,"column":4},"end":{"line":607,"column":34}},"281":{"start":{"line":608,"column":4},"end":{"line":608,"column":31}},"282":{"start":{"line":610,"column":4},"end":{"line":612,"column":5}},"283":{"start":{"line":611,"column":6},"end":{"line":611,"column":50}},"284":{"start":{"line":613,"column":4},"end":{"line":613,"column":30}},"285":{"start":{"line":614,"column":4},"end":{"line":614,"column":52}},"286":{"start":{"line":618,"column":4},"end":{"line":618,"column":37}},"287":{"start":{"line":622,"column":4},"end":{"line":622,"column":33}},"288":{"start":{"line":626,"column":4},"end":{"line":626,"column":36}},"289":{"start":{"line":630,"column":20},"end":{"line":675,"column":5}},"290":{"start":{"line":631,"column":6},"end":{"line":631,"column":56}},"291":{"start":{"line":632,"column":22},"end":{"line":632,"column":49}},"292":{"start":{"line":635,"column":6},"end":{"line":637,"column":7}},"293":{"start":{"line":636,"column":8},"end":{"line":636,"column":54}},"294":{"start":{"line":640,"column":6},"end":{"line":649,"column":9}},"295":{"start":{"line":641,"column":8},"end":{"line":648,"column":11}},"296":{"start":{"line":642,"column":29},"end":{"line":642,"column":79}},"297":{"start":{"line":643,"column":24},"end":{"line":643,"column":69}},"298":{"start":{"line":644,"column":10},"end":{"line":647,"column":11}},"299":{"start":{"line":645,"column":12},"end":{"line":645,"column":81}},"300":{"start":{"line":646,"column":12},"end":{"line":646,"column":82}},"301":{"start":{"line":652,"column":6},"end":{"line":667,"column":7}},"302":{"start":{"line":653,"column":29},"end":{"line":653,"column":75}},"303":{"start":{"line":654,"column":8},"end":{"line":666,"column":9}},"304":{"start":{"line":655,"column":28},"end":{"line":655,"column":62}},"305":{"start":{"line":656,"column":22},"end":{"line":656,"column":38}},"306":{"start":{"line":657,"column":10},"end":{"line":664,"column":11}},"307":{"start":{"line":657,"column":23},"end":{"line":657,"column":24}},"308":{"start":{"line":658,"column":24},"end":{"line":658,"column":33}},"309":{"start":{"line":659,"column":29},"end":{"line":659,"column":43}},"310":{"start":{"line":660,"column":12},"end":{"line":663,"column":13}},"311":{"start":{"line":661,"column":14},"end":{"line":661,"column":47}},"312":{"start":{"line":662,"column":14},"end":{"line":662,"column":59}},"313":{"start":{"line":662,"column":40},"end":{"line":662,"column":59}},"314":{"start":{"line":665,"column":10},"end":{"line":665,"column":42}},"315":{"start":{"line":669,"column":6},"end":{"line":669,"column":29}},"316":{"start":{"line":670,"column":6},"end":{"line":674,"column":7}},"317":{"start":{"line":671,"column":8},"end":{"line":671,"column":31}},"318":{"start":{"line":673,"column":8},"end":{"line":673,"column":54}},"319":{"start":{"line":676,"column":4},"end":{"line":676,"column":14}},"320":{"start":{"line":677,"column":4},"end":{"line":677,"column":42}},"321":{"start":{"line":681,"column":4},"end":{"line":684,"column":5}},"322":{"start":{"line":682,"column":6},"end":{"line":682,"column":45}},"323":{"start":{"line":683,"column":6},"end":{"line":683,"column":30}},"324":{"start":{"line":688,"column":4},"end":{"line":688,"column":16}},"325":{"start":{"line":689,"column":4},"end":{"line":689,"column":67}},"326":{"start":{"line":690,"column":4},"end":{"line":690,"column":66}},"327":{"start":{"line":690,"column":28},"end":{"line":690,"column":66}},"328":{"start":{"line":691,"column":4},"end":{"line":691,"column":54}},"329":{"start":{"line":691,"column":32},"end":{"line":691,"column":52}},"330":{"start":{"line":692,"column":4},"end":{"line":692,"column":58}},"331":{"start":{"line":692,"column":36},"end":{"line":692,"column":56}},"332":{"start":{"line":693,"column":4},"end":{"line":693,"column":62}},"333":{"start":{"line":693,"column":40},"end":{"line":693,"column":60}},"334":{"start":{"line":694,"column":4},"end":{"line":694,"column":59}},"335":{"start":{"line":694,"column":37},"end":{"line":694,"column":57}},"336":{"start":{"line":695,"column":4},"end":{"line":695,"column":58}},"337":{"start":{"line":695,"column":24},"end":{"line":695,"column":58}},"338":{"start":{"line":696,"column":4},"end":{"line":696,"column":28}},"339":{"start":{"line":697,"column":4},"end":{"line":697,"column":47}},"340":{"start":{"line":697,"column":23},"end":{"line":697,"column":47}},"341":{"start":{"line":698,"column":4},"end":{"line":698,"column":55}},"342":{"start":{"line":701,"column":35},"end":{"line":701,"column":53}},"343":{"start":{"line":702,"column":48},"end":{"line":702,"column":67}},"344":{"start":{"line":82,"column":0},"end":{"line":82,"column":13}},"345":{"start":{"line":705,"column":0},"end":{"line":705,"column":35}}},"fnMap":{"0":{"name":"(anonymous_9)","decl":{"start":{"line":114,"column":2},"end":{"line":114,"column":14}},"loc":{"start":{"line":114,"column":66},"end":{"line":139,"column":3}}},"1":{"name":"(anonymous_10)","decl":{"start":{"line":141,"column":10},"end":{"line":141,"column":21}},"loc":{"start":{"line":141,"column":21},"end":{"line":146,"column":3}}},"2":{"name":"(anonymous_11)","decl":{"start":{"line":148,"column":10},"end":{"line":148,"column":24}},"loc":{"start":{"line":148,"column":24},"end":{"line":158,"column":3}}},"3":{"name":"(anonymous_12)","decl":{"start":{"line":160,"column":10},"end":{"line":160,"column":22}},"loc":{"start":{"line":160,"column":22},"end":{"line":166,"column":3}}},"4":{"name":"(anonymous_13)","decl":{"start":{"line":168,"column":10},"end":{"line":168,"column":24}},"loc":{"start":{"line":168,"column":24},"end":{"line":177,"column":3}}},"5":{"name":"(anonymous_14)","decl":{"start":{"line":179,"column":10},"end":{"line":179,"column":29}},"loc":{"start":{"line":179,"column":29},"end":{"line":190,"column":3}}},"6":{"name":"(anonymous_15)","decl":{"start":{"line":192,"column":10},"end":{"line":192,"column":32}},"loc":{"start":{"line":192,"column":32},"end":{"line":233,"column":3}}},"7":{"name":"(anonymous_16)","decl":{"start":{"line":235,"column":10},"end":{"line":235,"column":23}},"loc":{"start":{"line":235,"column":23},"end":{"line":264,"column":3}}},"8":{"name":"(anonymous_17)","decl":{"start":{"line":245,"column":28},"end":{"line":245,"column":29}},"loc":{"start":{"line":245,"column":42},"end":{"line":255,"column":5}}},"9":{"name":"(anonymous_18)","decl":{"start":{"line":266,"column":10},"end":{"line":266,"column":35}},"loc":{"start":{"line":266,"column":35},"end":{"line":312,"column":3}}},"10":{"name":"(anonymous_19)","decl":{"start":{"line":274,"column":28},"end":{"line":274,"column":29}},"loc":{"start":{"line":274,"column":39},"end":{"line":311,"column":5}}},"11":{"name":"(anonymous_20)","decl":{"start":{"line":314,"column":10},"end":{"line":314,"column":27}},"loc":{"start":{"line":314,"column":27},"end":{"line":350,"column":3}}},"12":{"name":"(anonymous_21)","decl":{"start":{"line":317,"column":22},"end":{"line":317,"column":23}},"loc":{"start":{"line":317,"column":39},"end":{"line":349,"column":5}}},"13":{"name":"(anonymous_22)","decl":{"start":{"line":352,"column":10},"end":{"line":352,"column":29}},"loc":{"start":{"line":352,"column":29},"end":{"line":396,"column":3}}},"14":{"name":"(anonymous_23)","decl":{"start":{"line":398,"column":10},"end":{"line":398,"column":25}},"loc":{"start":{"line":398,"column":25},"end":{"line":426,"column":3}}},"15":{"name":"(anonymous_24)","decl":{"start":{"line":428,"column":10},"end":{"line":428,"column":30}},"loc":{"start":{"line":428,"column":30},"end":{"line":463,"column":3}}},"16":{"name":"(anonymous_25)","decl":{"start":{"line":465,"column":10},"end":{"line":465,"column":29}},"loc":{"start":{"line":465,"column":29},"end":{"line":468,"column":3}}},"17":{"name":"(anonymous_26)","decl":{"start":{"line":470,"column":10},"end":{"line":470,"column":17}},"loc":{"start":{"line":470,"column":35},"end":{"line":520,"column":3}}},"18":{"name":"(anonymous_27)","decl":{"start":{"line":522,"column":10},"end":{"line":522,"column":18}},"loc":{"start":{"line":522,"column":18},"end":{"line":529,"column":3}}},"19":{"name":"(anonymous_28)","decl":{"start":{"line":535,"column":9},"end":{"line":535,"column":14}},"loc":{"start":{"line":535,"column":56},"end":{"line":544,"column":3}}},"20":{"name":"(anonymous_29)","decl":{"start":{"line":546,"column":10},"end":{"line":546,"column":22}},"loc":{"start":{"line":546,"column":48},"end":{"line":580,"column":3}}},"21":{"name":"(anonymous_30)","decl":{"start":{"line":582,"column":10},"end":{"line":582,"column":30}},"loc":{"start":{"line":582,"column":56},"end":{"line":615,"column":3}}},"22":{"name":"(anonymous_31)","decl":{"start":{"line":617,"column":9},"end":{"line":617,"column":29}},"loc":{"start":{"line":617,"column":61},"end":{"line":619,"column":3}}},"23":{"name":"(anonymous_32)","decl":{"start":{"line":621,"column":9},"end":{"line":621,"column":25}},"loc":{"start":{"line":621,"column":53},"end":{"line":623,"column":3}}},"24":{"name":"(anonymous_33)","decl":{"start":{"line":625,"column":9},"end":{"line":625,"column":28}},"loc":{"start":{"line":625,"column":59},"end":{"line":627,"column":3}}},"25":{"name":"(anonymous_34)","decl":{"start":{"line":629,"column":9},"end":{"line":629,"column":14}},"loc":{"start":{"line":629,"column":14},"end":{"line":678,"column":3}}},"26":{"name":"(anonymous_35)","decl":{"start":{"line":630,"column":20},"end":{"line":630,"column":29}},"loc":{"start":{"line":630,"column":31},"end":{"line":675,"column":5}}},"27":{"name":"(anonymous_36)","decl":{"start":{"line":640,"column":31},"end":{"line":640,"column":32}},"loc":{"start":{"line":640,"column":37},"end":{"line":649,"column":7}}},"28":{"name":"(anonymous_37)","decl":{"start":{"line":641,"column":27},"end":{"line":641,"column":28}},"loc":{"start":{"line":641,"column":37},"end":{"line":648,"column":9}}},"29":{"name":"(anonymous_38)","decl":{"start":{"line":680,"column":9},"end":{"line":680,"column":13}},"loc":{"start":{"line":680,"column":13},"end":{"line":685,"column":3}}},"30":{"name":"(anonymous_39)","decl":{"start":{"line":687,"column":9},"end":{"line":687,"column":16}},"loc":{"start":{"line":687,"column":16},"end":{"line":699,"column":3}}},"31":{"name":"(anonymous_40)","decl":{"start":{"line":691,"column":25},"end":{"line":691,"column":26}},"loc":{"start":{"line":691,"column":32},"end":{"line":691,"column":52}}},"32":{"name":"(anonymous_41)","decl":{"start":{"line":692,"column":29},"end":{"line":692,"column":30}},"loc":{"start":{"line":692,"column":36},"end":{"line":692,"column":56}}},"33":{"name":"(anonymous_42)","decl":{"start":{"line":693,"column":33},"end":{"line":693,"column":34}},"loc":{"start":{"line":693,"column":40},"end":{"line":693,"column":60}}},"34":{"name":"(anonymous_43)","decl":{"start":{"line":694,"column":30},"end":{"line":694,"column":31}},"loc":{"start":{"line":694,"column":37},"end":{"line":694,"column":57}}},"35":{"name":"(anonymous_44)","decl":{"start":{"line":701,"column":9},"end":{"line":701,"column":17}},"loc":{"start":{"line":701,"column":17},"end":{"line":701,"column":55}}},"36":{"name":"(anonymous_45)","decl":{"start":{"line":702,"column":9},"end":{"line":702,"column":18}},"loc":{"start":{"line":702,"column":18},"end":{"line":702,"column":69}}}},"branchMap":{"0":{"loc":{"start":{"line":114,"column":38},"end":{"line":114,"column":66}},"type":"default-arg","locations":[{"start":{"line":114,"column":64},"end":{"line":114,"column":66}}]},"1":{"loc":{"start":{"line":128,"column":4},"end":{"line":130,"column":5}},"type":"if","locations":[{"start":{"line":128,"column":4},"end":{"line":130,"column":5}},{"start":{},"end":{}}]},"2":{"loc":{"start":{"line":247,"column":8},"end":{"line":247,"column":64}},"type":"binary-expr","locations":[{"start":{"line":247,"column":8},"end":{"line":247,"column":36}},{"start":{"line":247,"column":40},"end":{"line":247,"column":64}}]},"3":{"loc":{"start":{"line":248,"column":8},"end":{"line":248,"column":47}},"type":"binary-expr","locations":[{"start":{"line":248,"column":8},"end":{"line":248,"column":40}},{"start":{"line":248,"column":44},"end":{"line":248,"column":47}}]},"4":{"loc":{"start":{"line":252,"column":26},"end":{"line":252,"column":32}},"type":"binary-expr","locations":[{"start":{"line":252,"column":26},"end":{"line":252,"column":27}},{"start":{"line":252,"column":31},"end":{"line":252,"column":32}}]},"5":{"loc":{"start":{"line":252,"column":34},"end":{"line":252,"column":40}},"type":"binary-expr","locations":[{"start":{"line":252,"column":34},"end":{"line":252,"column":35}},{"start":{"line":252,"column":39},"end":{"line":252,"column":40}}]},"6":{"loc":{"start":{"line":252,"column":42},"end":{"line":252,"column":48}},"type":"binary-expr","locations":[{"start":{"line":252,"column":42},"end":{"line":252,"column":43}},{"start":{"line":252,"column":47},"end":{"line":252,"column":48}}]},"7":{"loc":{"start":{"line":289,"column":26},"end":{"line":289,"column":157}},"type":"binary-expr","locations":[{"start":{"line":289,"column":26},"end":{"line":289,"column":56}},{"start":{"line":289,"column":60},"end":{"line":289,"column":157}}]},"8":{"loc":{"start":{"line":290,"column":25},"end":{"line":290,"column":84}},"type":"binary-expr","locations":[{"start":{"line":290,"column":25},"end":{"line":290,"column":60}},{"start":{"line":290,"column":64},"end":{"line":290,"column":84}}]},"9":{"loc":{"start":{"line":345,"column":30},"end":{"line":345,"column":36}},"type":"binary-expr","locations":[{"start":{"line":345,"column":30},"end":{"line":345,"column":31}},{"start":{"line":345,"column":35},"end":{"line":345,"column":36}}]},"10":{"loc":{"start":{"line":345,"column":38},"end":{"line":345,"column":44}},"type":"binary-expr","locations":[{"start":{"line":345,"column":38},"end":{"line":345,"column":39}},{"start":{"line":345,"column":43},"end":{"line":345,"column":44}}]},"11":{"loc":{"start":{"line":345,"column":46},"end":{"line":345,"column":52}},"type":"binary-expr","locations":[{"start":{"line":345,"column":46},"end":{"line":345,"column":47}},{"start":{"line":345,"column":51},"end":{"line":345,"column":52}}]},"12":{"loc":{"start":{"line":429,"column":18},"end":{"line":429,"column":50}},"type":"binary-expr","locations":[{"start":{"line":429,"column":18},"end":{"line":429,"column":43}},{"start":{"line":429,"column":47},"end":{"line":429,"column":50}}]},"13":{"loc":{"start":{"line":440,"column":6},"end":{"line":446,"column":7}},"type":"if","locations":[{"start":{"line":440,"column":6},"end":{"line":446,"column":7}},{"start":{"line":442,"column":13},"end":{"line":446,"column":7}}]},"14":{"loc":{"start":{"line":442,"column":13},"end":{"line":446,"column":7}},"type":"if","locations":[{"start":{"line":442,"column":13},"end":{"line":446,"column":7}},{"start":{"line":444,"column":13},"end":{"line":446,"column":7}}]},"15":{"loc":{"start":{"line":478,"column":4},"end":{"line":484,"column":5}},"type":"if","locations":[{"start":{"line":478,"column":4},"end":{"line":484,"column":5}},{"start":{},"end":{}}]},"16":{"loc":{"start":{"line":480,"column":6},"end":{"line":483,"column":7}},"type":"if","locations":[{"start":{"line":480,"column":6},"end":{"line":483,"column":7}},{"start":{},"end":{}}]},"17":{"loc":{"start":{"line":480,"column":10},"end":{"line":480,"column":61}},"type":"binary-expr","locations":[{"start":{"line":480,"column":10},"end":{"line":480,"column":35}},{"start":{"line":480,"column":39},"end":{"line":480,"column":61}}]},"18":{"loc":{"start":{"line":489,"column":4},"end":{"line":502,"column":5}},"type":"if","locations":[{"start":{"line":489,"column":4},"end":{"line":502,"column":5}},{"start":{},"end":{}}]},"19":{"loc":{"start":{"line":489,"column":8},"end":{"line":489,"column":57}},"type":"binary-expr","locations":[{"start":{"line":489,"column":8},"end":{"line":489,"column":35}},{"start":{"line":489,"column":39},"end":{"line":489,"column":57}}]},"20":{"loc":{"start":{"line":491,"column":6},"end":{"line":501,"column":7}},"type":"if","locations":[{"start":{"line":491,"column":6},"end":{"line":501,"column":7}},{"start":{},"end":{}}]},"21":{"loc":{"start":{"line":491,"column":10},"end":{"line":491,"column":37}},"type":"binary-expr","locations":[{"start":{"line":491,"column":10},"end":{"line":491,"column":18}},{"start":{"line":491,"column":22},"end":{"line":491,"column":37}}]},"22":{"loc":{"start":{"line":493,"column":15},"end":{"line":493,"column":48}},"type":"binary-expr","locations":[{"start":{"line":493,"column":15},"end":{"line":493,"column":18}},{"start":{"line":493,"column":22},"end":{"line":493,"column":48}}]},"23":{"loc":{"start":{"line":494,"column":8},"end":{"line":500,"column":9}},"type":"if","locations":[{"start":{"line":494,"column":8},"end":{"line":500,"column":9}},{"start":{},"end":{}}]},"24":{"loc":{"start":{"line":496,"column":10},"end":{"line":499,"column":11}},"type":"if","locations":[{"start":{"line":496,"column":10},"end":{"line":499,"column":11}},{"start":{},"end":{}}]},"25":{"loc":{"start":{"line":497,"column":36},"end":{"line":497,"column":85}},"type":"binary-expr","locations":[{"start":{"line":497,"column":36},"end":{"line":497,"column":79}},{"start":{"line":497,"column":83},"end":{"line":497,"column":85}}]},"26":{"loc":{"start":{"line":507,"column":4},"end":{"line":519,"column":5}},"type":"if","locations":[{"start":{"line":507,"column":4},"end":{"line":519,"column":5}},{"start":{},"end":{}}]},"27":{"loc":{"start":{"line":507,"column":8},"end":{"line":507,"column":59}},"type":"binary-expr","locations":[{"start":{"line":507,"column":8},"end":{"line":507,"column":34}},{"start":{"line":507,"column":38},"end":{"line":507,"column":59}}]},"28":{"loc":{"start":{"line":509,"column":6},"end":{"line":518,"column":7}},"type":"if","locations":[{"start":{"line":509,"column":6},"end":{"line":518,"column":7}},{"start":{},"end":{}}]},"29":{"loc":{"start":{"line":509,"column":10},"end":{"line":509,"column":37}},"type":"binary-expr","locations":[{"start":{"line":509,"column":10},"end":{"line":509,"column":18}},{"start":{"line":509,"column":22},"end":{"line":509,"column":37}}]},"30":{"loc":{"start":{"line":511,"column":15},"end":{"line":511,"column":48}},"type":"binary-expr","locations":[{"start":{"line":511,"column":15},"end":{"line":511,"column":18}},{"start":{"line":511,"column":22},"end":{"line":511,"column":48}}]},"31":{"loc":{"start":{"line":512,"column":8},"end":{"line":517,"column":9}},"type":"if","locations":[{"start":{"line":512,"column":8},"end":{"line":517,"column":9}},{"start":{},"end":{}}]},"32":{"loc":{"start":{"line":514,"column":10},"end":{"line":516,"column":11}},"type":"if","locations":[{"start":{"line":514,"column":10},"end":{"line":516,"column":11}},{"start":{},"end":{}}]},"33":{"loc":{"start":{"line":528,"column":4},"end":{"line":528,"column":51}},"type":"if","locations":[{"start":{"line":528,"column":4},"end":{"line":528,"column":51}},{"start":{},"end":{}}]},"34":{"loc":{"start":{"line":537,"column":6},"end":{"line":541,"column":7}},"type":"if","locations":[{"start":{"line":537,"column":6},"end":{"line":541,"column":7}},{"start":{"line":539,"column":13},"end":{"line":541,"column":7}}]},"35":{"loc":{"start":{"line":539,"column":13},"end":{"line":541,"column":7}},"type":"if","locations":[{"start":{"line":539,"column":13},"end":{"line":541,"column":7}},{"start":{},"end":{}}]},"36":{"loc":{"start":{"line":575,"column":4},"end":{"line":577,"column":5}},"type":"if","locations":[{"start":{"line":575,"column":4},"end":{"line":577,"column":5}},{"start":{},"end":{}}]},"37":{"loc":{"start":{"line":610,"column":4},"end":{"line":612,"column":5}},"type":"if","locations":[{"start":{"line":610,"column":4},"end":{"line":612,"column":5}},{"start":{},"end":{}}]},"38":{"loc":{"start":{"line":635,"column":6},"end":{"line":637,"column":7}},"type":"if","locations":[{"start":{"line":635,"column":6},"end":{"line":637,"column":7}},{"start":{},"end":{}}]},"39":{"loc":{"start":{"line":644,"column":10},"end":{"line":647,"column":11}},"type":"if","locations":[{"start":{"line":644,"column":10},"end":{"line":647,"column":11}},{"start":{},"end":{}}]},"40":{"loc":{"start":{"line":644,"column":14},"end":{"line":644,"column":61}},"type":"binary-expr","locations":[{"start":{"line":644,"column":14},"end":{"line":644,"column":38}},{"start":{"line":644,"column":42},"end":{"line":644,"column":61}}]},"41":{"loc":{"start":{"line":652,"column":6},"end":{"line":667,"column":7}},"type":"if","locations":[{"start":{"line":652,"column":6},"end":{"line":667,"column":7}},{"start":{},"end":{}}]},"42":{"loc":{"start":{"line":654,"column":8},"end":{"line":666,"column":9}},"type":"if","locations":[{"start":{"line":654,"column":8},"end":{"line":666,"column":9}},{"start":{},"end":{}}]},"43":{"loc":{"start":{"line":654,"column":12},"end":{"line":654,"column":46}},"type":"binary-expr","locations":[{"start":{"line":654,"column":12},"end":{"line":654,"column":24}},{"start":{"line":654,"column":28},"end":{"line":654,"column":46}}]},"44":{"loc":{"start":{"line":660,"column":12},"end":{"line":663,"column":13}},"type":"if","locations":[{"start":{"line":660,"column":12},"end":{"line":663,"column":13}},{"start":{},"end":{}}]},"45":{"loc":{"start":{"line":662,"column":14},"end":{"line":662,"column":59}},"type":"if","locations":[{"start":{"line":662,"column":14},"end":{"line":662,"column":59}},{"start":{},"end":{}}]},"46":{"loc":{"start":{"line":670,"column":6},"end":{"line":674,"column":7}},"type":"if","locations":[{"start":{"line":670,"column":6},"end":{"line":674,"column":7}},{"start":{"line":672,"column":13},"end":{"line":674,"column":7}}]},"47":{"loc":{"start":{"line":681,"column":4},"end":{"line":684,"column":5}},"type":"if","locations":[{"start":{"line":681,"column":4},"end":{"line":684,"column":5}},{"start":{},"end":{}}]},"48":{"loc":{"start":{"line":690,"column":4},"end":{"line":690,"column":66}},"type":"if","locations":[{"start":{"line":690,"column":4},"end":{"line":690,"column":66}},{"start":{},"end":{}}]},"49":{"loc":{"start":{"line":695,"column":4},"end":{"line":695,"column":58}},"type":"if","locations":[{"start":{"line":695,"column":4},"end":{"line":695,"column":58}},{"start":{},"end":{}}]},"50":{"loc":{"start":{"line":697,"column":4},"end":{"line":697,"column":47}},"type":"if","locations":[{"start":{"line":697,"column":4},"end":{"line":697,"column":47}},{"start":{},"end":{}}]}},"s":{"0":0,"1":0,"2":0,"3":0,"4":0,"5":0,"6":0,"7":0,"8":0,"9":0,"10":0,"11":0,"12":0,"13":0,"14":0,"15":0,"16":0,"17":0,"18":0,"19":0,"20":0,"21":0,"22":0,"23":0,"24":0,"25":0,"26":0,"27":0,"28":0,"29":0,"30":0,"31":0,"32":0,"33":0,"34":0,"35":0,"36":0,"37":0,"38":0,"39":0,"40":0,"41":0,"42":0,"43":0,"44":0,"45":0,"46":0,"47":0,"48":0,"49":0,"50":0,"51":0,"52":0,"53":0,"54":0,"55":0,"56":0,"57":0,"58":0,"59":0,"60":0,"61":0,"62":0,"63":0,"64":0,"65":0,"66":0,"67":0,"68":0,"69":0,"70":0,"71":0,"72":0,"73":0,"74":0,"75":0,"76":0,"77":0,"78":0,"79":0,"80":0,"81":0,"82":0,"83":0,"84":0,"85":0,"86":0,"87":0,"88":0,"89":0,"90":0,"91":0,"92":0,"93":0,"94":0,"95":0,"96":0,"97":0,"98":0,"99":0,"100":0,"101":0,"102":0,"103":0,"104":0,"105":0,"106":0,"107":0,"108":0,"109":0,"110":0,"111":0,"112":0,"113":0,"114":0,"115":0,"116":0,"117":0,"118":0,"119":0,"120":0,"121":0,"122":0,"123":0,"124":0,"125":0,"126":0,"127":0,"128":0,"129":0,"130":0,"131":0,"132":0,"133":0,"134":0,"135":0,"136":0,"137":0,"138":0,"139":0,"140":0,"141":0,"142":0,"143":0,"144":0,"145":0,"146":0,"147":0,"148":0,"149":0,"150":0,"151":0,"152":0,"153":0,"154":0,"155":0,"156":0,"157":0,"158":0,"159":0,"160":0,"161":0,"162":0,"163":0,"164":0,"165":0,"166":0,"167":0,"168":0,"169":0,"170":0,"171":0,"172":0,"173":0,"174":0,"175":0,"176":0,"177":0,"178":0,"179":0,"180":0,"181":0,"182":0,"183":0,"184":0,"185":0,"186":0,"187":0,"188":0,"189":0,"190":0,"191":0,"192":0,"193":0,"194":0,"195":0,"196":0,"197":0,"198":0,"199":0,"200":0,"201":0,"202":0,"203":0,"204":0,"205":0,"206":0,"207":0,"208":0,"209":0,"210":0,"211":0,"212":0,"213":0,"214":0,"215":0,"216":0,"217":0,"218":0,"219":0,"220":0,"221":0,"222":0,"223":0,"224":0,"225":0,"226":0,"227":0,"228":0,"229":0,"230":0,"231":0,"232":0,"233":0,"234":0,"235":0,"236":0,"237":0,"238":0,"239":0,"240":0,"241":0,"242":0,"243":0,"244":0,"245":0,"246":0,"247":0,"248":0,"249":0,"250":0,"251":0,"252":0,"253":0,"254":0,"255":0,"256":0,"257":0,"258":0,"259":0,"260":0,"261":0,"262":0,"263":0,"264":0,"265":0,"266":0,"267":0,"268":0,"269":0,"270":0,"271":0,"272":0,"273":0,"274":0,"275":0,"276":0,"277":0,"278":0,"279":0,"280":0,"281":0,"282":0,"283":0,"284":0,"285":0,"286":0,"287":0,"288":0,"289":0,"290":0,"291":0,"292":0,"293":0,"294":0,"295":0,"296":0,"297":0,"298":0,"299":0,"300":0,"301":0,"302":0,"303":0,"304":0,"305":0,"306":0,"307":0,"308":0,"309":0,"310":0,"311":0,"312":0,"313":0,"314":0,"315":0,"316":0,"317":0,"318":0,"319":0,"320":0,"321":0,"322":0,"323":0,"324":0,"325":0,"326":0,"327":0,"328":0,"329":0,"330":0,"331":0,"332":0,"333":0,"334":0,"335":0,"336":0,"337":0,"338":0,"339":0,"340":0,"341":0,"342":0,"343":0,"344":0,"345":0},"f":{"0":0,"1":0,"2":0,"3":0,"4":0,"5":0,"6":0,"7":0,"8":0,"9":0,"10":0,"11":0,"12":0,"13":0,"14":0,"15":0,"16":0,"17":0,"18":0,"19":0,"20":0,"21":0,"22":0,"23":0,"24":0,"25":0,"26":0,"27":0,"28":0,"29":0,"30":0,"31":0,"32":0,"33":0,"34":0,"35":0,"36":0},"b":{"0":[0],"1":[0,0],"2":[0,0],"3":[0,0],"4":[0,0],"5":[0,0],"6":[0,0],"7":[0,0],"8":[0,0],"9":[0,0],"10":[0,0],"11":[0,0],"12":[0,0],"13":[0,0],"14":[0,0],"15":[0,0],"16":[0,0],"17":[0,0],"18":[0,0],"19":[0,0],"20":[0,0],"21":[0,0],"22":[0,0],"23":[0,0],"24":[0,0],"25":[0,0],"26":[0,0],"27":[0,0],"28":[0,0],"29":[0,0],"30":[0,0],"31":[0,0],"32":[0,0],"33":[0,0],"34":[0,0],"35":[0,0],"36":[0,0],"37":[0,0],"38":[0,0],"39":[0,0],"40":[0,0],"41":[0,0],"42":[0,0],"43":[0,0],"44":[0,0],"45":[0,0],"46":[0,0],"47":[0,0],"48":[0,0],"49":[0,0],"50":[0,0]}}
[...]
d":{"line":170,"column":22}},"type":"default-arg","locations":[{"start":{"line":170,"column":20},"end":{"line":170,"column":22}}]},"24":{"loc":{"start":{"line":171,"column":4},"end":{"line":171,"column":23}},"type":"default-arg","locations":[{"start":{"line":171,"column":21},"end":{"line":171,"column":23}}]},"25":{"loc":{"start":{"line":172,"column":4},"end":{"line":172,"column":28}},"type":"default-arg","locations":[{"start":{"line":172,"column":20},"end":{"line":172,"column":28}}]},"26":{"loc":{"start":{"line":173,"column":4},"end":{"line":173,"column":51}},"type":"default-arg","locations":[{"start":{"line":173,"column":41},"end":{"line":173,"column":51}}]},"27":{"loc":{"start":{"line":190,"column":4},"end":{"line":192,"column":5}},"type":"if","locations":[{"start":{"line":190,"column":4},"end":{"line":192,"column":5}},{"start":{},"end":{}}]},"28":{"loc":{"start":{"line":200,"column":4},"end":{"line":200,"column":28}},"type":"if","locations":[{"start":{"line":200,"column":4},"end":{"line":200,"column":28}},{"start":{},"end":{}}]},"29":{"loc":{"start":{"line":208,"column":4},"end":{"line":210,"column":5}},"type":"if","locations":[{"start":{"line":208,"column":4},"end":{"line":210,"column":5}},{"start":{},"end":{}}]},"30":{"loc":{"start":{"line":208,"column":8},"end":{"line":208,"column":53}},"type":"binary-expr","locations":[{"start":{"line":208,"column":8},"end":{"line":208,"column":19}},{"start":{"line":208,"column":23},"end":{"line":208,"column":35}},{"start":{"line":208,"column":39},"end":{"line":208,"column":53}}]},"31":{"loc":{"start":{"line":215,"column":6},"end":{"line":217,"column":7}},"type":"if","locations":[{"start":{"line":215,"column":6},"end":{"line":217,"column":7}},{"start":{},"end":{}}]},"32":{"loc":{"start":{"line":230,"column":4},"end":{"line":234,"column":5}},"type":"if","locations":[{"start":{"line":230,"column":4},"end":{"line":234,"column":5}},{"start":{},"end":{}}]},"33":{"loc":{"start":{"line":241,"column":4},"end":{"line":241,"column":47}},"type":"if","locations":[{"start":{"line":241,"column":4},"end":{"line":241,"column":47}},{"start":{},"end":{}}]},"34":{"loc":{"start":{"line":241,"column":8},"end":{"line":241,"column":38}},"type":"binary-expr","locations":[{"start":{"line":241,"column":8},"end":{"line":241,"column":20}},{"start":{"line":241,"column":24},"end":{"line":241,"column":38}}]},"35":{"loc":{"start":{"line":252,"column":4},"end":{"line":254,"column":5}},"type":"if","locations":[{"start":{"line":252,"column":4},"end":{"line":254,"column":5}},{"start":{},"end":{}}]},"36":{"loc":{"start":{"line":252,"column":8},"end":{"line":252,"column":37}},"type":"binary-expr","locations":[{"start":{"line":252,"column":8},"end":{"line":252,"column":19}},{"start":{"line":252,"column":23},"end":{"line":252,"column":37}}]},"37":{"loc":{"start":{"line":261,"column":16},"end":{"line":261,"column":56}},"type":"binary-expr","locations":[{"start":{"line":261,"column":16},"end":{"line":261,"column":51}},{"start":{"line":261,"column":55},"end":{"line":261,"column":56}}]},"38":{"loc":{"start":{"line":271,"column":4},"end":{"line":274,"column":5}},"type":"if","locations":[{"start":{"line":271,"column":4},"end":{"line":274,"column":5}},{"start":{},"end":{}}]},"39":{"loc":{"start":{"line":276,"column":4},"end":{"line":279,"column":5}},"type":"if","locations":[{"start":{"line":276,"column":4},"end":{"line":279,"column":5}},{"start":{},"end":{}}]}},"s":{"0":0,"1":0,"2":0,"3":0,"4":0,"5":0,"6":0,"7":0,"8":0,"9":0,"10":0,"11":0,"12":0,"13":0,"14":0,"15":0,"16":0,"17":0,"18":0,"19":0,"20":0,"21":0,"22":0,"23":0,"24":0,"25":0,"26":0,"27":0,"28":0,"29":0,"30":0,"31":0,"32":0,"33":0,"34":0,"35":0,"36":0,"37":0,"38":0,"39":0,"40":0,"41":0,"42":0,"43":0,"44":0,"45":0,"46":0,"47":0,"48":0,"49":0,"50":0,"51":0,"52":0,"53":0,"54":0,"55":0,"56":0,"57":0,"58":0,"59":0,"60":0,"61":0,"62":0,"63":0,"64":0,"65":0,"66":0,"67":0,"68":0,"69":0,"70":0,"71":0,"72":0,"73":0,"74":0,"75":0,"76":0,"77":0,"78":0,"79":0,"80":0,"81":0,"82":0,"83":0,"84":0,"85":0,"86":0,"87":0,"88":0,"89":0,"90":0,"91":0,"92":0,"93":0,"94":0,"95":0,"96":0,"97":0,"98":0,"99":0,"100":0},"f":{"0":0,"1":0,"2":0,"3":0,"4":0,"5":0,"6":0,"7":0,"8":0,"9":0,"10":0,"11":0,"12":0,"13":0,"14":0,"15":0,"16":0},"b":{"0":[0],"1":[0],"2":[0],"3":[0,0],"4":[0,0],"5":[0,0],"6":[0,0],"7":[0,0],"8":[0,0],"9":[0,0],"10":[0,0],"11":[0,0],"12":[0,0],"13":[0,0],"14":[0,0],"15":[0,0],"16":[0,0],"17":[0],"18":[0],"19":[0],"20":[0],"21":[0],"22":[0],"23":[0],"24":[0],"25":[0],"26":[0],"27":[0,0],"28":[0,0],"29":[0,0],"30":[0,0,0],"31":[0,0],"32":[0,0],"33":[0,0],"34":[0,0],"35":[0,0],"36":[0,0],"37":[0,0],"38":[0,0],"39":[0,0]}}
,"/home/runner/work/DevSkyy/DevSkyy/src/utils/Logger.ts": {"path":"/home/runner/work/DevSkyy/DevSkyy/src/utils/Logger.ts","statementMap":{"0":{"start":{"line":7,"column":0},"end":{"line":7,"column":54}},"1":{"start":{"line":26,"column":65},"end":{"line":32,"column":4}},"2":{"start":{"line":35,"column":4},"end":{"line":35,"column":27}},"3":{"start":{"line":36,"column":4},"end":{"line":36,"column":84}},"4":{"start":{"line":37,"column":4},"end":{"line":37,"column":55}},"5":{"start":{"line":38,"column":4},"end":{"line":38,"column":50}},"6":{"start":{"line":39,"column":4},"end":{"line":39,"column":37}},"7":{"start":{"line":46,"column":4},"end":{"line":46,"column":69}},"8":{"start":{"line":53,"column":28},"end":{"line":59,"column":6}},"9":{"start":{"line":61,"column":22},"end":{"line":61,"column":43}},"10":{"start":{"line":62,"column":4},"end":{"line":64,"column":5}},"11":{"start":{"line":63,"column":6},"end":{"line":63,"column":34}},"12":{"start":{"line":66,"column":19},"end":{"line":66,"column":37}},"13":{"start":{"line":67,"column":4},"end":{"line":69,"column":5}},"14":{"start":{"line":68,"column":6},"end":{"line":68,"column":28}},"15":{"start":{"line":71,"column":4},"end":{"line":71,"column":17}},"16":{"start":{"line":78,"column":22},"end":{"line":78,"column":51}},"17":{"start":{"line":79,"column":18},"end":{"line":79,"column":53}},"18":{"start":{"line":80,"column":20},"end":{"line":80,"column":44}},"19":{"start":{"line":82,"column":20},"end":{"line":82,"column":73}},"20":{"start":{"line":84,"column":4},"end":{"line":86,"column":5}},"21":{"start":{"line":85,"column":6},"end":{"line":85,"column":47}},"22":{"start":{"line":88,"column":4},"end":{"line":90,"column":5}},"23":{"start":{"line":89,"column":6},"end":{"line":89,"column":45}},"24":{"start":{"line":92,"column":4},"end":{"line":94,"column":5}},"25":{"start":{"line":93,"column":6},"end":{"line":93,"column":56}},"26":{"start":{"line":96,"column":4},"end":{"line":96,"column":21}},"27":{"start":{"line":103,"column":45},"end":{"line":109,"column":6}},"28":{"start":{"line":110,"column":4},"end":{"line":110,"column":31}},"29":{"start":{"line":117,"column":4},"end":{"line":117,"column":21}},"30":{"start":{"line":124,"column":4},"end":{"line":124,"column":36}},"31":{"start":{"line":124,"column":29},"end":{"line":124,"column":36}},"32":{"start":{"line":126,"column":18},"end":{"line":126,"column":51}},"33":{"start":{"line":127,"column":18},"end":{"line":127,"column":42}},"34":{"start":{"line":128,"column":22},"end":{"line":128,"column":50}},"35":{"start":{"line":130,"column":4},"end":{"line":130,"column":48}},"36":{"start":{"line":137,"column":4},"end":{"line":137,"column":51}},"37":{"start":{"line":137,"column":44},"end":{"line":137,"column":51}},"38":{"start":{"line":151,"column":4},"end":{"line":151,"column":39}},"39":{"start":{"line":151,"column":32},"end":{"line":151,"column":39}},"40":{"start":{"line":153,"column":18},"end":{"line":153,"column":63}},"41":{"start":{"line":155,"column":4},"end":{"line":155,"column":31}},"42":{"start":{"line":156,"column":4},"end":{"line":156,"column":28}},"43":{"start":{"line":159,"column":4},"end":{"line":161,"column":5}},"44":{"start":{"line":160,"column":6},"end":{"line":160,"column":77}},"45":{"start":{"line":168,"column":4},"end":{"line":168,"column":41}},"46":{"start":{"line":175,"column":4},"end":{"line":175,"column":40}},"47":{"start":{"line":182,"column":4},"end":{"line":182,"column":40}},"48":{"start":{"line":189,"column":26},"end":{"line":189,"column":41}},"49":{"start":{"line":191,"column":4},"end":{"line":199,"column":5}},"50":{"start":{"line":192,"column":6},"end":{"line":196,"column":8}},"51":{"start":{"line":197,"column":11},"end":{"line":199,"column":5}},"52":{"start":{"line":198,"column":6},"end":{"line":198,"column":37}},"53":{"start":{"line":201,"column":4},"end":{"line":201,"column":46}},"54":{"start":{"line":208,"column":26},"end":{"line":208,"column":41}},"55":{"start":{"line":210,"column":4},"end":{"line":218,"column":5}},"56":{"start":{"line":211,"column":6},"end":{"line":215,"column":8}},"57":{"start":{"line":216,"column":11},"end":{"line":218,"column":5}},"58":{"start":{"line":217,"column":6},"end":{"line":217,"column":37}},"59":{"start":{"line":220,"column":4},"end":{"line":220,"column":46}},"60":{"start":{"line":227,"column":40},"end":{"line":231,"column":6}},"61":{"start":{"line":233,"column":4},"end":{"line":235,"column":5}},"62":{"start":{"line":234,"column":6},"end":{"line":234,"column":44}},"63":{"start":{"line":237,"column":24},"end":{"line":237,"column":62}},"64":{"start":{"line":240,"column":24},"end":{"line":240,"column":57}},"65":{"start":{"line":241,"column":4},"end":{"line":243,"column":6}},"66":{"start":{"line":242,"column":6},"end":{"line":242,"column":73}},"67":{"start":{"line":245,"column":4},"end":{"line":245,"column":23}},"68":{"start":{"line":252,"column":4},"end":{"line":252,"column":23}},"69":{"start":{"line":259,"column":4},"end":{"line":259,"column":22}},"70":{"start":{"line":266,"column":4},"end":{"line":266,"column":33}},"71":{"start":{"line":273,"column":4},"end":{"line":273,"column":30}},"72":{"start":{"line":274,"column":4},"end":{"line":276,"column":5}},"73":{"start":{"line":275,"column":6},"end":{"line":275,"column":31}},"74":{"start":{"line":19,"column":0},"end":{"line":19,"column":13}},"75":{"start":{"line":281,"column":13},"end":{"line":281,"column":44}},"76":{"start":{"line":284,"column":28},"end":{"line":286,"column":1}},"77":{"start":{"line":285,"column":2},"end":{"line":285,"column":38}},"78":{"start":{"line":284,"column":13},"end":{"line":284,"column":28}}},"fnMap":{"0":{"name":"(anonymous_0)","decl":{"start":{"line":34,"column":2},"end":{"line":34,"column":14}},"loc":{"start":{"line":34,"column":58},"end":{"line":40,"column":3}}},"1":{"name":"(anonymous_1)","decl":{"start":{"line":45,"column":10},"end":{"line":45,"column":19}},"loc":{"start":{"line":45,"column":35},"end":{"line":47,"column":3}}},"2":{"name":"(anonymous_2)","decl":{"start":{"line":52,"column":10},"end":{"line":52,"column":24}},"loc":{"start":{"line":52,"column":97},"end":{"line":72,"column":3}}},"3":{"name":"(anonymous_3)","decl":{"start":{"line":77,"column":10},"end":{"line":77,"column":26}},"loc":{"start":{"line":77,"column":42},"end":{"line":97,"column":3}}},"4":{"name":"(anonymous_4)","decl":{"start":{"line":102,"column":10},"end":{"line":102,"column":25}},"loc":{"start":{"line":102,"column":41},"end":{"line":111,"column":3}}},"5":{"name":"(anonymous_5)","decl":{"start":{"line":116,"column":10},"end":{"line":116,"column":27}},"loc":{"start":{"line":116,"column":27},"end":{"line":118,"column":3}}},"6":{"name":"(anonymous_6)","decl":{"start":{"line":123,"column":10},"end":{"line":123,"column":24}},"loc":{"start":{"line":123,"column":40},"end":{"line":131,"column":3}}},"7":{"name":"(anonymous_7)","decl":{"start":{"line":136,"column":10},"end":{"line":136,"column":21}},"loc":{"start":{"line":136,"column":38},"end":{"line":145,"column":3}}},"8":{"name":"(anonymous_8)","decl":{"start":{"line":150,"column":10},"end":{"line":150,"column":13}},"loc":{"start":{"line":150,"column":86},"end":{"line":162,"column":3}}},"9":{"name":"(anonymous_9)","decl":{"start":{"line":167,"column":9},"end":{"line":167,"column":14}},"loc":{"start":{"line":167,"column":66},"end":{"line":169,"column":3}}},"10":{"name":"(anonymous_10)","decl":{"start":{"line":174,"column":9},"end":{"line":174,"column":13}},"loc":{"start":{"line":174,"column":65},"end":{"line":176,"column":3}}},"11":{"name":"(anonymous_11)","decl":{"start":{"line":181,"column":9},"end":{"line":181,"column":13}},"loc":{"start":{"line":181,"column":65},"end":{"line":183,"column":3}}},"12":{"name":"(anonymous_12)","decl":{"start":{"line":188,"column":9},"end":{"line":188,"column":14}},"loc":{"start":{"line":188,"column":91},"end":{"line":202,"column":3}}},"13":{"name":"(anonymous_13)","decl":{"start":{"line":207,"column":9},"end":{"line":207,"column":14}},"loc":{"start":{"line":207,"column":91},"end":{"line":221,"column":3}}},"14":{"name":"(anonymous_14)","decl":{"start":{"line":226,"column":9},"end":{"line":226,"column":14}},"loc":{"start":{"line":226,"column":57},"end":{"line":246,"column":3}}},"15":{"name":"(anonymous_15)","decl":{"start":{"line":241,"column":22},"end":{"line":241,"column":23}},"loc":{"start":{"line":241,"column":99},"end":{"line":243,"column":5}}},"16":{"name":"(anonymous_16)","decl":{"start":{"line":251,"column":9},"end":{"line":251,"column":17}},"loc":{"start":{"line":251,"column":33},"end":{"line":253,"column":3}}},"17":{"name":"(anonymous_17)","decl":{"start":{"line":258,"column":9},"end":{"line":258,"column":17}},"loc":{"start":{"line":258,"column":17},"end":{"line":260,"column":3}}},"18":{"name":"(anonymous_18)","decl":{"start":{"line":265,"column":9},"end":{"line":265,"column":26}},"loc":{"start":{"line":265,"column":43},"end":{"line":267,"column":3}}},"19":{"name":"(anonymous_19)","decl":{"start":{"line":272,"column":9},"end":{"line":272,"column":23}},"loc":{"start":{"line":272,"column":59},"end":{"line":277,"column":3}}},"20":{"name":"(anonymous_20)","decl":{"start":{"line":284,"column":28},"end":{"line":284,"column":29}},"loc":{"start":{"line":284,"column":81},"end":{"line":286,"column":1}}}},"branchMap":{"0":{"loc":{"start":{"line":34,"column":31},"end":{"line":34,"column":58}},"type":"default-arg","locations":[{"start":{"line":34,"column":56},"end":{"line":34,"column":58}}]},"1":{"loc":{"start":{"line":36,"column":17},"end":{"line":36,"column":83}},"type":"binary-expr","locations":[{"start":{"line":36,"column":17},"end":{"line":36,"column":30}},{"start":{"line":36,"column":35},"end":{"line":36,"column":73}},{"start":{"line":36,"column":77},"end":{"line":36,"column":83}}]},"2":{"loc":{"start":{"line":37,"column":25},"end":{"line":37,"column":54}},"type":"binary-expr","locations":[{"start":{"line":37,"column":25},"end":{"line":37,"column":46}},{"start":{"line":37,"column":50},"end":{"line":37,"column":54}}]},"3":{"loc":{"start":{"line":38,"column":22},"end":{"line":38,"column":49}},"type":"binary-expr","locations":[{"start":{"line":38,"column":22},"end":{"line":38,"column":40}},{"start":{"line":38,"column":44},"end":{"line":38,"column":49}}]},"4":{"loc":{"start":{"line":52,"column":59},"end":{"line":52,"column":97}},"type":"default-arg","locations":[{"start":{"line":52,"column":95},"end":{"line":52,"column":97}}]},"5":{"loc":{"start":{"line":62,"column":4},"end":{"line":64,"column":5}},"type":"if","locations":[{"start":{"line":62,"column":4},"end":{"line":64,"column":5}},{"start":{},"end":{}}]},"6":{"loc":{"start":{"line":67,"column":4},"end":{"line":69,"column":5}},"type":"if","locations":[{"start":{"line":67,"column":4},"end":{"line":69,"column":5}},{"start":{},"end":{}}]},"7":{"loc":{"start":{"line":84,"column":4},"end":{"line":86,"column":5}},"type":"if","locations":[{"start":{"line":84,"column":4},"end":{"line":86,"column":5}},{"start":{},"end":{}}]},"8":{"loc":{"start":{"line":88,"column":4},"end":{"line":90,"column":5}},"type":"if","locations":[{"start":{"line":88,"column":4},"end":{"line":90,"column":5}},{"start":{},"end":{}}]},"9":{"loc":{"start":{"line":92,"column":4},"end":{"line":94,"column":5}},"type":"if","locations":[{"start":{"line":92,"column":4},"end":{"line":94,"column":5}},{"start":{},"end":{}}]},"10":{"loc":{"start":{"line":110,"column":11},"end":{"line":110,"column":30}},"type":"binary-expr","locations":[{"start":{"line":110,"column":11},"end":{"line":110,"column":24}},{"start":{"line":110,"column":28},"end":{"line":110,"column":30}}]},"11":{"loc":{"start":{"line":124,"column":4},"end":{"line":124,"column":36}},"type":"if","locations":[{"start":{"line":124,"column":4},"end":{"line":124,"column":36}},{"start":{},"end":{}}]},"12":{"loc":{"start":{"line":137,"column":4},"end":{"line":137,"column":51}},"type":"if","locations":[{"start":{"line":137,"column":4},"end":{"line":137,"column":51}},{"start":{},"end":{}}]},"13":{"loc":{"start":{"line":137,"column":8},"end":{"line":137,"column":42}},"type":"binary-expr","locations":[{"start":{"line":137,"column":8},"end":{"line":137,"column":24}},{"start":{"line":137,"column":28},"end":{"line":137,"column":42}}]},"14":{"loc":{"start":{"line":150,"column":48},"end":{"line":150,"column":86}},"type":"default-arg","locations":[{"start":{"line":150,"column":84},"end":{"line":150,"column":86}}]},"15":{"loc":{"start":{"line":151,"column":4},"end":{"line":151,"column":39}},"type":"if","locations":[{"start":{"line":151,"column":4},"end":{"line":151,"column":39}},{"start":{},"end":{}}]},"16":{"loc":{"start":{"line":159,"column":4},"end":{"line":161,"column":5}},"type":"if","locations":[{"start":{"line":159,"column":4},"end":{"line":161,"column":5}},{"start":{},"end":{}}]},"17":{"loc":{"start":{"line":159,"column":8},"end":{"line":159,"column":61}},"type":"binary-expr","locations":[{"start":{"line":159,"column":8},"end":{"line":159,"column":37}},{"start":{"line":159,"column":41},"end":{"line":159,"column":61}}]},"18":{"loc":{"start":{"line":191,"column":4},"end":{"line":199,"column":5}},"type":"if","locations":[{"start":{"line":191,"column":4},"end":{"line":199,"column":5}},{"start":{"line":197,"column":11},"end":{"line":199,"column":5}}]},"19":{"loc":{"start":{"line":197,"column":11},"end":{"line":199,"column":5}},"type":"if","locations":[{"start":{"line":197,"column":11},"end":{"line":199,"column":5}},{"start":{},"end":{}}]},"20":{"loc":{"start":{"line":210,"column":4},"end":{"line":218,"column":5}},"type":"if","locations":[{"start":{"line":210,"column":4},"end":{"line":218,"column":5}},{"start":{"line":216,"column":11},"end":{"line":218,"column":5}}]},"21":{"loc":{"start":{"line":216,"column":11},"end":{"line":218,"column":5}},"type":"if","locations":[{"start":{"line":216,"column":11},"end":{"line":218,"column":5}},{"start":{},"end":{}}]},"22":{"loc":{"start":{"line":233,"column":4},"end":{"line":235,"column":5}},"type":"if","locations":[{"start":{"line":233,"column":4},"end":{"line":235,"column":5}},{"start":{},"end":{}}]},"23":{"loc":{"start":{"line":241,"column":57},"end":{"line":241,"column":95}},"type":"default-arg","locations":[{"start":{"line":241,"column":93},"end":{"line":241,"column":95}}]},"24":{"loc":{"start":{"line":274,"column":4},"end":{"line":276,"column":5}},"type":"if","locations":[{"start":{"line":274,"column":4},"end":{"line":276,"column":5}},{"start":{},"end":{}}]}},"s":{"0":0,"1":0,"2":0,"3":0,"4":0,"5":0,"6":0,"7":0,"8":0,"9":0,"10":0,"11":0,"12":0,"13":0,"14":0,"15":0,"16":0,"17":0,"18":0,"19":0,"20":0,"21":0,"22":0,"23":0,"24":0,"25":0,"26":0,"27":0,"28":0,"29":0,"30":0,"31":0,"32":0,"33":0,"34":0,"35":0,"36":0,"37":0,"38":0,"39":0,"40":0,"41":0,"42":0,"43":0,"44":0,"45":0,"46":0,"47":0,"48":0,"49":0,"50":0,"51":0,"52":0,"53":0,"54":0,"55":0,"56":0,"57":0,"58":0,"59":0,"60":0,"61":0,"62":0,"63":0,"64":0,"65":0,"66":0,"67":0,"68":0,"69":0,"70":0,"71":0,"72":0,"73":0,"74":0,"75":0,"76":0,"77":0,"78":0},"f":{"0":0,"1":0,"2":0,"3":0,"4":0,"5":0,"6":0,"7":0,"8":0,"9":0,"10":0,"11":0,"12":0,"13":0,"14":0,"15":0,"16":0,"17":0,"18":0,"19":0,"20":0},"b":{"0":[0],"1":[0,0,0],"2":[0,0],"3":[0,0],"4":[0],"5":[0,0],"6":[0,0],"7":[0,0],"8":[0,0],"9":[0,0],"10":[0,0],"11":[0,0],"12":[0,0],"13":[0,0],"14":[0],"15":[0,0],"16":[0,0],"17":[0,0],"18":[0,0],"19":[0,0],"20":[0,0],"21":[0,0],"22":[0,0],"23":[0],"24":[0,0]}}
}
