TN:
SF:src/collections/BlackRoseExperience.ts
FN:119,(anonymous_9)
FN:144,(anonymous_10)
FN:151,(anonymous_11)
FN:163,(anonymous_12)
FN:170,(anonymous_13)
FN:181,(anonymous_14)
FN:194,(anonymous_15)
FN:223,(anonymous_16)
FN:247,(anonymous_17)
FN:280,(anonymous_18)
FN:286,(anonymous_19)
FN:293,(anonymous_20)
FN:321,(anonymous_21)
FN:344,(anonymous_22)
FN:354,(anonymous_23)
FN:361,(anonymous_24)
FN:376,(anonymous_25)
FN:383,(anonymous_26)
FN:427,(anonymous_27)
FN:462,(anonymous_28)
FN:493,(anonymous_29)
FN:497,(anonymous_30)
FN:501,(anonymous_31)
FN:505,(anonymous_32)
FN:514,(anonymous_33)
FN:515,(anonymous_34)
FN:531,(anonymous_35)
FN:538,(anonymous_36)
FN:541,(anonymous_37)
FN:542,(anonymous_38)
FN:543,(anonymous_39)
FN:549,(anonymous_40)
FN:550,(anonymous_41)
FN:551,(anonymous_42)
FNF:34
FNH:30
FNDA:17,(anonymous_9)
FNDA:17,(anonymous_10)
FNDA:17,(anonymous_11)
FNDA:17,(anonymous_12)
FNDA:17,(anonymous_13)
FNDA:16,(anonymous_14)
FNDA:17,(anonymous_15)
FNDA:17,(anonymous_16)
FNDA:17,(anonymous_17)
FNDA:17,(anonymous_18)
FNDA:1,(anonymous_19)
FNDA:1,(anonymous_20)
FNDA:1,(anonymous_21)
FNDA:0,(anonymous_22)
FNDA:0,(anonymous_23)
FNDA:42,(anonymous_24)
FNDA:2,(anonymous_25)
FNDA:2,(anonymous_26)
FNDA:9,(anonymous_27)
FNDA:1,(anonymous_28)
FNDA:1,(anonymous_29)
FNDA:1,(anonymous_30)
FNDA:1,(anonymous_31)
FNDA:2,(anonymous_32)
FNDA:2,(anonymous_33)
FNDA:2,(anonymous_34)
FNDA:2,(anonymous_35)
FNDA:1,(anonymous_36)
FNDA:0,(anonymous_37)
FNDA:50,(anonymous_38)
FNDA:0,(anonymous_39)
FNDA:1,(anonymous_40)
FNDA:1,(anonymous_41)
FNDA:1,(anonymous_42)
DA:17,1
DA:18,1
DA:19,1
DA:20,1
DA:21,1
DA:22,1
DA:65,1
DA:74,1
DA:89,1
DA:99,17
DA:102,17
DA:103,17
DA:104,17
DA:105,17
DA:108,17
DA:112,17
DA:115,17
DA:116,17
DA:117,17
DA:120,17
DA:121,17
DA:122,17
DA:123,17
DA:124,17
DA:125,17
DA:128,17
DA:129,17
DA:130,17
DA:131,17
DA:133,17
DA:134,16
DA:137,17
DA:138,17
DA:139,17
DA:141,17
DA:145,17
DA:146,17
DA:147,17
DA:148,17
DA:152,17
DA:153,17
DA:154,17
DA:155,17
DA:156,17
DA:157,17
DA:158,17
DA:159,17
DA:160,17
DA:164,17
DA:165,17
DA:166,17
DA:167,17
DA:171,17
DA:172,17
DA:173,17
DA:174,17
DA:175,17
DA:176,17
DA:177,17
DA:178,17
DA:182,16
DA:183,16
DA:185,16
DA:191,16
DA:196,17
DA:197,17
DA:202,17
DA:203,17
DA:204,17
DA:205,17
DA:208,17
DA:209,17
DA:213,17
DA:214,17
DA:215,17
DA:216,17
DA:217,17
DA:220,17
DA:225,17
DA:229,17
DA:230,17
DA:231,17
DA:232,17
DA:233,17
DA:234,17
DA:235,17
DA:238,17
DA:239,17
DA:242,17
DA:243,17
DA:244,17
DA:248,17
DA:249,17
DA:258,17
DA:259,850
DA:260,850
DA:265,850
DA:270,850
DA:275,850
DA:276,850
DA:281,17
DA:282,17
DA:283,17
DA:287,1
DA:288,1
DA:289,1
DA:290,1
DA:294,1
DA:295,1
DA:296,1
DA:298,1
DA:299,0
DA:300,0
DA:301,0
DA:302,0
DA:303,0
DA:304,0
DA:310,1
DA:311,1
DA:312,1
DA:313,0
DA:314,0
DA:315,0
DA:316,0
DA:322,1
DA:323,1
DA:324,1
DA:326,1
DA:327,0
DA:328,0
DA:329,0
DA:330,0
DA:331,0
DA:332,0
DA:336,1
DA:337,0
DA:338,0
DA:339,0
DA:345,0
DA:346,0
DA:347,0
DA:348,0
DA:349,0
DA:351,0
DA:355,0
DA:356,0
DA:358,0
DA:362,42
DA:363,42
DA:364,42
DA:365,42
DA:366,42
DA:367,42
DA:368,39
DA:377,2
DA:378,2
DA:380,2
DA:384,2
DA:385,2
DA:388,2
DA:389,2
DA:393,2
DA:394,2
DA:395,2
DA:398,2
DA:399,2
DA:400,7
DA:401,7
DA:406,7
DA:407,7
DA:411,2
DA:412,2
DA:413,2
DA:414,2
DA:416,2
DA:417,2
DA:418,2
DA:419,2
DA:421,2
DA:422,1
DA:423,1
DA:428,9
DA:429,9
DA:430,9
DA:431,9
DA:437,9
DA:438,72
DA:439,72
DA:440,72
DA:441,72
DA:442,72
DA:443,72
DA:444,72
DA:448,9
DA:449,9
DA:456,9
DA:457,9
DA:459,9
DA:463,1
DA:466,1
DA:467,1
DA:472,1
DA:473,1
DA:474,1
DA:475,1
DA:478,1
DA:479,1
DA:480,1
DA:481,1
DA:483,1
DA:484,1
DA:485,1
DA:487,1
DA:488,1
DA:489,1
DA:490,1
DA:494,1
DA:498,1
DA:502,1
DA:506,2
DA:507,100
DA:508,100
DA:509,100
DA:510,100
DA:515,2
DA:516,2
DA:517,2
DA:518,2
DA:519,2
DA:521,2
DA:522,2
DA:524,0
DA:527,2
DA:528,2
DA:532,2
DA:533,2
DA:534,2
DA:539,1
DA:540,1
DA:541,1
DA:542,50
DA:543,1
DA:544,1
DA:545,1
DA:546,1
DA:549,1
DA:550,1
DA:551,1
DA:554,1
LF:249
LH:220
BRDA:119,0,0,16
BRDA:133,1,0,16
BRDA:133,1,1,1
BRDA:298,2,0,0
BRDA:298,2,1,1
BRDA:300,3,0,0
BRDA:300,3,1,0
BRDA:300,4,0,0
BRDA:300,4,1,0
BRDA:302,5,0,0
BRDA:302,5,1,0
BRDA:302,6,0,0
BRDA:302,6,1,0
BRDA:304,7,0,0
BRDA:304,7,1,0
BRDA:312,8,0,0
BRDA:312,8,1,1
BRDA:312,9,0,1
BRDA:312,9,1,0
BRDA:314,10,0,0
BRDA:314,10,1,0
BRDA:314,11,0,0
BRDA:314,11,1,0
BRDA:316,12,0,0
BRDA:316,12,1,0
BRDA:326,13,0,0
BRDA:326,13,1,1
BRDA:328,14,0,0
BRDA:328,14,1,0
BRDA:328,15,0,0
BRDA:328,15,1,0
BRDA:330,16,0,0
BRDA:330,16,1,0
BRDA:336,17,0,0
BRDA:336,17,1,1
BRDA:339,18,0,0
BRDA:339,18,1,0
BRDA:348,19,0,0
BRDA:348,19,1,0
BRDA:356,20,0,0
BRDA:356,20,1,0
BRDA:367,21,0,39
BRDA:367,21,1,3
BRDA:400,22,0,4
BRDA:400,22,1,3
BRDA:421,23,0,1
BRDA:421,23,1,1
BRDA:521,24,0,2
BRDA:521,24,1,0
BRDA:532,25,0,2
BRDA:532,25,1,0
BRDA:545,26,0,1
BRDA:545,26,1,0
BRF:53
BRH:17
end_of_record
TN:
SF:src/collections/LoveHurtsExperience.ts
FN:114,(anonymous_9)
FN:141,(anonymous_10)
FN:148,(anonymous_11)
FN:160,(anonymous_12)
FN:168,(anonymous_13)
FN:179,(anonymous_14)
FN:192,(anonymous_15)
FN:235,(anonymous_16)
FN:245,(anonymous_17)
FN:266,(anonymous_18)
FN:274,(anonymous_19)
FN:314,(anonymous_20)
FN:317,(anonymous_21)
FN:352,(anonymous_22)
FN:398,(anonymous_23)
FN:428,(anonymous_24)
FN:465,(anonymous_25)
FN:470,(anonymous_26)
FN:522,(anonymous_27)
FN:535,(anonymous_28)
FN:546,(anonymous_29)
FN:582,(anonymous_30)
FN:617,(anonymous_31)
FN:621,(anonymous_32)
FN:625,(anonymous_33)
FN:629,(anonymous_34)
FN:630,(anonymous_35)
FN:640,(anonymous_36)
FN:641,(anonymous_37)
FN:680,(anonymous_38)
FN:687,(anonymous_39)
FN:691,(anonymous_40)
FN:692,(anonymous_41)
FN:693,(anonymous_42)
FN:694,(anonymous_43)
FN:701,(anonymous_44)
FN:702,(anonymous_45)
FNF:37
FNH:34
FNDA:14,(anonymous_9)
FNDA:14,(anonymous_10)
FNDA:14,(anonymous_11)
FNDA:14,(anonymous_12)
FNDA:14,(anonymous_13)
FNDA:14,(anonymous_14)
FNDA:14,(anonymous_15)
FNDA:14,(anonymous_16)
FNDA:98,(anonymous_17)
FNDA:14,(anonymous_18)
FNDA:56,(anonymous_19)
FNDA:14,(anonymous_20)
FNDA:56,(anonymous_21)
FNDA:14,(anonymous_22)
FNDA:14,(anonymous_23)
FNDA:14,(anonymous_24)
FNDA:14,(anonymous_25)
FNDA:1,(anonymous_26)
FNDA:9,(anonymous_27)
FNDA:2,(anonymous_28)
FNDA:1,(anonymous_29)
FNDA:1,(anonymous_30)
FNDA:1,(anonymous_31)
FNDA:1,(anonymous_32)
FNDA:1,(anonymous_33)
FNDA:2,(anonymous_34)
FNDA:2,(anonymous_35)
FNDA:8,(anonymous_36)
FNDA:0,(anonymous_37)
FNDA:2,(anonymous_38)
FNDA:1,(anonymous_39)
FNDA:0,(anonymous_40)
FNDA:4,(anonymous_41)
FNDA:0,(anonymous_42)
FNDA:4,(anonymous_43)
FNDA:1,(anonymous_44)
FNDA:1,(anonymous_45)
DA:17,1
DA:18,1
DA:19,1
DA:20,1
DA:21,1
DA:22,1
DA:57,1
DA:68,1
DA:82,1
DA:92,14
DA:95,14
DA:96,14
DA:97,14
DA:98,14
DA:99,14
DA:100,14
DA:101,14
DA:104,14
DA:110,14
DA:111,14
DA:112,14
DA:115,14
DA:116,14
DA:117,14
DA:118,14
DA:119,14
DA:120,14
DA:123,14
DA:124,14
DA:125,14
DA:126,14
DA:128,14
DA:129,14
DA:132,14
DA:133,14
DA:134,14
DA:135,14
DA:136,14
DA:138,14
DA:142,14
DA:143,14
DA:144,14
DA:145,14
DA:149,14
DA:150,14
DA:151,14
DA:152,14
DA:153,14
DA:154,14
DA:155,14
DA:156,14
DA:157,14
DA:161,14
DA:162,14
DA:163,14
DA:164,14
DA:165,14
DA:169,14
DA:170,14
DA:171,14
DA:172,14
DA:173,14
DA:174,14
DA:175,14
DA:176,14
DA:180,14
DA:181,14
DA:183,14
DA:189,14
DA:194,14
DA:195,14
DA:200,14
DA:201,14
DA:202,14
DA:203,14
DA:206,14
DA:207,14
DA:212,14
DA:213,14
DA:214,14
DA:215,14
DA:218,14
DA:219,14
DA:224,14
DA:225,14
DA:226,14
DA:229,14
DA:232,14
DA:237,14
DA:238,14
DA:241,14
DA:245,14
DA:246,98
DA:252,98
DA:253,98
DA:254,98
DA:258,14
DA:259,14
DA:260,14
DA:261,14
DA:262,14
DA:263,14
DA:267,14
DA:274,14
DA:275,56
DA:278,56
DA:279,56
DA:284,56
DA:285,56
DA:288,56
DA:289,56
DA:290,56
DA:291,56
DA:299,56
DA:300,56
DA:302,56
DA:303,56
DA:308,56
DA:309,56
DA:310,56
DA:315,14
DA:317,14
DA:318,56
DA:321,56
DA:322,56
DA:327,56
DA:328,56
DA:329,56
DA:332,56
DA:333,168
DA:334,168
DA:339,168
DA:340,168
DA:341,168
DA:342,168
DA:345,56
DA:346,56
DA:347,56
DA:348,56
DA:353,14
DA:356,14
DA:357,14
DA:362,14
DA:363,14
DA:364,14
DA:367,14
DA:368,14
DA:369,14
DA:370,14
DA:371,14
DA:374,14
DA:375,14
DA:376,14
DA:377,14
DA:380,14
DA:381,14
DA:389,14
DA:390,14
DA:391,14
DA:393,14
DA:394,14
DA:395,14
DA:399,14
DA:400,14
DA:401,14
DA:408,14
DA:409,112
DA:410,112
DA:411,112
DA:412,112
DA:413,112
DA:414,112
DA:417,14
DA:418,14
DA:423,14
DA:425,14
DA:429,14
DA:430,14
DA:431,14
DA:433,14
DA:434,1400
DA:435,1400
DA:436,1400
DA:439,1400
DA:440,1400
DA:441,468
DA:442,932
DA:443,454
DA:445,478
DA:449,14
DA:450,14
DA:451,14
DA:453,14
DA:461,14
DA:462,14
DA:466,14
DA:467,14
DA:471,1
DA:472,1
DA:473,1
DA:475,1
DA:478,1
DA:479,1
DA:480,1
DA:481,0
DA:482,0
DA:487,1
DA:488,1
DA:489,1
DA:490,0
DA:491,0
DA:492,0
DA:493,0
DA:494,0
DA:495,0
DA:496,0
DA:497,0
DA:498,0
DA:505,1
DA:506,1
DA:507,1
DA:508,0
DA:509,0
DA:510,0
DA:511,0
DA:512,0
DA:513,0
DA:514,0
DA:515,0
DA:523,9
DA:524,9
DA:525,9
DA:526,9
DA:527,9
DA:528,9
DA:536,2
DA:537,2
DA:538,1
DA:539,1
DA:540,1
DA:543,2
DA:547,1
DA:548,1
DA:554,1
DA:555,1
DA:560,1
DA:561,1
DA:562,1
DA:565,1
DA:566,1
DA:571,1
DA:572,1
DA:573,1
DA:575,1
DA:576,0
DA:578,1
DA:579,1
DA:583,1
DA:584,1
DA:587,1
DA:588,1
DA:594,1
DA:595,1
DA:596,1
DA:597,1
DA:600,1
DA:601,1
DA:605,1
DA:606,1
DA:607,1
DA:608,1
DA:610,1
DA:611,0
DA:613,1
DA:614,1
DA:618,1
DA:622,1
DA:626,1
DA:630,2
DA:631,2
DA:632,2
DA:635,2
DA:636,2
DA:640,2
DA:641,8
DA:642,0
DA:643,0
DA:644,0
DA:645,0
DA:646,0
DA:652,2
DA:653,2
DA:654,2
DA:655,2
DA:656,2
DA:657,2
DA:658,0
DA:659,0
DA:660,0
DA:661,0
DA:662,0
DA:665,2
DA:669,2
DA:670,2
DA:671,2
DA:673,0
DA:676,2
DA:677,2
DA:681,2
DA:682,2
DA:683,2
DA:688,1
DA:689,1
DA:690,1
DA:691,1
DA:692,4
DA:693,1
DA:694,4
DA:695,1
DA:696,1
DA:697,1
DA:698,1
DA:701,1
DA:702,1
DA:705,1
LF:325
LH:293
BRDA:114,0,0,13
BRDA:128,1,0,14
BRDA:128,1,1,0
BRDA:247,2,0,98
BRDA:247,2,1,0
BRDA:248,3,0,98
BRDA:248,3,1,0
BRDA:252,4,0,98
BRDA:252,4,1,0
BRDA:252,5,0,98
BRDA:252,5,1,0
BRDA:252,6,0,98
BRDA:252,6,1,0
BRDA:289,7,0,56
BRDA:289,7,1,0
BRDA:290,8,0,56
BRDA:290,8,1,0
BRDA:345,9,0,56
BRDA:345,9,1,0
BRDA:345,10,0,56
BRDA:345,10,1,0
BRDA:345,11,0,56
BRDA:345,11,1,0
BRDA:429,12,0,14
BRDA:429,12,1,0
BRDA:440,13,0,468
BRDA:440,13,1,932
BRDA:442,14,0,454
BRDA:442,14,1,478
BRDA:478,15,0,1
BRDA:478,15,1,0
BRDA:480,16,0,0
BRDA:480,16,1,1
BRDA:480,17,0,1
BRDA:480,17,1,0
BRDA:489,18,0,0
BRDA:489,18,1,1
BRDA:489,19,0,1
BRDA:489,19,1,0
BRDA:491,20,0,0
BRDA:491,20,1,0
BRDA:491,21,0,0
BRDA:491,21,1,0
BRDA:493,22,0,0
BRDA:493,22,1,0
BRDA:494,23,0,0
BRDA:494,23,1,0
BRDA:496,24,0,0
BRDA:496,24,1,0
BRDA:497,25,0,0
BRDA:497,25,1,0
BRDA:507,26,0,0
BRDA:507,26,1,1
BRDA:507,27,0,1
BRDA:507,27,1,0
BRDA:509,28,0,0
BRDA:509,28,1,0
BRDA:509,29,0,0
BRDA:509,29,1,0
BRDA:511,30,0,0
BRDA:511,30,1,0
BRDA:512,31,0,0
BRDA:512,31,1,0
BRDA:514,32,0,0
BRDA:514,32,1,0
BRDA:528,33,0,9
BRDA:528,33,1,0
BRDA:537,34,0,1
BRDA:537,34,1,1
BRDA:539,35,0,1
BRDA:539,35,1,0
BRDA:575,36,0,0
BRDA:575,36,1,1
BRDA:610,37,0,0
BRDA:610,37,1,1
BRDA:635,38,0,2
BRDA:635,38,1,0
BRDA:644,39,0,0
BRDA:644,39,1,0
BRDA:644,40,0,0
BRDA:644,40,1,0
BRDA:652,41,0,2
BRDA:652,41,1,0
BRDA:654,42,0,2
BRDA:654,42,1,0
BRDA:654,43,0,2
BRDA:654,43,1,2
BRDA:660,44,0,0
BRDA:660,44,1,0
BRDA:662,45,0,0
BRDA:662,45,1,0
BRDA:670,46,0,2
BRDA:670,46,1,0
BRDA:681,47,0,2
BRDA:681,47,1,0
BRDA:690,48,0,1
BRDA:690,48,1,0
BRDA:695,49,0,1
BRDA:695,49,1,0
BRDA:697,50,0,1
BRDA:697,50,1,0
BRF:101
BRH:40
end_of_record
TN:
SF:src/collections/RunwayExperience.ts
FN:57,(anonymous_9)
FN:95,(anonymous_10)
FN:123,(anonymous_11)
FN:138,(anonymous_12)
FN:147,(anonymous_13)
FN:149,(anonymous_14)
FN:171,(anonymous_15)
FN:180,(anonymous_16)
FN:213,(anonymous_17)
FN:214,(anonymous_18)
FN:223,(anonymous_19)
FN:230,(anonymous_20)
FN:236,(anonymous_21)
FN:238,(anonymous_22)
FNF:14
FNH:13
FNDA:9,(anonymous_9)
FNDA:9,(anonymous_10)
FNDA:9,(anonymous_11)
FNDA:36,(anonymous_12)
FNDA:2,(anonymous_13)
FNDA:1,(anonymous_14)
FNDA:2,(anonymous_15)
FNDA:2,(anonymous_16)
FNDA:2,(anonymous_17)
FNDA:2,(anonymous_18)
FNDA:2,(anonymous_19)
FNDA:1,(anonymous_20)
FNDA:1,(anonymous_21)
FNDA:0,(anonymous_22)
DA:15,1
DA:16,1
DA:17,1
DA:35,1
DA:44,1
DA:51,9
DA:52,9
DA:53,9
DA:54,9
DA:55,9
DA:58,9
DA:59,9
DA:62,9
DA:63,9
DA:64,9
DA:67,9
DA:68,9
DA:69,9
DA:70,9
DA:71,9
DA:72,9
DA:73,9
DA:76,9
DA:82,9
DA:83,9
DA:86,9
DA:87,9
DA:88,9
DA:90,9
DA:91,9
DA:92,9
DA:96,9
DA:99,9
DA:100,9
DA:105,9
DA:106,9
DA:107,9
DA:108,9
DA:111,9
DA:112,9
DA:114,9
DA:115,9
DA:116,9
DA:118,9
DA:119,9
DA:120,9
DA:125,9
DA:126,9
DA:129,9
DA:130,9
DA:131,9
DA:132,9
DA:133,9
DA:134,9
DA:137,9
DA:138,9
DA:139,36
DA:140,36
DA:141,36
DA:142,36
DA:143,36
DA:149,2
DA:151,2
DA:153,3
DA:154,3
DA:159,3
DA:160,3
DA:161,3
DA:162,3
DA:163,3
DA:164,3
DA:165,3
DA:166,3
DA:167,3
DA:172,2
DA:173,1
DA:174,1
DA:175,1
DA:176,1
DA:177,1
DA:181,2
DA:183,0
DA:184,0
DA:186,0
DA:187,0
DA:190,0
DA:191,0
DA:192,0
DA:195,0
DA:198,0
DA:199,0
DA:200,0
DA:201,0
DA:203,0
DA:204,0
DA:205,0
DA:207,0
DA:208,0
DA:214,2
DA:215,2
DA:216,2
DA:217,2
DA:218,2
DA:220,2
DA:224,2
DA:225,2
DA:226,2
DA:231,1
DA:232,1
DA:233,1
DA:237,1
DA:238,1
DA:239,1
DA:240,1
DA:244,1
LF:115
LH:98
BRDA:57,0,0,8
BRDA:139,1,0,36
BRDA:139,1,1,0
BRDA:160,2,0,3
BRDA:160,2,1,0
BRDA:172,3,0,1
BRDA:172,3,1,1
BRDA:177,4,0,1
BRDA:177,4,1,0
BRDA:181,5,0,2
BRDA:181,5,1,0
BRDA:181,6,0,2
BRDA:181,6,1,0
BRDA:184,7,0,0
BRDA:184,7,1,0
BRDA:186,8,0,0
BRDA:186,8,1,0
BRDA:187,9,0,0
BRDA:187,9,1,0
BRDA:198,10,0,0
BRDA:198,10,1,0
BRDA:204,11,0,0
BRDA:204,11,1,0
BRDA:224,12,0,2
BRDA:224,12,1,0
BRF:25
BRH:9
end_of_record
TN:
SF:src/collections/ShowroomExperience.ts
FN:68,(anonymous_9)
FN:111,(anonymous_10)
FN:137,(anonymous_11)
FN:151,(anonymous_12)
FN:157,(anonymous_13)
FN:174,(anonymous_14)
FN:195,(anonymous_15)
FN:208,(anonymous_16)
FN:213,(anonymous_17)
FN:226,(anonymous_18)
FN:227,(anonymous_19)
FN:235,(anonymous_20)
FN:242,(anonymous_21)
FN:248,(anonymous_22)
FN:250,(anonymous_23)
FN:253,(anonymous_24)
FNF:16
FNH:14
FNDA:9,(anonymous_9)
FNDA:9,(anonymous_10)
FNDA:9,(anonymous_11)
FNDA:2,(anonymous_12)
FNDA:2,(anonymous_13)
FNDA:2,(anonymous_14)
FNDA:2,(anonymous_15)
FNDA:1,(anonymous_16)
FNDA:1,(anonymous_17)
FNDA:2,(anonymous_18)
FNDA:2,(anonymous_19)
FNDA:2,(anonymous_20)
FNDA:1,(anonymous_21)
FNDA:1,(anonymous_22)
FNDA:0,(anonymous_23)
FNDA:0,(anonymous_24)
DA:15,1
DA:16,1
DA:17,1
DA:18,1
DA:47,1
DA:57,1
DA:63,9
DA:64,9
DA:66,9
DA:69,9
DA:70,9
DA:72,9
DA:75,9
DA:76,9
DA:77,9
DA:80,9
DA:81,9
DA:82,9
DA:83,9
DA:84,9
DA:85,9
DA:86,9
DA:87,9
DA:90,9
DA:96,9
DA:99,9
DA:100,9
DA:101,9
DA:102,9
DA:103,9
DA:104,9
DA:106,9
DA:107,9
DA:108,9
DA:112,9
DA:115,9
DA:116,9
DA:121,9
DA:122,9
DA:123,9
DA:124,9
DA:127,9
DA:128,9
DA:132,9
DA:133,9
DA:134,9
DA:139,9
DA:140,9
DA:143,9
DA:144,9
DA:145,9
DA:146,9
DA:147,9
DA:148,9
DA:152,2
DA:153,2
DA:159,2
DA:160,2
DA:165,2
DA:166,2
DA:167,2
DA:168,2
DA:169,2
DA:170,2
DA:171,2
DA:175,2
DA:183,2
DA:188,2
DA:189,2
DA:190,2
DA:191,2
DA:192,2
DA:196,2
DA:197,2
DA:200,1
DA:205,1
DA:209,1
DA:210,1
DA:211,1
DA:213,1
DA:214,1
DA:215,1
DA:216,1
DA:218,1
DA:219,1
DA:221,1
DA:223,1
DA:227,2
DA:228,2
DA:229,2
DA:230,2
DA:232,2
DA:236,2
DA:237,2
DA:238,2
DA:243,1
DA:244,1
DA:245,1
DA:249,1
DA:250,1
DA:251,0
DA:253,1
DA:254,0
DA:256,1
DA:257,1
DA:261,1
LF:106
LH:104
BRDA:68,0,0,8
BRDA:115,1,0,9
BRDA:115,1,1,0
BRDA:115,2,0,9
BRDA:115,2,1,0
BRDA:117,3,0,9
BRDA:117,3,1,0
BRDA:127,4,0,9
BRDA:127,4,1,0
BRDA:127,5,0,9
BRDA:127,5,1,0
BRDA:129,6,0,9
BRDA:129,6,1,0
BRDA:133,7,0,9
BRDA:133,7,1,0
BRDA:133,8,0,9
BRDA:133,8,1,0
BRDA:176,9,0,2
BRDA:176,9,1,2
BRDA:197,10,0,1
BRDA:197,10,1,1
BRDA:221,11,0,1
BRDA:221,11,1,0
BRDA:236,12,0,2
BRDA:236,12,1,0
BRF:25
BRH:15
end_of_record
TN:
SF:src/collections/SignatureExperience.ts
FN:112,(anonymous_9)
FN:139,(anonymous_10)
FN:146,(anonymous_11)
FN:158,(anonymous_12)
FN:166,(anonymous_13)
FN:177,(anonymous_14)
FN:189,(anonymous_15)
FN:202,(anonymous_16)
FN:210,(anonymous_17)
FN:232,(anonymous_18)
FN:266,(anonymous_19)
FN:272,(anonymous_20)
FN:280,(anonymous_21)
FN:322,(anonymous_22)
FN:350,(anonymous_23)
FN:397,(anonymous_24)
FN:417,(anonymous_25)
FN:422,(anonymous_26)
FN:455,(anonymous_27)
FN:465,(anonymous_28)
FN:478,(anonymous_29)
FN:485,(anonymous_30)
FN:517,(anonymous_31)
FN:521,(anonymous_32)
FN:525,(anonymous_33)
FN:526,(anonymous_34)
FN:538,(anonymous_35)
FN:559,(anonymous_36)
FN:566,(anonymous_37)
FN:569,(anonymous_38)
FN:570,(anonymous_39)
FN:571,(anonymous_40)
FN:579,(anonymous_41)
FN:580,(anonymous_42)
FNF:34
FNH:31
FNDA:12,(anonymous_9)
FNDA:12,(anonymous_10)
FNDA:12,(anonymous_11)
FNDA:12,(anonymous_12)
FNDA:12,(anonymous_13)
FNDA:12,(anonymous_14)
FNDA:12,(anonymous_15)
FNDA:48,(anonymous_16)
FNDA:12,(anonymous_17)
FNDA:48,(anonymous_18)
FNDA:12,(anonymous_19)
FNDA:96,(anonymous_20)
FNDA:96,(anonymous_21)
FNDA:672,(anonymous_22)
FNDA:12,(anonymous_23)
FNDA:12,(anonymous_24)
FNDA:12,(anonymous_25)
FNDA:1,(anonymous_26)
FNDA:0,(anonymous_27)
FNDA:20,(anonymous_28)
FNDA:1,(anonymous_29)
FNDA:1,(anonymous_30)
FNDA:1,(anonymous_31)
FNDA:1,(anonymous_32)
FNDA:2,(anonymous_33)
FNDA:2,(anonymous_34)
FNDA:0,(anonymous_35)
FNDA:2,(anonymous_36)
FNDA:1,(anonymous_37)
FNDA:0,(anonymous_38)
FNDA:4,(anonymous_39)
FNDA:8,(anonymous_40)
FNDA:1,(anonymous_41)
FNDA:1,(anonymous_42)
DA:17,1
DA:18,1
DA:19,1
DA:20,1
DA:21,1
DA:22,1
DA:54,1
DA:62,1
DA:72,1
DA:83,1
DA:93,12
DA:96,12
DA:97,12
DA:98,12
DA:99,12
DA:100,12
DA:103,12
DA:109,12
DA:110,12
DA:113,12
DA:114,12
DA:115,12
DA:116,12
DA:117,12
DA:118,12
DA:121,12
DA:122,12
DA:123,12
DA:124,12
DA:126,12
DA:127,12
DA:130,12
DA:131,12
DA:132,12
DA:133,12
DA:134,12
DA:136,12
DA:140,12
DA:141,12
DA:142,12
DA:143,12
DA:147,12
DA:148,12
DA:149,12
DA:150,12
DA:151,12
DA:152,12
DA:153,12
DA:154,12
DA:155,12
DA:159,12
DA:160,12
DA:161,12
DA:162,12
DA:163,12
DA:167,12
DA:168,12
DA:169,12
DA:170,12
DA:171,12
DA:172,12
DA:173,12
DA:174,12
DA:178,12
DA:179,12
DA:181,12
DA:186,12
DA:191,12
DA:192,12
DA:196,12
DA:197,12
DA:198,12
DA:199,12
DA:202,12
DA:203,48
DA:207,12
DA:212,12
DA:216,12
DA:217,12
DA:218,12
DA:219,12
DA:220,12
DA:223,12
DA:224,12
DA:227,12
DA:228,12
DA:229,12
DA:233,48
DA:236,48
DA:237,48
DA:241,48
DA:242,48
DA:243,48
DA:244,48
DA:245,48
DA:248,48
DA:249,48
DA:251,48
DA:252,48
DA:253,48
DA:255,48
DA:256,48
DA:257,48
DA:260,48
DA:261,48
DA:262,48
DA:263,48
DA:267,12
DA:272,12
DA:273,96
DA:274,96
DA:275,96
DA:276,96
DA:281,96
DA:284,96
DA:285,96
DA:289,96
DA:290,96
DA:291,96
DA:292,96
DA:295,96
DA:296,480
DA:297,480
DA:302,480
DA:303,480
DA:307,96
DA:308,192
DA:309,192
DA:314,192
DA:315,192
DA:318,96
DA:319,96
DA:323,672
DA:324,672
DA:325,672
DA:330,672
DA:331,5376
DA:332,5376
DA:333,5376
DA:334,5376
DA:335,5376
DA:336,5376
DA:339,672
DA:340,672
DA:345,672
DA:347,672
DA:351,12
DA:354,12
DA:355,12
DA:359,12
DA:360,12
DA:361,12
DA:364,12
DA:365,12
DA:366,12
DA:367,12
DA:370,12
DA:371,12
DA:372,12
DA:373,12
DA:376,12
DA:377,12
DA:382,12
DA:383,240
DA:384,240
DA:389,240
DA:390,240
DA:393,12
DA:394,12
DA:398,12
DA:401,12
DA:402,12
DA:409,12
DA:410,12
DA:412,12
DA:413,12
DA:414,12
DA:418,12
DA:419,12
DA:423,1
DA:424,1
DA:425,1
DA:427,1
DA:430,1
DA:431,1
DA:432,1
DA:433,0
DA:434,0
DA:435,0
DA:436,0
DA:441,1
DA:442,1
DA:443,0
DA:444,0
DA:445,0
DA:446,0
DA:447,0
DA:448,0
DA:449,0
DA:456,0
DA:457,0
DA:458,0
DA:459,0
DA:460,0
DA:462,0
DA:466,20
DA:467,20
DA:468,20
DA:469,20
DA:470,20
DA:471,20
DA:479,1
DA:480,1
DA:482,1
DA:486,1
DA:487,1
DA:490,1
DA:491,1
DA:495,1
DA:496,1
DA:497,1
DA:498,1
DA:501,1
DA:502,1
DA:507,1
DA:508,1
DA:509,1
DA:510,1
DA:512,1
DA:513,1
DA:514,1
DA:518,1
DA:522,1
DA:526,2
DA:527,2
DA:528,2
DA:531,2
DA:532,2
DA:533,2
DA:537,2
DA:538,2
DA:539,0
DA:540,0
DA:541,0
DA:542,0
DA:543,0
DA:548,2
DA:549,2
DA:550,2
DA:552,0
DA:555,2
DA:556,2
DA:560,2
DA:561,2
DA:562,2
DA:567,1
DA:568,1
DA:569,1
DA:570,4
DA:571,8
DA:572,1
DA:573,1
DA:574,1
DA:575,1
DA:576,1
DA:579,1
DA:580,1
DA:583,1
LF:268
LH:245
BRDA:112,0,0,11
BRDA:126,1,0,12
BRDA:126,1,1,0
BRDA:432,2,0,0
BRDA:432,2,1,1
BRDA:432,3,0,1
BRDA:432,3,1,0
BRDA:434,4,0,0
BRDA:434,4,1,0
BRDA:434,5,0,0
BRDA:434,5,1,0
BRDA:436,6,0,0
BRDA:436,6,1,0
BRDA:442,7,0,0
BRDA:442,7,1,1
BRDA:442,8,0,1
BRDA:442,8,1,0
BRDA:444,9,0,0
BRDA:444,9,1,0
BRDA:444,10,0,0
BRDA:444,10,1,0
BRDA:446,11,0,0
BRDA:446,11,1,0
BRDA:447,12,0,0
BRDA:447,12,1,0
BRDA:449,13,0,0
BRDA:449,13,1,0
BRDA:459,14,0,0
BRDA:459,14,1,0
BRDA:471,15,0,20
BRDA:471,15,1,0
BRDA:531,16,0,2
BRDA:531,16,1,0
BRDA:537,17,0,2
BRDA:537,17,1,0
BRDA:541,18,0,0
BRDA:541,18,1,0
BRDA:541,19,0,0
BRDA:541,19,1,0
BRDA:549,20,0,2
BRDA:549,20,1,0
BRDA:560,21,0,2
BRDA:560,21,1,0
BRDA:572,22,0,1
BRDA:572,22,1,0
BRDA:573,23,0,1
BRDA:573,23,1,0
BRDA:575,24,0,1
BRDA:575,24,1,0
BRF:49
BRH:14
end_of_record
TN:
SF:src/services/AgentService.ts
FN:17,(anonymous_0)
FN:26,(anonymous_1)
FN:36,(anonymous_2)
FN:58,(anonymous_3)
FN:75,(anonymous_4)
FN:92,(anonymous_5)
FN:99,(anonymous_6)
FN:106,(anonymous_7)
FN:107,(anonymous_8)
FN:113,(anonymous_9)
FN:145,(anonymous_10)
FN:155,(anonymous_11)
FN:207,(anonymous_12)
FN:211,(anonymous_13)
FN:240,(anonymous_14)
FN:247,(anonymous_15)
FN:254,(anonymous_16)
FN:255,(anonymous_17)
FN:261,(anonymous_18)
FN:280,(anonymous_19)
FN:282,(anonymous_20)
FN:295,(anonymous_21)
FNF:22
FNH:21
FNDA:28,(anonymous_0)
FNDA:28,(anonymous_1)
FNDA:168,(anonymous_2)
FNDA:168,(anonymous_3)
FNDA:168,(anonymous_4)
FNDA:33,(anonymous_5)
FNDA:2,(anonymous_6)
FNDA:23,(anonymous_7)
FNDA:138,(anonymous_8)
FNDA:15,(anonymous_9)
FNDA:0,(anonymous_10)
FNDA:14,(anonymous_11)
FNDA:13,(anonymous_12)
FNDA:13,(anonymous_13)
FNDA:4,(anonymous_14)
FNDA:8,(anonymous_15)
FNDA:7,(anonymous_16)
FNDA:9,(anonymous_17)
FNDA:3,(anonymous_18)
FNDA:3,(anonymous_19)
FNDA:18,(anonymous_20)
FNDA:18,(anonymous_21)
DA:7,1
DA:8,1
DA:9,1
DA:11,1
DA:12,28
DA:13,28
DA:14,28
DA:18,28
DA:19,28
DA:20,28
DA:27,28
DA:36,28
DA:37,168
DA:48,168
DA:49,168
DA:52,28
DA:59,168
DA:69,168
DA:76,168
DA:86,168
DA:93,33
DA:100,2
DA:107,138
DA:119,15
DA:120,15
DA:121,1
DA:125,14
DA:126,14
DA:127,0
DA:130,14
DA:141,14
DA:142,14
DA:145,14
DA:146,0
DA:149,14
DA:156,14
DA:157,14
DA:158,0
DA:161,14
DA:162,1
DA:164,1
DA:167,13
DA:168,13
DA:169,13
DA:171,13
DA:172,13
DA:174,13
DA:176,13
DA:178,11
DA:179,11
DA:180,11
DA:181,11
DA:183,11
DA:184,11
DA:186,0
DA:193,0
DA:194,0
DA:195,0
DA:197,0
DA:198,0
DA:200,11
DA:208,13
DA:211,13
DA:213,11
DA:215,11
DA:241,4
DA:248,8
DA:255,9
DA:262,3
DA:263,3
DA:264,1
DA:267,2
DA:268,2
DA:269,2
DA:271,2
DA:272,2
DA:274,2
DA:281,3
DA:282,18
DA:283,3
DA:284,3
DA:285,3
DA:286,3
DA:288,3
DA:295,18
LF:85
LH:76
BRDA:69,0,0,168
BRDA:69,0,1,0
BRDA:86,1,0,168
BRDA:86,1,1,0
BRDA:117,2,0,14
BRDA:120,3,0,1
BRDA:120,3,1,14
BRDA:126,4,0,0
BRDA:126,4,1,14
BRDA:157,5,0,0
BRDA:157,5,1,14
BRDA:161,6,0,1
BRDA:161,6,1,13
BRDA:188,7,0,0
BRDA:188,7,1,0
BRDA:190,8,0,0
BRDA:190,8,1,0
BRDA:190,9,0,0
BRDA:190,9,1,0
BRDA:263,10,0,1
BRDA:263,10,1,2
BRDA:263,11,0,3
BRDA:263,11,1,2
BRDA:263,11,2,2
BRF:24
BRH:14
end_of_record
TN:
SF:src/services/OpenAIService.ts
FN:74,(anonymous_0)
FN:87,(anonymous_1)
FN:150,(anonymous_2)
FN:168,(anonymous_3)
FN:188,(anonymous_4)
FN:203,(anonymous_5)
FN:224,(anonymous_6)
FN:231,(anonymous_7)
FN:246,(anonymous_8)
FNF:9
FNH:9
FNDA:22,(anonymous_0)
FNDA:19,(anonymous_1)
FNDA:7,(anonymous_2)
FNDA:4,(anonymous_3)
FNDA:2,(anonymous_4)
FNDA:2,(anonymous_5)
FNDA:1,(anonymous_6)
FNDA:3,(anonymous_7)
FNDA:2,(anonymous_8)
DA:6,1
DA:7,1
DA:69,1
DA:75,22
DA:76,22
DA:77,22
DA:79,22
DA:80,0
DA:92,19
DA:93,19
DA:95,19
DA:96,19
DA:106,19
DA:107,18
DA:110,19
DA:112,17
DA:113,17
DA:115,17
DA:116,2
DA:117,2
DA:120,15
DA:126,15
DA:137,4
DA:138,4
DA:143,4
DA:151,7
DA:162,7
DA:169,4
DA:182,4
DA:189,2
DA:197,2
DA:207,2
DA:214,2
DA:225,1
DA:235,3
DA:240,3
DA:255,2
DA:256,2
DA:267,1
LF:39
LH:38
BRDA:79,0,0,0
BRDA:79,0,1,22
BRDA:89,1,0,0
BRDA:106,2,0,18
BRDA:106,2,1,1
BRDA:115,3,0,2
BRDA:115,3,1,15
BRDA:117,4,0,2
BRDA:117,4,1,0
BRDA:130,5,0,15
BRDA:130,5,1,12
BRDA:152,6,0,7
BRDA:152,6,1,6
BRDA:154,7,0,7
BRDA:154,7,1,7
BRDA:155,8,0,7
BRDA:155,8,1,7
BRDA:170,9,0,4
BRDA:170,9,1,2
BRDA:172,10,0,4
BRDA:172,10,1,2
BRDA:173,11,0,4
BRDA:173,11,1,4
BRDA:191,12,0,2
BRDA:191,12,1,2
BRDA:192,13,0,2
BRDA:192,13,1,1
BRDA:193,14,0,2
BRDA:193,14,1,1
BRDA:194,15,0,2
BRDA:194,15,1,1
BRDA:205,16,0,1
BRDA:233,17,0,2
BRF:33
BRH:30
end_of_record
TN:
SF:src/services/ThreeJSService.ts
FN:42,(anonymous_9)
FN:49,(anonymous_10)
FN:112,(anonymous_11)
FN:131,(anonymous_12)
FN:150,(anonymous_13)
FN:169,(anonymous_14)
FN:189,(anonymous_15)
FN:199,(anonymous_16)
FN:207,(anonymous_17)
FN:212,(anonymous_18)
FN:229,(anonymous_19)
FN:240,(anonymous_20)
FN:251,(anonymous_21)
FN:268,(anonymous_22)
FN:288,(anonymous_23)
FN:295,(anonymous_24)
FN:302,(anonymous_25)
FNF:17
FNH:17
FNDA:33,(anonymous_9)
FNDA:18,(anonymous_10)
FNDA:18,(anonymous_11)
FNDA:6,(anonymous_12)
FNDA:2,(anonymous_13)
FNDA:2,(anonymous_14)
FNDA:3,(anonymous_15)
FNDA:2,(anonymous_16)
FNDA:6,(anonymous_17)
FNDA:6,(anonymous_18)
FNDA:36,(anonymous_19)
FNDA:2,(anonymous_20)
FNDA:2,(anonymous_21)
FNDA:34,(anonymous_22)
FNDA:6,(anonymous_23)
FNDA:4,(anonymous_24)
FNDA:4,(anonymous_25)
DA:6,1
DA:7,1
DA:8,1
DA:35,1
DA:37,33
DA:38,33
DA:39,33
DA:40,33
DA:43,33
DA:55,18
DA:57,18
DA:59,18
DA:60,1
DA:63,18
DA:64,1
DA:68,18
DA:75,18
DA:76,18
DA:78,18
DA:79,18
DA:80,18
DA:83,18
DA:86,18
DA:93,18
DA:94,1
DA:96,17
DA:100,18
DA:102,18
DA:104,0
DA:105,0
DA:113,18
DA:116,18
DA:117,18
DA:120,18
DA:121,18
DA:122,18
DA:123,18
DA:124,18
DA:125,18
DA:136,6
DA:137,6
DA:138,6
DA:140,6
DA:141,6
DA:142,6
DA:144,6
DA:155,2
DA:156,2
DA:157,2
DA:159,2
DA:160,2
DA:161,2
DA:163,2
DA:175,2
DA:176,2
DA:177,2
DA:179,2
DA:180,2
DA:181,2
DA:183,2
DA:190,3
DA:191,1
DA:193,2
DA:200,2
DA:201,1
DA:208,6
DA:209,1
DA:212,5
DA:213,6
DA:215,6
DA:216,2
DA:219,6
DA:222,5
DA:223,5
DA:230,36
DA:231,5
DA:232,5
DA:233,5
DA:241,2
DA:243,1
DA:244,1
DA:245,1
DA:252,2
DA:253,1
DA:256,1
DA:269,34
DA:271,34
DA:272,18
DA:273,18
DA:276,34
DA:277,18
DA:278,18
DA:281,34
DA:282,34
DA:289,6
DA:296,4
DA:303,4
DA:308,1
LF:98
LH:96
BRDA:51,0,0,14
BRDA:52,1,0,17
BRDA:53,2,0,17
BRDA:59,3,0,1
BRDA:59,3,1,17
BRDA:63,4,0,1
BRDA:63,4,1,17
BRDA:69,5,0,18
BRDA:69,5,1,18
BRDA:70,6,0,18
BRDA:70,6,1,18
BRDA:71,7,0,18
BRDA:71,7,1,18
BRDA:72,8,0,18
BRDA:72,8,1,18
BRDA:78,9,0,18
BRDA:78,9,1,0
BRDA:78,10,0,18
BRDA:78,10,1,17
BRDA:87,11,0,18
BRDA:87,11,1,18
BRDA:88,12,0,18
BRDA:88,12,1,18
BRDA:89,13,0,18
BRDA:89,13,1,18
BRDA:90,14,0,18
BRDA:90,14,1,18
BRDA:93,15,0,1
BRDA:93,15,1,17
BRDA:113,16,0,0
BRDA:113,16,1,18
BRDA:132,17,0,5
BRDA:133,18,0,5
BRDA:134,19,0,5
BRDA:151,20,0,1
BRDA:152,21,0,1
BRDA:153,22,0,1
BRDA:170,23,0,1
BRDA:171,24,0,1
BRDA:172,25,0,1
BRDA:173,26,0,1
BRDA:190,27,0,1
BRDA:190,27,1,2
BRDA:200,28,0,1
BRDA:200,28,1,1
BRDA:208,29,0,1
BRDA:208,29,1,5
BRDA:208,30,0,6
BRDA:208,30,1,5
BRDA:208,30,2,5
BRDA:215,31,0,2
BRDA:215,31,1,4
BRDA:230,32,0,5
BRDA:230,32,1,31
BRDA:241,33,0,1
BRDA:241,33,1,1
BRDA:241,34,0,2
BRDA:241,34,1,1
BRDA:252,35,0,1
BRDA:252,35,1,1
BRDA:252,36,0,2
BRDA:252,36,1,1
BRDA:261,37,0,1
BRDA:261,37,1,0
BRDA:271,38,0,18
BRDA:271,38,1,16
BRDA:276,39,0,18
BRDA:276,39,1,16
BRF:68
BRH:65
end_of_record
TN:
SF:src/utils/Logger.ts
FN:34,(anonymous_0)
FN:45,(anonymous_1)
FN:52,(anonymous_2)
FN:77,(anonymous_3)
FN:102,(anonymous_4)
FN:116,(anonymous_5)
FN:123,(anonymous_6)
FN:136,(anonymous_7)
FN:150,(anonymous_8)
FN:167,(anonymous_9)
FN:174,(anonymous_10)
FN:181,(anonymous_11)
FN:188,(anonymous_12)
FN:207,(anonymous_13)
FN:226,(anonymous_14)
FN:241,(anonymous_15)
FN:251,(anonymous_16)
FN:258,(anonymous_17)
FN:265,(anonymous_18)
FN:272,(anonymous_19)
FN:284,(anonymous_20)
FNF:21
FNH:21
FNDA:109,(anonymous_0)
FNDA:113,(anonymous_1)
FNDA:111,(anonymous_2)
FNDA:108,(anonymous_3)
FNDA:108,(anonymous_4)
FNDA:108,(anonymous_5)
FNDA:111,(anonymous_6)
FNDA:111,(anonymous_7)
FNDA:113,(anonymous_8)
FNDA:5,(anonymous_9)
FNDA:97,(anonymous_10)
FNDA:2,(anonymous_11)
FNDA:5,(anonymous_12)
FNDA:4,(anonymous_13)
FNDA:4,(anonymous_14)
FNDA:1,(anonymous_15)
FNDA:2,(anonymous_16)
FNDA:5,(anonymous_17)
FNDA:2,(anonymous_18)
FNDA:2,(anonymous_19)
FNDA:2,(anonymous_20)
DA:7,2
DA:19,2
DA:26,2
DA:35,109
DA:36,109
DA:37,109
DA:38,109
DA:39,109
DA:46,113
DA:53,111
DA:61,111
DA:62,111
DA:63,1
DA:66,111
DA:67,111
DA:68,2
DA:71,111
DA:78,108
DA:79,108
DA:80,108
DA:82,108
DA:84,108
DA:85,1
DA:88,108
DA:89,2
DA:92,108
DA:93,9
DA:96,108
DA:103,108
DA:110,108
DA:117,108
DA:124,111
DA:126,108
DA:127,108
DA:128,108
DA:130,108
DA:137,111
DA:151,113
DA:153,111
DA:155,111
DA:156,111
DA:159,111
DA:160,111
DA:168,5
DA:175,97
DA:182,2
DA:189,5
DA:191,5
DA:192,1
DA:197,4
DA:198,1
DA:201,5
DA:208,4
DA:210,4
DA:211,1
DA:216,3
DA:217,1
DA:220,4
DA:227,4
DA:233,4
DA:234,1
DA:237,4
DA:240,4
DA:241,4
DA:242,1
DA:245,4
DA:252,2
DA:259,5
DA:266,2
DA:273,2
DA:274,2
DA:275,1
DA:281,2
DA:284,2
DA:285,2
LF:75
LH:75
BRDA:34,0,0,88
BRDA:36,1,0,109
BRDA:36,1,1,93
BRDA:36,1,2,0
BRDA:37,2,0,109
BRDA:37,2,1,102
BRDA:38,3,0,109
BRDA:38,3,1,103
BRDA:52,4,0,0
BRDA:62,5,0,1
BRDA:62,5,1,110
BRDA:67,6,0,2
BRDA:67,6,1,109
BRDA:84,7,0,1
BRDA:84,7,1,107
BRDA:88,8,0,2
BRDA:88,8,1,106
BRDA:92,9,0,9
BRDA:92,9,1,99
BRDA:110,10,0,108
BRDA:110,10,1,0
BRDA:124,11,0,3
BRDA:124,11,1,108
BRDA:137,12,0,110
BRDA:137,12,1,1
BRDA:137,13,0,111
BRDA:137,13,1,1
BRDA:150,14,0,99
BRDA:151,15,0,2
BRDA:151,15,1,111
BRDA:159,16,0,111
BRDA:159,16,1,0
BRDA:159,17,0,111
BRDA:159,17,1,111
BRDA:191,18,0,1
BRDA:191,18,1,4
BRDA:197,19,0,1
BRDA:197,19,1,3
BRDA:210,20,0,1
BRDA:210,20,1,3
BRDA:216,21,0,1
BRDA:216,21,1,2
BRDA:233,22,0,1
BRDA:233,22,1,3
BRDA:241,23,0,1
BRDA:274,24,0,1
BRDA:274,24,1,1
BRF:47
BRH:43
end_of_record
