TN:
SF:src/collections/BlackRoseExperience.ts
FN:119,(anonymous_9)
FN:144,(anonymous_10)
FN:151,(anonymous_11)
FN:163,(anonymous_12)
FN:170,(anonymous_13)
FN:181,(anonymous_14)
FN:194,(anonymous_15)
FN:223,(anonymous_16)
FN:247,(anonymous_17)
FN:280,(anonymous_18)
FN:286,(anonymous_19)
FN:293,(anonymous_20)
FN:321,(anonymous_21)
FN:344,(anonymous_22)
FN:354,(anonymous_23)
FN:361,(anonymous_24)
FN:376,(anonymous_25)
FN:383,(anonymous_26)
FN:427,(anonymous_27)
FN:462,(anonymous_28)
FN:493,(anonymous_29)
FN:497,(anonymous_30)
FN:501,(anonymous_31)
FN:505,(anonymous_32)
FN:514,(anonymous_33)
FN:515,(anonymous_34)
FN:531,(anonymous_35)
FN:538,(anonymous_36)
FN:541,(anonymous_37)
FN:542,(anonymous_38)
FN:543,(anonymous_39)
FN:549,(anonymous_40)
FN:550,(anonymous_41)
FN:551,(anonymous_42)
FNF:34
FNH:0
FNDA:0,(anonymous_9)
FNDA:0,(anonymous_10)
FNDA:0,(anonymous_11)
FNDA:0,(anonymous_12)
FNDA:0,(anonymous_13)
FNDA:0,(anonymous_14)
FNDA:0,(anonymous_15)
FNDA:0,(anonymous_16)
FNDA:0,(anonymous_17)
FNDA:0,(anonymous_18)
FNDA:0,(anonymous_19)
FNDA:0,(anonymous_20)
FNDA:0,(anonymous_21)
FNDA:0,(anonymous_22)
FNDA:0,(anonymous_23)
FNDA:0,(anonymous_24)
FNDA:0,(anonymous_25)
FNDA:0,(anonymous_26)
FNDA:0,(anonymous_27)
FNDA:0,(anonymous_28)
FNDA:0,(anonymous_29)
FNDA:0,(anonymous_30)
FNDA:0,(anonymous_31)
FNDA:0,(anonymous_32)
FNDA:0,(anonymous_33)
FNDA:0,(anonymous_34)
FNDA:0,(anonymous_35)
FNDA:0,(anonymous_36)
FNDA:0,(anonymous_37)
FNDA:0,(anonymous_38)
FNDA:0,(anonymous_39)
FNDA:0,(anonymous_40)
FNDA:0,(anonymous_41)
FNDA:0,(anonymous_42)
DA:17,0
DA:18,0
DA:19,0
DA:20,0
DA:21,0
DA:22,0
DA:65,0
DA:74,0
DA:89,0
DA:99,0
DA:102,0
DA:103,0
DA:104,0
DA:105,0
DA:108,0
DA:112,0
DA:115,0
DA:116,0
DA:117,0
DA:120,0
DA:121,0
DA:122,0
DA:123,0
DA:124,0
DA:125,0
DA:128,0
DA:129,0
DA:130,0
DA:131,0
DA:133,0
DA:134,0
DA:137,0
DA:138,0
DA:139,0
DA:141,0
DA:145,0
DA:146,0
DA:147,0
DA:148,0
DA:152,0
DA:153,0
DA:154,0
DA:155,0
DA:156,0
DA:157,0
DA:158,0
DA:159,0
DA:160,0
DA:164,0
DA:165,0
DA:166,0
DA:167,0
DA:171,0
DA:172,0
DA:173,0
DA:174,0
DA:175,0
DA:176,0
DA:177,0
DA:178,0
DA:182,0
DA:183,0
DA:185,0
DA:191,0
DA:196,0
DA:197,0
DA:202,0
DA:203,0
DA:204,0
DA:205,0
DA:208,0
DA:209,0
DA:213,0
DA:214,0
DA:215,0
DA:216,0
DA:217,0
DA:220,0
DA:225,0
DA:229,0
DA:230,0
DA:231,0
DA:232,0
DA:233,0
DA:234,0
DA:235,0
DA:238,0
DA:239,0
DA:242,0
DA:243,0
DA:244,0
DA:248,0
DA:249,0
DA:258,0
DA:259,0
DA:260,0
DA:265,0
DA:270,0
DA:275,0
DA:276,0
DA:281,0
DA:282,0
DA:283,0
DA:287,0
DA:288,0
DA:289,0
DA:290,0
DA:294,0
DA:295,0
DA:296,0
DA:298,0
DA:299,0
DA:300,0
DA:301,0
DA:302,0
DA:303,0
DA:304,0
DA:310,0
DA:311,0
DA:312,0
DA:313,0
DA:314,0
DA:315,0
DA:316,0
DA:322,0
DA:323,0
DA:324,0
DA:326,0
DA:327,0
DA:328,0
DA:329,0
DA:330,0
DA:331,0
DA:332,0
DA:336,0
DA:337,0
DA:338,0
DA:339,0
DA:345,0
DA:346,0
DA:347,0
DA:348,0
DA:349,0
DA:351,0
DA:355,0
DA:356,0
DA:358,0
DA:362,0
DA:363,0
DA:364,0
DA:365,0
DA:366,0
DA:367,0
DA:368,0
DA:377,0
DA:378,0
DA:380,0
DA:384,0
DA:385,0
DA:388,0
DA:389,0
DA:393,0
DA:394,0
DA:395,0
DA:398,0
DA:399,0
DA:400,0
DA:401,0
DA:406,0
DA:407,0
DA:411,0
DA:412,0
DA:413,0
DA:414,0
DA:416,0
DA:417,0
DA:418,0
DA:419,0
DA:421,0
DA:422,0
DA:423,0
DA:428,0
DA:429,0
DA:430,0
DA:431,0
DA:437,0
DA:438,0
DA:439,0
DA:440,0
DA:441,0
DA:442,0
DA:443,0
DA:444,0
DA:448,0
DA:449,0
DA:456,0
DA:457,0
DA:459,0
DA:463,0
DA:466,0
DA:467,0
DA:472,0
DA:473,0
DA:474,0
DA:475,0
DA:478,0
DA:479,0
DA:480,0
DA:481,0
DA:483,0
DA:484,0
DA:485,0
DA:487,0
DA:488,0
DA:489,0
DA:490,0
DA:494,0
DA:498,0
DA:502,0
DA:506,0
DA:507,0
DA:508,0
DA:509,0
DA:510,0
DA:515,0
DA:516,0
DA:517,0
DA:518,0
DA:519,0
DA:521,0
DA:522,0
DA:524,0
DA:527,0
DA:528,0
DA:532,0
DA:533,0
DA:534,0
DA:539,0
DA:540,0
DA:541,0
DA:542,0
DA:543,0
DA:544,0
DA:545,0
DA:546,0
DA:549,0
DA:550,0
DA:551,0
DA:554,0
LF:249
LH:0
BRDA:119,0,0,0
BRDA:133,1,0,0
BRDA:133,1,1,0
BRDA:298,2,0,0
BRDA:298,2,1,0
BRDA:300,3,0,0
BRDA:300,3,1,0
BRDA:300,4,0,0
BRDA:300,4,1,0
BRDA:302,5,0,0
BRDA:302,5,1,0
BRDA:302,6,0,0
BRDA:302,6,1,0
BRDA:304,7,0,0
BRDA:304,7,1,0
BRDA:312,8,0,0
BRDA:312,8,1,0
BRDA:312,9,0,0
BRDA:312,9,1,0
BRDA:314,10,0,0
BRDA:314,10,1,0
BRDA:314,11,0,0
BRDA:314,11,1,0
BRDA:316,12,0,0
BRDA:316,12,1,0
BRDA:326,13,0,0
BRDA:326,13,1,0
BRDA:328,14,0,0
BRDA:328,14,1,0
BRDA:328,15,0,0
BRDA:328,15,1,0
BRDA:330,16,0,0
BRDA:330,16,1,0
BRDA:336,17,0,0
BRDA:336,17,1,0
BRDA:339,18,0,0
BRDA:339,18,1,0
BRDA:348,19,0,0
BRDA:348,19,1,0
BRDA:356,20,0,0
BRDA:356,20,1,0
BRDA:367,21,0,0
BRDA:367,21,1,0
BRDA:400,22,0,0
BRDA:400,22,1,0
BRDA:421,23,0,0
BRDA:421,23,1,0
BRDA:521,24,0,0
BRDA:521,24,1,0
BRDA:532,25,0,0
BRDA:532,25,1,0
BRDA:545,26,0,0
BRDA:545,26,1,0
BRF:53
BRH:0
end_of_record
TN:
SF:src/collections/LoveHurtsExperience.ts
FN:114,(anonymous_9)
FN:141,(anonymous_10)
FN:148,(anonymous_11)
FN:160,(anonymous_12)
FN:168,(anonymous_13)
FN:179,(anonymous_14)
FN:192,(anonymous_15)
FN:235,(anonymous_16)
FN:245,(anonymous_17)
FN:266,(anonymous_18)
FN:274,(anonymous_19)
FN:314,(anonymous_20)
FN:317,(anonymous_21)
FN:352,(anonymous_22)
FN:398,(anonymous_23)
FN:428,(anonymous_24)
FN:465,(anonymous_25)
FN:470,(anonymous_26)
FN:522,(anonymous_27)
FN:535,(anonymous_28)
FN:546,(anonymous_29)
FN:582,(anonymous_30)
FN:617,(anonymous_31)
FN:621,(anonymous_32)
FN:625,(anonymous_33)
FN:629,(anonymous_34)
FN:630,(anonymous_35)
FN:640,(anonymous_36)
FN:641,(anonymous_37)
FN:680,(anonymous_38)
FN:687,(anonymous_39)
FN:691,(anonymous_40)
FN:692,(anonymous_41)
FN:693,(anonymous_42)
FN:694,(anonymous_43)
FN:701,(anonymous_44)
FN:702,(anonymous_45)
FNF:37
FNH:0
FNDA:0,(anonymous_9)
FNDA:0,(anonymous_10)
FNDA:0,(anonymous_11)
FNDA:0,(anonymous_12)
FNDA:0,(anonymous_13)
FNDA:0,(anonymous_14)
FNDA:0,(anonymous_15)
FNDA:0,(anonymous_16)
FNDA:0,(anonymous_17)
FNDA:0,(anonymous_18)
FNDA:0,(anonymous_19)
FNDA:0,(anonymous_20)
FNDA:0,(anonymous_21)
FNDA:0,(anonymous_22)
FNDA:0,(anonymous_23)
FNDA:0,(anonymous_24)
FNDA:0,(anonymous_25)
FNDA:0,(anonymous_26)
FNDA:0,(anonymous_27)
FNDA:0,(anonymous_28)
FNDA:0,(anonymous_29)
FNDA:0,(anonymous_30)
FNDA:0,(anonymous_31)
FNDA:0,(anonymous_32)
FNDA:0,(anonymous_33)
FNDA:0,(anonymous_34)
FNDA:0,(anonymous_35)
FNDA:0,(anonymous_36)
FNDA:0,(anonymous_37)
FNDA:0,(anonymous_38)
FNDA:0,(anonymous_39)
FNDA:0,(anonymous_40)
FNDA:0,(anonymous_41)
FNDA:0,(anonymous_42)
FNDA:0,(anonymous_43)
FNDA:0,(anonymous_44)
FNDA:0,(anonymous_45)
DA:17,0
DA:18,0
DA:19,0
DA:20,0
DA:21,0
DA:22,0
DA:57,0
DA:68,0
DA:82,0
DA:92,0
DA:95,0
DA:96,0
DA:97,0
DA:98,0
DA:99,0
DA:100,0
DA:101,0
DA:104,0
DA:110,0
DA:111,0
DA:112,0
DA:115,0
DA:116,0
DA:117,0
DA:118,0
DA:119,0
DA:120,0
DA:123,0
DA:124,0
DA:125,0
DA:126,0
DA:128,0
DA:129,0
DA:132,0
DA:133,0
DA:134,0
DA:135,0
DA:136,0
DA:138,0
DA:142,0
DA:143,0
DA:144,0
DA:145,0
DA:149,0
DA:150,0
DA:151,0
DA:152,0
DA:153,0
DA:154,0
DA:155,0
DA:156,0
DA:157,0
DA:161,0
DA:162,0
DA:163,0
DA:164,0
DA:165,0
DA:169,0
DA:170,0
DA:171,0
DA:172,0
DA:173,0
DA:174,0
DA:175,0
DA:176,0
DA:180,0
DA:181,0
DA:183,0
DA:189,0
DA:194,0
DA:195,0
DA:200,0
DA:201,0
DA:202,0
DA:203,0
DA:206,0
DA:207,0
DA:212,0
DA:213,0
DA:214,0
DA:215,0
DA:218,0
DA:219,0
DA:224,0
DA:225,0
DA:226,0
DA:229,0
DA:232,0
DA:237,0
DA:238,0
DA:241,0
DA:245,0
DA:246,0
DA:252,0
DA:253,0
DA:254,0
DA:258,0
DA:259,0
DA:260,0
DA:261,0
DA:262,0
DA:263,0
DA:267,0
DA:274,0
DA:275,0
DA:278,0
DA:279,0
DA:284,0
DA:285,0
DA:288,0
DA:289,0
DA:290,0
DA:291,0
DA:299,0
DA:300,0
DA:302,0
DA:303,0
DA:308,0
DA:309,0
DA:310,0
DA:315,0
DA:317,0
DA:318,0
DA:321,0
DA:322,0
DA:327,0
DA:328,0
DA:329,0
DA:332,0
DA:333,0
DA:334,0
DA:339,0
DA:340,0
DA:341,0
DA:342,0
DA:345,0
DA:346,0
DA:347,0
DA:348,0
DA:353,0
DA:356,0
DA:357,0
DA:362,0
DA:363,0
DA:364,0
DA:367,0
DA:368,0
DA:369,0
DA:370,0
DA:371,0
DA:374,0
DA:375,0
DA:376,0
DA:377,0
DA:380,0
DA:381,0
DA:389,0
DA:390,0
DA:391,0
DA:393,0
DA:394,0
DA:395,0
DA:399,0
DA:400,0
DA:401,0
DA:408,0
DA:409,0
DA:410,0
DA:411,0
DA:412,0
DA:413,0
DA:414,0
DA:417,0
DA:418,0
DA:423,0
DA:425,0
DA:429,0
DA:430,0
DA:431,0
DA:433,0
DA:434,0
DA:435,0
DA:436,0
DA:439,0
DA:440,0
DA:441,0
DA:442,0
DA:443,0
DA:445,0
DA:449,0
DA:450,0
DA:451,0
DA:453,0
DA:461,0
DA:462,0
DA:466,0
DA:467,0
DA:471,0
DA:472,0
DA:473,0
DA:475,0
DA:478,0
DA:479,0
DA:480,0
DA:481,0
DA:482,0
DA:487,0
DA:488,0
DA:489,0
DA:490,0
DA:491,0
DA:492,0
DA:493,0
DA:494,0
DA:495,0
DA:496,0
DA:497,0
DA:498,0
DA:505,0
DA:506,0
DA:507,0
DA:508,0
DA:509,0
DA:510,0
DA:511,0
DA:512,0
DA:513,0
DA:514,0
DA:515,0
DA:523,0
DA:524,0
DA:525,0
DA:526,0
DA:527,0
DA:528,0
DA:536,0
DA:537,0
DA:538,0
DA:539,0
DA:540,0
DA:543,0
DA:547,0
DA:548,0
DA:554,0
DA:555,0
DA:560,0
DA:561,0
DA:562,0
DA:565,0
DA:566,0
DA:571,0
DA:572,0
DA:573,0
DA:575,0
DA:576,0
DA:578,0
DA:579,0
DA:583,0
DA:584,0
DA:587,0
DA:588,0
DA:594,0
DA:595,0
DA:596,0
DA:597,0
DA:600,0
DA:601,0
DA:605,0
DA:606,0
DA:607,0
DA:608,0
DA:610,0
DA:611,0
DA:613,0
DA:614,0
DA:618,0
DA:622,0
DA:626,0
DA:630,0
DA:631,0
DA:632,0
DA:635,0
DA:636,0
DA:640,0
DA:641,0
DA:642,0
DA:643,0
DA:644,0
DA:645,0
DA:646,0
DA:652,0
DA:653,0
DA:654,0
DA:655,0
DA:656,0
DA:657,0
DA:658,0
DA:659,0
DA:660,0
DA:661,0
DA:662,0
DA:665,0
DA:669,0
DA:670,0
DA:671,0
DA:673,0
DA:676,0
DA:677,0
DA:681,0
DA:682,0
DA:683,0
DA:688,0
DA:689,0
DA:690,0
DA:691,0
DA:692,0
DA:693,0
DA:694,0
DA:695,0
DA:696,0
DA:697,0
DA:698,0
DA:701,0
DA:702,0
DA:705,0
LF:325
LH:0
BRDA:114,0,0,0
BRDA:128,1,0,0
BRDA:128,1,1,0
BRDA:247,2,0,0
BRDA:247,2,1,0
BRDA:248,3,0,0
BRDA:248,3,1,0
BRDA:252,4,0,0
BRDA:252,4,1,0
BRDA:252,5,0,0
BRDA:252,5,1,0
BRDA:252,6,0,0
BRDA:252,6,1,0
BRDA:289,7,0,0
BRDA:289,7,1,0
BRDA:290,8,0,0
BRDA:290,8,1,0
BRDA:345,9,0,0
BRDA:345,9,1,0
BRDA:345,10,0,0
BRDA:345,10,1,0
BRDA:345,11,0,0
BRDA:345,11,1,0
BRDA:429,12,0,0
BRDA:429,12,1,0
BRDA:440,13,0,0
BRDA:440,13,1,0
BRDA:442,14,0,0
BRDA:442,14,1,0
BRDA:478,15,0,0
BRDA:478,15,1,0
BRDA:480,16,0,0
BRDA:480,16,1,0
BRDA:480,17,0,0
BRDA:480,17,1,0
BRDA:489,18,0,0
BRDA:489,18,1,0
BRDA:489,19,0,0
BRDA:489,19,1,0
BRDA:491,20,0,0
BRDA:491,20,1,0
BRDA:491,21,0,0
BRDA:491,21,1,0
BRDA:493,22,0,0
BRDA:493,22,1,0
BRDA:494,23,0,0
BRDA:494,23,1,0
BRDA:496,24,0,0
BRDA:496,24,1,0
BRDA:497,25,0,0
BRDA:497,25,1,0
BRDA:507,26,0,0
BRDA:507,26,1,0
BRDA:507,27,0,0
BRDA:507,27,1,0
BRDA:509,28,0,0
BRDA:509,28,1,0
BRDA:509,29,0,0
BRDA:509,29,1,0
BRDA:511,30,0,0
BRDA:511,30,1,0
BRDA:512,31,0,0
BRDA:512,31,1,0
BRDA:514,32,0,0
BRDA:514,32,1,0
BRDA:528,33,0,0
BRDA:528,33,1,0
BRDA:537,34,0,0
BRDA:537,34,1,0
BRDA:539,35,0,0
BRDA:539,35,1,0
BRDA:575,36,0,0
BRDA:575,36,1,0
BRDA:610,37,0,0
BRDA:610,37,1,0
BRDA:635,38,0,0
BRDA:635,38,1,0
BRDA:644,39,0,0
BRDA:644,39,1,0
BRDA:644,40,0,0
BRDA:644,40,1,0
BRDA:652,41,0,0
BRDA:652,41,1,0
BRDA:654,42,0,0
BRDA:654,42,1,0
BRDA:654,43,0,0
BRDA:654,43,1,0
BRDA:660,44,0,0
BRDA:660,44,1,0
BRDA:662,45,0,0
BRDA:662,45,1,0
BRDA:670,46,0,0
BRDA:670,46,1,0
BRDA:681,47,0,0
BRDA:681,47,1,0
BRDA:690,48,0,0
BRDA:690,48,1,0
BRDA:695,49,0,0
BRDA:695,49,1,0
BRDA:697,50,0,0
BRDA:697,50,1,0
BRF:101
BRH:0
end_of_record
TN:
SF:src/collections/RunwayExperience.ts
FN:57,(anonymous_9)
FN:95,(anonymous_10)
FN:123,(anonymous_11)
FN:138,(anonymous_12)
FN:147,(anonymous_13)
FN:149,(anonymous_14)
FN:171,(anonymous_15)
FN:180,(anonymous_16)
FN:213,(anonymous_17)
FN:214,(anonymous_18)
FN:223,(anonymous_19)
FN:230,(anonymous_20)
FN:236,(anonymous_21)
FN:238,(anonymous_22)
FNF:14
FNH:0
FNDA:0,(anonymous_9)
FNDA:0,(anonymous_10)
FNDA:0,(anonymous_11)
FNDA:0,(anonymous_12)
FNDA:0,(anonymous_13)
FNDA:0,(anonymous_14)
FNDA:0,(anonymous_15)
FNDA:0,(anonymous_16)
FNDA:0,(anonymous_17)
FNDA:0,(anonymous_18)
FNDA:0,(anonymous_19)
FNDA:0,(anonymous_20)
FNDA:0,(anonymous_21)
FNDA:0,(anonymous_22)
DA:15,0
DA:16,0
DA:17,0
DA:35,0
DA:44,0
DA:51,0
DA:52,0
DA:53,0
DA:54,0
DA:55,0
DA:58,0
DA:59,0
DA:62,0
DA:63,0
DA:64,0
DA:67,0
DA:68,0
DA:69,0
DA:70,0
DA:71,0
DA:72,0
DA:73,0
DA:76,0
DA:82,0
DA:83,0
DA:86,0
DA:87,0
DA:88,0
DA:90,0
DA:91,0
DA:92,0
DA:96,0
DA:99,0
DA:100,0
DA:105,0
DA:106,0
DA:107,0
DA:108,0
DA:111,0
DA:112,0
DA:114,0
DA:115,0
DA:116,0
DA:118,0
DA:119,0
DA:120,0
DA:125,0
DA:126,0
DA:129,0
DA:130,0
DA:131,0
DA:132,0
DA:133,0
DA:134,0
DA:137,0
DA:138,0
DA:139,0
DA:140,0
DA:141,0
DA:142,0
DA:143,0
DA:149,0
DA:151,0
DA:153,0
DA:154,0
DA:159,0
DA:160,0
DA:161,0
DA:162,0
DA:163,0
DA:164,0
DA:165,0
DA:166,0
DA:167,0
DA:172,0
DA:173,0
DA:174,0
DA:175,0
DA:176,0
DA:177,0
DA:181,0
DA:183,0
DA:184,0
DA:186,0
DA:187,0
DA:190,0
DA:191,0
DA:192,0
DA:195,0
DA:198,0
DA:199,0
DA:200,0
DA:201,0
DA:203,0
DA:204,0
DA:205,0
DA:207,0
DA:208,0
DA:214,0
DA:215,0
DA:216,0
DA:217,0
DA:218,0
DA:220,0
DA:224,0
DA:225,0
DA:226,0
DA:231,0
DA:232,0
DA:233,0
DA:237,0
DA:238,0
DA:239,0
DA:240,0
DA:244,0
LF:115
LH:0
BRDA:57,0,0,0
BRDA:139,1,0,0
BRDA:139,1,1,0
BRDA:160,2,0,0
BRDA:160,2,1,0
BRDA:172,3,0,0
BRDA:172,3,1,0
BRDA:177,4,0,0
BRDA:177,4,1,0
BRDA:181,5,0,0
BRDA:181,5,1,0
BRDA:181,6,0,0
BRDA:181,6,1,0
BRDA:184,7,0,0
BRDA:184,7,1,0
BRDA:186,8,0,0
BRDA:186,8,1,0
BRDA:187,9,0,0
BRDA:187,9,1,0
BRDA:198,10,0,0
BRDA:198,10,1,0
BRDA:204,11,0,0
BRDA:204,11,1,0
BRDA:224,12,0,0
BRDA:224,12,1,0
BRF:25
BRH:0
end_of_record
TN:
SF:src/collections/ShowroomExperience.ts
FN:68,(anonymous_9)
FN:111,(anonymous_10)
FN:137,(anonymous_11)
FN:151,(anonymous_12)
FN:157,(anonymous_13)
FN:174,(anonymous_14)
FN:195,(anonymous_15)
FN:208,(anonymous_16)
FN:213,(anonymous_17)
FN:226,(anonymous_18)
FN:227,(anonymous_19)
FN:235,(anonymous_20)
FN:242,(anonymous_21)
FN:248,(anonymous_22)
FN:250,(anonymous_23)
FN:253,(anonymous_24)
FNF:16
FNH:0
FNDA:0,(anonymous_9)
FNDA:0,(anonymous_10)
FNDA:0,(anonymous_11)
FNDA:0,(anonymous_12)
FNDA:0,(anonymous_13)
FNDA:0,(anonymous_14)
FNDA:0,(anonymous_15)
FNDA:0,(anonymous_16)
FNDA:0,(anonymous_17)
FNDA:0,(anonymous_18)
FNDA:0,(anonymous_19)
FNDA:0,(anonymous_20)
FNDA:0,(anonymous_21)
FNDA:0,(anonymous_22)
FNDA:0,(anonymous_23)
FNDA:0,(anonymous_24)
DA:15,0
DA:16,0
DA:17,0
DA:18,0
DA:47,0
DA:57,0
DA:63,0
DA:64,0
DA:66,0
DA:69,0
DA:70,0
DA:72,0
DA:75,0
DA:76,0
DA:77,0
DA:80,0
DA:81,0
DA:82,0
DA:83,0
DA:84,0
DA:85,0
DA:86,0
DA:87,0
DA:90,0
DA:96,0
DA:99,0
DA:100,0
DA:101,0
DA:102,0
DA:103,0
DA:104,0
DA:106,0
DA:107,0
DA:108,0
DA:112,0
DA:115,0
DA:116,0
DA:121,0
DA:122,0
DA:123,0
DA:124,0
DA:127,0
DA:128,0
DA:132,0
DA:133,0
DA:134,0
DA:139,0
DA:140,0
DA:143,0
DA:144,0
DA:145,0
DA:146,0
DA:147,0
DA:148,0
DA:152,0
DA:153,0
DA:159,0
DA:160,0
DA:165,0
DA:166,0
DA:167,0
DA:168,0
DA:169,0
DA:170,0
DA:171,0
DA:175,0
DA:183,0
DA:188,0
DA:189,0
DA:190,0
DA:191,0
DA:192,0
DA:196,0
DA:197,0
DA:200,0
DA:205,0
DA:209,0
DA:210,0
DA:211,0
DA:213,0
DA:214,0
DA:215,0
DA:216,0
DA:218,0
DA:219,0
DA:221,0
DA:223,0
DA:227,0
DA:228,0
DA:229,0
DA:230,0
DA:232,0
DA:236,0
DA:237,0
DA:238,0
DA:243,0
DA:244,0
DA:245,0
DA:249,0
DA:250,0
DA:251,0
DA:253,0
DA:254,0
DA:256,0
DA:257,0
DA:261,0
LF:106
LH:0
BRDA:68,0,0,0
BRDA:115,1,0,0
BRDA:115,1,1,0
BRDA:115,2,0,0
BRDA:115,2,1,0
BRDA:117,3,0,0
BRDA:117,3,1,0
BRDA:127,4,0,0
BRDA:127,4,1,0
BRDA:127,5,0,0
BRDA:127,5,1,0
BRDA:129,6,0,0
BRDA:129,6,1,0
BRDA:133,7,0,0
BRDA:133,7,1,0
BRDA:133,8,0,0
BRDA:133,8,1,0
BRDA:176,9,0,0
BRDA:176,9,1,0
BRDA:197,10,0,0
BRDA:197,10,1,0
BRDA:221,11,0,0
BRDA:221,11,1,0
BRDA:236,12,0,0
BRDA:236,12,1,0
BRF:25
BRH:0
end_of_record
TN:
SF:src/collections/SignatureExperience.ts
FN:112,(anonymous_9)
FN:139,(anonymous_10)
FN:146,(anonymous_11)
FN:158,(anonymous_12)
FN:166,(anonymous_13)
FN:177,(anonymous_14)
FN:189,(anonymous_15)
FN:202,(anonymous_16)
FN:210,(anonymous_17)
FN:232,(anonymous_18)
FN:266,(anonymous_19)
FN:272,(anonymous_20)
FN:280,(anonymous_21)
FN:322,(anonymous_22)
FN:350,(anonymous_23)
FN:397,(anonymous_24)
FN:417,(anonymous_25)
FN:422,(anonymous_26)
FN:455,(anonymous_27)
FN:465,(anonymous_28)
FN:478,(anonymous_29)
FN:485,(anonymous_30)
FN:517,(anonymous_31)
FN:521,(anonymous_32)
FN:525,(anonymous_33)
FN:526,(anonymous_34)
FN:538,(anonymous_35)
FN:559,(anonymous_36)
FN:566,(anonymous_37)
FN:569,(anonymous_38)
FN:570,(anonymous_39)
FN:571,(anonymous_40)
FN:579,(anonymous_41)
FN:580,(anonymous_42)
FNF:34
FNH:0
FNDA:0,(anonymous_9)
FNDA:0,(anonymous_10)
FNDA:0,(anonymous_11)
FNDA:0,(anonymous_12)
FNDA:0,(anonymous_13)
FNDA:0,(anonymous_14)
FNDA:0,(anonymous_15)
FNDA:0,(anonymous_16)
FNDA:0,(anonymous_17)
FNDA:0,(anonymous_18)
FNDA:0,(anonymous_19)
FNDA:0,(anonymous_20)
FNDA:0,(anonymous_21)
FNDA:0,(anonymous_22)
FNDA:0,(anonymous_23)
FNDA:0,(anonymous_24)
FNDA:0,(anonymous_25)
FNDA:0,(anonymous_26)
FNDA:0,(anonymous_27)
FNDA:0,(anonymous_28)
FNDA:0,(anonymous_29)
FNDA:0,(anonymous_30)
FNDA:0,(anonymous_31)
FNDA:0,(anonymous_32)
FNDA:0,(anonymous_33)
FNDA:0,(anonymous_34)
FNDA:0,(anonymous_35)
FNDA:0,(anonymous_36)
FNDA:0,(anonymous_37)
FNDA:0,(anonymous_38)
FNDA:0,(anonymous_39)
FNDA:0,(anonymous_40)
FNDA:0,(anonymous_41)
FNDA:0,(anonymous_42)
DA:17,0
DA:18,0
DA:19,0
DA:20,0
DA:21,0
DA:22,0
DA:54,0
DA:62,0
DA:72,0
DA:83,0
DA:93,0
DA:96,0
DA:97,0
DA:98,0
DA:99,0
DA:100,0
DA:103,0
DA:109,0
DA:110,0
DA:113,0
DA:114,0
DA:115,0
DA:116,0
DA:117,0
DA:118,0
DA:121,0
DA:122,0
DA:123,0
DA:124,0
DA:126,0
DA:127,0
DA:130,0
DA:131,0
DA:132,0
DA:133,0
DA:134,0
DA:136,0
DA:140,0
DA:141,0
DA:142,0
DA:143,0
DA:147,0
DA:148,0
DA:149,0
DA:150,0
DA:151,0
DA:152,0
DA:153,0
DA:154,0
DA:155,0
DA:159,0
DA:160,0
DA:161,0
DA:162,0
DA:163,0
DA:167,0
DA:168,0
DA:169,0
DA:170,0
DA:171,0
DA:172,0
DA:173,0
DA:174,0
DA:178,0
DA:179,0
DA:181,0
DA:186,0
DA:191,0
DA:192,0
DA:196,0
DA:197,0
DA:198,0
DA:199,0
DA:202,0
DA:203,0
DA:207,0
DA:212,0
DA:216,0
DA:217,0
DA:218,0
DA:219,0
DA:220,0
DA:223,0
DA:224,0
DA:227,0
DA:228,0
DA:229,0
DA:233,0
DA:236,0
DA:237,0
DA:241,0
DA:242,0
DA:243,0
DA:244,0
DA:245,0
DA:248,0
DA:249,0
DA:251,0
DA:252,0
DA:253,0
DA:255,0
DA:256,0
DA:257,0
DA:260,0
DA:261,0
DA:262,0
DA:263,0
DA:267,0
DA:272,0
DA:273,0
DA:274,0
DA:275,0
DA:276,0
DA:281,0
DA:284,0
DA:285,0
DA:289,0
DA:290,0
DA:291,0
DA:292,0
DA:295,0
DA:296,0
DA:297,0
DA:302,0
DA:303,0
DA:307,0
DA:308,0
DA:309,0
DA:314,0
DA:315,0
DA:318,0
DA:319,0
DA:323,0
DA:324,0
DA:325,0
DA:330,0
DA:331,0
DA:332,0
DA:333,0
DA:334,0
DA:335,0
DA:336,0
DA:339,0
DA:340,0
DA:345,0
DA:347,0
DA:351,0
DA:354,0
DA:355,0
DA:359,0
DA:360,0
DA:361,0
DA:364,0
DA:365,0
DA:366,0
DA:367,0
DA:370,0
DA:371,0
DA:372,0
DA:373,0
DA:376,0
DA:377,0
DA:382,0
DA:383,0
DA:384,0
DA:389,0
DA:390,0
DA:393,0
DA:394,0
DA:398,0
DA:401,0
DA:402,0
DA:409,0
DA:410,0
DA:412,0
DA:413,0
DA:414,0
DA:418,0
DA:419,0
DA:423,0
DA:424,0
DA:425,0
DA:427,0
DA:430,0
DA:431,0
DA:432,0
DA:433,0
DA:434,0
DA:435,0
DA:436,0
DA:441,0
DA:442,0
DA:443,0
DA:444,0
DA:445,0
DA:446,0
DA:447,0
DA:448,0
DA:449,0
DA:456,0
DA:457,0
DA:458,0
DA:459,0
DA:460,0
DA:462,0
DA:466,0
DA:467,0
DA:468,0
DA:469,0
DA:470,0
DA:471,0
DA:479,0
DA:480,0
DA:482,0
DA:486,0
DA:487,0
DA:490,0
DA:491,0
DA:495,0
DA:496,0
DA:497,0
DA:498,0
DA:501,0
DA:502,0
DA:507,0
DA:508,0
DA:509,0
DA:510,0
DA:512,0
DA:513,0
DA:514,0
DA:518,0
DA:522,0
DA:526,0
DA:527,0
DA:528,0
DA:531,0
DA:532,0
DA:533,0
DA:537,0
DA:538,0
DA:539,0
DA:540,0
DA:541,0
DA:542,0
DA:543,0
DA:548,0
DA:549,0
DA:550,0
DA:552,0
DA:555,0
DA:556,0
DA:560,0
DA:561,0
DA:562,0
DA:567,0
DA:568,0
DA:569,0
DA:570,0
DA:571,0
DA:572,0
DA:573,0
DA:574,0
DA:575,0
DA:576,0
DA:579,0
DA:580,0
DA:583,0
LF:268
LH:0
BRDA:112,0,0,0
BRDA:126,1,0,0
BRDA:126,1,1,0
BRDA:432,2,0,0
BRDA:432,2,1,0
BRDA:432,3,0,0
BRDA:432,3,1,0
BRDA:434,4,0,0
BRDA:434,4,1,0
BRDA:434,5,0,0
BRDA:434,5,1,0
BRDA:436,6,0,0
BRDA:436,6,1,0
BRDA:442,7,0,0
BRDA:442,7,1,0
BRDA:442,8,0,0
BRDA:442,8,1,0
BRDA:444,9,0,0
BRDA:444,9,1,0
BRDA:444,10,0,0
BRDA:444,10,1,0
BRDA:446,11,0,0
BRDA:446,11,1,0
BRDA:447,12,0,0
BRDA:447,12,1,0
BRDA:449,13,0,0
BRDA:449,13,1,0
BRDA:459,14,0,0
BRDA:459,14,1,0
BRDA:471,15,0,0
BRDA:471,15,1,0
BRDA:531,16,0,0
BRDA:531,16,1,0
BRDA:537,17,0,0
BRDA:537,17,1,0
BRDA:541,18,0,0
BRDA:541,18,1,0
BRDA:541,19,0,0
BRDA:541,19,1,0
BRDA:549,20,0,0
BRDA:549,20,1,0
BRDA:560,21,0,0
BRDA:560,21,1,0
BRDA:572,22,0,0
BRDA:572,22,1,0
BRDA:573,23,0,0
BRDA:573,23,1,0
BRDA:575,24,0,0
BRDA:575,24,1,0
BRF:49
BRH:0
end_of_record
TN:
SF:src/services/AgentService.ts
FN:17,(anonymous_0)
FN:26,(anonymous_1)
FN:36,(anonymous_2)
FN:58,(anonymous_3)
FN:75,(anonymous_4)
FN:92,(anonymous_5)
FN:99,(anonymous_6)
FN:106,(anonymous_7)
FN:107,(anonymous_8)
FN:113,(anonymous_9)
FN:142,(anonymous_10)
FN:152,(anonymous_11)
FN:204,(anonymous_12)
FN:208,(anonymous_13)
FN:237,(anonymous_14)
FN:244,(anonymous_15)
FN:251,(anonymous_16)
FN:252,(anonymous_17)
FN:258,(anonymous_18)
FN:277,(anonymous_19)
FN:279,(anonymous_20)
FN:292,(anonymous_21)
FNF:22
FNH:22
FNDA:31,(anonymous_0)
FNDA:31,(anonymous_1)
FNDA:186,(anonymous_2)
FNDA:186,(anonymous_3)
FNDA:186,(anonymous_4)
FNDA:35,(anonymous_5)
FNDA:2,(anonymous_6)
FNDA:25,(anonymous_7)
FNDA:150,(anonymous_8)
FNDA:17,(anonymous_9)
FNDA:1,(anonymous_10)
FNDA:16,(anonymous_11)
FNDA:13,(anonymous_12)
FNDA:13,(anonymous_13)
FNDA:5,(anonymous_14)
FNDA:8,(anonymous_15)
FNDA:7,(anonymous_16)
FNDA:9,(anonymous_17)
FNDA:3,(anonymous_18)
FNDA:3,(anonymous_19)
FNDA:18,(anonymous_20)
FNDA:18,(anonymous_21)
DA:7,1
DA:8,1
DA:9,1
DA:11,1
DA:12,31
DA:13,31
DA:14,31
DA:18,31
DA:19,31
DA:20,31
DA:27,31
DA:36,31
DA:37,186
DA:48,186
DA:49,186
DA:52,31
DA:59,186
DA:69,186
DA:76,186
DA:86,186
DA:93,35
DA:100,2
DA:107,150
DA:119,17
DA:120,17
DA:121,1
DA:125,16
DA:127,16
DA:138,16
DA:139,16
DA:142,16
DA:143,1
DA:146,16
DA:153,16
DA:154,16
DA:155,1
DA:158,15
DA:159,1
DA:161,1
DA:164,14
DA:165,14
DA:166,14
DA:168,14
DA:169,14
DA:171,14
DA:173,14
DA:175,11
DA:176,11
DA:177,11
DA:178,11
DA:180,11
DA:181,11
DA:183,1
DA:190,1
DA:191,1
DA:192,1
DA:194,1
DA:195,1
DA:197,12
DA:205,13
DA:208,13
DA:210,11
DA:212,11
DA:238,5
DA:245,8
DA:252,9
DA:259,3
DA:260,3
DA:261,1
DA:264,2
DA:265,2
DA:266,2
DA:268,2
DA:269,2
DA:271,2
DA:278,3
DA:279,18
DA:280,3
DA:281,3
DA:282,3
DA:283,3
DA:285,3
DA:292,18
LF:83
LH:83
BRDA:69,0,0,186
BRDA:69,0,1,0
BRDA:86,1,0,186
BRDA:86,1,1,0
BRDA:117,2,0,16
BRDA:120,3,0,1
BRDA:120,3,1,16
BRDA:154,4,0,1
BRDA:154,4,1,15
BRDA:158,5,0,1
BRDA:158,5,1,14
BRDA:185,6,0,1
BRDA:185,6,1,0
BRDA:187,7,0,1
BRDA:187,7,1,0
BRDA:187,8,0,1
BRDA:187,8,1,1
BRDA:260,9,0,1
BRDA:260,9,1,2
BRDA:260,10,0,3
BRDA:260,10,1,2
BRDA:260,10,2,2
BRF:22
BRH:18
end_of_record
TN:
SF:src/services/OpenAIService.ts
FN:74,(anonymous_0)
FN:87,(anonymous_1)
FN:150,(anonymous_2)
FN:168,(anonymous_3)
FN:188,(anonymous_4)
FN:203,(anonymous_5)
FN:224,(anonymous_6)
FN:231,(anonymous_7)
FN:246,(anonymous_8)
FNF:9
FNH:0
FNDA:0,(anonymous_0)
FNDA:0,(anonymous_1)
FNDA:0,(anonymous_2)
FNDA:0,(anonymous_3)
FNDA:0,(anonymous_4)
FNDA:0,(anonymous_5)
FNDA:0,(anonymous_6)
FNDA:0,(anonymous_7)
FNDA:0,(anonymous_8)
DA:6,0
DA:7,0
DA:69,0
DA:75,0
DA:76,0
DA:77,0
DA:79,0
DA:80,0
DA:92,0
DA:93,0
DA:95,0
DA:96,0
DA:106,0
DA:107,0
DA:110,0
DA:112,0
DA:113,0
DA:115,0
DA:116,0
DA:117,0
DA:120,0
DA:126,0
DA:137,0
DA:138,0
DA:143,0
DA:151,0
DA:162,0
DA:169,0
DA:182,0
DA:189,0
DA:197,0
DA:207,0
DA:214,0
DA:225,0
DA:235,0
DA:240,0
DA:255,0
DA:256,0
DA:267,0
LF:39
LH:0
BRDA:79,0,0,0
BRDA:79,0,1,0
BRDA:89,1,0,0
BRDA:106,2,0,0
BRDA:106,2,1,0
BRDA:115,3,0,0
BRDA:115,3,1,0
BRDA:117,4,0,0
BRDA:117,4,1,0
BRDA:130,5,0,0
BRDA:130,5,1,0
BRDA:152,6,0,0
BRDA:152,6,1,0
BRDA:154,7,0,0
BRDA:154,7,1,0
BRDA:155,8,0,0
BRDA:155,8,1,0
BRDA:170,9,0,0
BRDA:170,9,1,0
BRDA:172,10,0,0
BRDA:172,10,1,0
BRDA:173,11,0,0
BRDA:173,11,1,0
BRDA:191,12,0,0
BRDA:191,12,1,0
BRDA:192,13,0,0
BRDA:192,13,1,0
BRDA:193,14,0,0
BRDA:193,14,1,0
BRDA:194,15,0,0
BRDA:194,15,1,0
BRDA:205,16,0,0
BRDA:233,17,0,0
BRF:33
BRH:0
end_of_record
TN:
SF:src/services/ThreeJSService.ts
FN:42,(anonymous_9)
FN:49,(anonymous_10)
FN:112,(anonymous_11)
FN:131,(anonymous_12)
FN:150,(anonymous_13)
FN:169,(anonymous_14)
FN:189,(anonymous_15)
FN:199,(anonymous_16)
FN:207,(anonymous_17)
FN:212,(anonymous_18)
FN:229,(anonymous_19)
FN:240,(anonymous_20)
FN:251,(anonymous_21)
FN:268,(anonymous_22)
FN:288,(anonymous_23)
FN:295,(anonymous_24)
FN:302,(anonymous_25)
FNF:17
FNH:0
FNDA:0,(anonymous_9)
FNDA:0,(anonymous_10)
FNDA:0,(anonymous_11)
FNDA:0,(anonymous_12)
FNDA:0,(anonymous_13)
FNDA:0,(anonymous_14)
FNDA:0,(anonymous_15)
FNDA:0,(anonymous_16)
FNDA:0,(anonymous_17)
FNDA:0,(anonymous_18)
FNDA:0,(anonymous_19)
FNDA:0,(anonymous_20)
FNDA:0,(anonymous_21)
FNDA:0,(anonymous_22)
FNDA:0,(anonymous_23)
FNDA:0,(anonymous_24)
FNDA:0,(anonymous_25)
DA:6,0
DA:7,0
DA:8,0
DA:35,0
DA:37,0
DA:38,0
DA:39,0
DA:40,0
DA:43,0
DA:55,0
DA:57,0
DA:59,0
DA:60,0
DA:63,0
DA:64,0
DA:68,0
DA:75,0
DA:76,0
DA:78,0
DA:79,0
DA:80,0
DA:83,0
DA:86,0
DA:93,0
DA:94,0
DA:96,0
DA:100,0
DA:102,0
DA:104,0
DA:105,0
DA:113,0
DA:116,0
DA:117,0
DA:120,0
DA:121,0
DA:122,0
DA:123,0
DA:124,0
DA:125,0
DA:136,0
DA:137,0
DA:138,0
DA:140,0
DA:141,0
DA:142,0
DA:144,0
DA:155,0
DA:156,0
DA:157,0
DA:159,0
DA:160,0
DA:161,0
DA:163,0
DA:175,0
DA:176,0
DA:177,0
DA:179,0
DA:180,0
DA:181,0
DA:183,0
DA:190,0
DA:191,0
DA:193,0
DA:200,0
DA:201,0
DA:208,0
DA:209,0
DA:212,0
DA:213,0
DA:215,0
DA:216,0
DA:219,0
DA:222,0
DA:223,0
DA:230,0
DA:231,0
DA:232,0
DA:233,0
DA:241,0
DA:243,0
DA:244,0
DA:245,0
DA:252,0
DA:253,0
DA:256,0
DA:269,0
DA:271,0
DA:272,0
DA:273,0
DA:276,0
DA:277,0
DA:278,0
DA:281,0
DA:282,0
DA:289,0
DA:296,0
DA:303,0
DA:308,0
LF:98
LH:0
BRDA:51,0,0,0
BRDA:52,1,0,0
BRDA:53,2,0,0
BRDA:59,3,0,0
BRDA:59,3,1,0
BRDA:63,4,0,0
BRDA:63,4,1,0
BRDA:69,5,0,0
BRDA:69,5,1,0
BRDA:70,6,0,0
BRDA:70,6,1,0
BRDA:71,7,0,0
BRDA:71,7,1,0
BRDA:72,8,0,0
BRDA:72,8,1,0
BRDA:78,9,0,0
BRDA:78,9,1,0
BRDA:78,10,0,0
BRDA:78,10,1,0
BRDA:87,11,0,0
BRDA:87,11,1,0
BRDA:88,12,0,0
BRDA:88,12,1,0
BRDA:89,13,0,0
BRDA:89,13,1,0
BRDA:90,14,0,0
BRDA:90,14,1,0
BRDA:93,15,0,0
BRDA:93,15,1,0
BRDA:113,16,0,0
BRDA:113,16,1,0
BRDA:132,17,0,0
BRDA:133,18,0,0
BRDA:134,19,0,0
BRDA:151,20,0,0
BRDA:152,21,0,0
BRDA:153,22,0,0
BRDA:170,23,0,0
BRDA:171,24,0,0
BRDA:172,25,0,0
BRDA:173,26,0,0
BRDA:190,27,0,0
BRDA:190,27,1,0
BRDA:200,28,0,0
BRDA:200,28,1,0
BRDA:208,29,0,0
BRDA:208,29,1,0
BRDA:208,30,0,0
BRDA:208,30,1,0
BRDA:208,30,2,0
BRDA:215,31,0,0
BRDA:215,31,1,0
BRDA:230,32,0,0
BRDA:230,32,1,0
BRDA:241,33,0,0
BRDA:241,33,1,0
BRDA:241,34,0,0
BRDA:241,34,1,0
BRDA:252,35,0,0
BRDA:252,35,1,0
BRDA:252,36,0,0
BRDA:252,36,1,0
BRDA:261,37,0,0
BRDA:261,37,1,0
BRDA:271,38,0,0
BRDA:271,38,1,0
BRDA:276,39,0,0
BRDA:276,39,1,0
BRF:68
BRH:0
end_of_record
TN:
SF:src/utils/Logger.ts
FN:34,(anonymous_0)
FN:45,(anonymous_1)
FN:52,(anonymous_2)
FN:77,(anonymous_3)
FN:102,(anonymous_4)
FN:116,(anonymous_5)
FN:123,(anonymous_6)
FN:136,(anonymous_7)
FN:150,(anonymous_8)
FN:167,(anonymous_9)
FN:174,(anonymous_10)
FN:181,(anonymous_11)
FN:188,(anonymous_12)
FN:207,(anonymous_13)
FN:226,(anonymous_14)
FN:241,(anonymous_15)
FN:251,(anonymous_16)
FN:258,(anonymous_17)
FN:265,(anonymous_18)
FN:272,(anonymous_19)
FN:284,(anonymous_20)
FNF:21
FNH:0
FNDA:0,(anonymous_0)
FNDA:0,(anonymous_1)
FNDA:0,(anonymous_2)
FNDA:0,(anonymous_3)
FNDA:0,(anonymous_4)
FNDA:0,(anonymous_5)
FNDA:0,(anonymous_6)
FNDA:0,(anonymous_7)
FNDA:0,(anonymous_8)
FNDA:0,(anonymous_9)
FNDA:0,(anonymous_10)
FNDA:0,(anonymous_11)
FNDA:0,(anonymous_12)
FNDA:0,(anonymous_13)
FNDA:0,(anonymous_14)
FNDA:0,(anonymous_15)
FNDA:0,(anonymous_16)
FNDA:0,(anonymous_17)
FNDA:0,(anonymous_18)
FNDA:0,(anonymous_19)
FNDA:0,(anonymous_20)
DA:7,0
DA:19,0
DA:26,0
DA:35,0
DA:36,0
DA:37,0
DA:38,0
DA:39,0
DA:46,0
DA:53,0
DA:61,0
DA:62,0
DA:63,0
DA:66,0
DA:67,0
DA:68,0
DA:71,0
DA:78,0
DA:79,0
DA:80,0
DA:82,0
DA:84,0
DA:85,0
DA:88,0
DA:89,0
DA:92,0
DA:93,0
DA:96,0
DA:103,0
DA:110,0
DA:117,0
DA:124,0
DA:126,0
DA:127,0
DA:128,0
DA:130,0
DA:137,0
DA:151,0
DA:153,0
DA:155,0
DA:156,0
DA:159,0
DA:160,0
DA:168,0
DA:175,0
DA:182,0
DA:189,0
DA:191,0
DA:192,0
DA:197,0
DA:198,0
DA:201,0
DA:208,0
DA:210,0
DA:211,0
DA:216,0
DA:217,0
DA:220,0
DA:227,0
DA:233,0
DA:234,0
DA:237,0
DA:240,0
DA:241,0
DA:242,0
DA:245,0
DA:252,0
DA:259,0
DA:266,0
DA:273,0
DA:274,0
DA:275,0
DA:281,0
DA:284,0
DA:285,0
LF:75
LH:0
BRDA:34,0,0,0
BRDA:36,1,0,0
BRDA:36,1,1,0
BRDA:36,1,2,0
BRDA:37,2,0,0
BRDA:37,2,1,0
BRDA:38,3,0,0
BRDA:38,3,1,0
BRDA:52,4,0,0
BRDA:62,5,0,0
BRDA:62,5,1,0
BRDA:67,6,0,0
BRDA:67,6,1,0
BRDA:84,7,0,0
BRDA:84,7,1,0
BRDA:88,8,0,0
BRDA:88,8,1,0
BRDA:92,9,0,0
BRDA:92,9,1,0
BRDA:110,10,0,0
BRDA:110,10,1,0
BRDA:124,11,0,0
BRDA:124,11,1,0
BRDA:137,12,0,0
BRDA:137,12,1,0
BRDA:137,13,0,0
BRDA:137,13,1,0
BRDA:150,14,0,0
BRDA:151,15,0,0
BRDA:151,15,1,0
BRDA:159,16,0,0
BRDA:159,16,1,0
BRDA:159,17,0,0
BRDA:159,17,1,0
BRDA:191,18,0,0
BRDA:191,18,1,0
BRDA:197,19,0,0
BRDA:197,19,1,0
BRDA:210,20,0,0
BRDA:210,20,1,0
BRDA:216,21,0,0
BRDA:216,21,1,0
BRDA:233,22,0,0
BRDA:233,22,1,0
BRDA:241,23,0,0
BRDA:274,24,0,0
BRDA:274,24,1,0
BRF:47
BRH:0
end_of_record
